#
# There is insufficient memory for the Java Runtime Environment to continue.
# Native memory allocation (malloc) failed to allocate 32744 bytes for ChunkPool::allocate
# Possible reasons:
#   The system is out of physical RAM or swap space
#   The process is running with CompressedOops enabled, and the Java Heap may be blocking the growth of the native heap
# Possible solutions:
#   Reduce memory load on the system
#   Increase physical memory or swap space
#   Check if swap backing store is full
#   Decrease Java heap size (-Xmx/-Xms)
#   Decrease number of Java threads
#   Decrease Java thread stack sizes (-Xss)
#   Set larger code cache with -XX:ReservedCodeCacheSize=
#   JVM is running with Zero Based Compressed Oops mode in which the Java heap is
#     placed in the first 32GB address space. The Java Heap base address is the
#     maximum limit for the native heap growth. Please use -XX:HeapBaseMinAddress
#     to set the Java Heap base and to place the Java Heap above 32GB virtual address.
# This output file may be truncated or incomplete.
#
#  Out of Memory Error (t:/workspace/open/src/hotspot/share/memory/arena.cpp:81), pid=31420, tid=42920
#
# JRE version: Java(TM) SE Runtime Environment (11.0.1+13) (build 11.0.1+13-LTS)
# Java VM: Java HotSpot(TM) 64-Bit Server VM (11.0.1+13-LTS, mixed mode, tiered, compressed oops, g1 gc, windows-amd64)
# No core dump will be written. Minidumps are not enabled by default on client versions of Windows
#

---------------  S U M M A R Y ------------

Command Line: -agentlib:jdwp=transport=dt_socket,address=127.0.0.1:57713,suspend=y,server=n -XX:TieredStopAtLevel=1 -Xverify:none -Dspring.output.ansi.enabled=always -Dcom.sun.management.jmxremote -Dcom.sun.management.jmxremote.port=57712 -Dcom.sun.management.jmxremote.authenticate=false -Dcom.sun.management.jmxremote.ssl=false -Djava.rmi.server.hostname=localhost -Dspring.liveBeansView.mbeanDomain -Dspring.application.admin.enabled=true -javaagent:C:\Users\chen\.IntelliJIdea2018.2\system\captureAgent\debugger-agent.jar=file:/C:/Users/chen/AppData/Local/Temp/capture5121.props -Dfile.encoding=UTF-8 yhao.micro.web.surety.WebSuretyApplication

Host: Intel(R) Core(TM) i7-7700 CPU @ 3.60GHz, 8 cores, 15G,  Windows 10 , 64 bit Build 17134 (10.0.17134.1)
Time: Tue Jan 22 21:21:21 2019 ?D1¨²¡À¨º¡Á?¨º¡À?? elapsed time: 18424 seconds (0d 5h 7m 4s)

---------------  T H R E A D  ---------------

Current thread (0x0000014eda978000):  VMThread "VM Thread" [stack: 0x00000027ab000000,0x00000027ab100000] [id=42920] _threads_hazard_ptr=0x0000014ede55dfb0

Stack: [0x00000027ab000000,0x00000027ab100000]
[error occurred during error reporting (printing stack bounds), id 0xc0000005, EXCEPTION_ACCESS_VIOLATION (0xc0000005) at pc=0x0000014ebeb60bad]

Native frames: (J=compiled Java code, j=interpreted, Vv=VM code, C=native code)
V  [jvm.dll+0x63c21a]
V  [jvm.dll+0x7797df]
V  [jvm.dll+0x77adca]
V  [jvm.dll+0x77b3e5]
V  [jvm.dll+0x77b39b]
V  [jvm.dll+0x63b916]
V  [jvm.dll+0x63bce8]
C  [ntdll.dll+0x9f7dd]
C  [ntdll.dll+0xd856]
C  [ntdll.dll+0x9e70e]
C  0x0000014ebeb60bad

VM_Operation (0x00000027acefe550): BulkRevokeBias, mode: safepoint, requested by thread 0x0000014ede766800


---------------  P R O C E S S  ---------------

Threads class SMR info:
_java_thread_list=0x0000014ede55dfb0, length=101, elements={
0x0000014eda979000, 0x0000014eda97a800, 0x0000014edaa1a000, 0x0000014edaa1c000,
0x0000014edaa1f000, 0x0000014edaa2c000, 0x0000014edac0f000, 0x0000014edac5a000,
0x0000014edac91000, 0x0000014edac94000, 0x0000014edb316000, 0x0000014edb7a8000,
0x0000014edb816000, 0x0000014edb843800, 0x0000014edc228000, 0x0000014edb783000,
0x0000014ede768000, 0x0000014ede765800, 0x0000014ede769800, 0x0000014ede767000,
0x0000014ede769000, 0x0000014ede766800, 0x0000014ede770000, 0x0000014ede76e800,
0x0000014ede76d800, 0x0000014ede76c000, 0x0000014ede76f800, 0x0000014ede772000,
0x0000014ede772800, 0x0000014ede76d000, 0x0000014ede773800, 0x0000014ede774000,
0x0000014eddfed000, 0x0000014eddfee000, 0x0000014eddfef000, 0x0000014ee07a9000,
0x0000014ee07ad000, 0x0000014ee07ab800, 0x0000014ee07ac800, 0x0000014ee07aa000,
0x0000014ee07af800, 0x0000014ee07af000, 0x0000014ee07ae000, 0x0000014ee07ab000,
0x0000014ee07b4000, 0x0000014ee07b2000, 0x0000014ee07b4800, 0x0000014ee07b5800,
0x0000014ee07b7000, 0x0000014ee07b1800, 0x0000014ee07b8000, 0x0000014ede76a800,
0x0000014ede771000, 0x0000014ede76b800, 0x0000014ee0402800, 0x0000014ee0401000,
0x0000014ee0405000, 0x0000014ee0404800, 0x0000014ee0402000, 0x0000014ee0409000,
0x0000014ee0407800, 0x0000014ee0403800, 0x0000014ee040a000, 0x0000014ee0408800,
0x0000014ee0406800, 0x0000014ee040b800, 0x0000014ee0406000, 0x0000014ee040e000,
0x0000014ee040d800, 0x0000014ee040c800, 0x0000014ee0400000, 0x0000014ee040b000,
0x0000014ee07b3000, 0x0000014ee05c0800, 0x0000014ee05c1800, 0x0000014ee05c0000,
0x0000014ee05c2800, 0x0000014ee05c3000, 0x0000014ee05c4000, 0x0000014ee05c5000,
0x0000014ee05bf000, 0x0000014ee05c6800, 0x0000014ee05c9800, 0x0000014ee05cb800,
0x0000014ee05c7800, 0x0000014ee05c5800, 0x0000014ee05ca800, 0x0000014ee05c8000,
0x0000014ee05cc000, 0x0000014ee05c9000, 0x0000014ee05cd000, 0x0000014ee05ce000,
0x0000014ee0e54000, 0x0000014ee0e55000, 0x0000014ee0e58000, 0x0000014ee0e59000,
0x0000014ee0e57800, 0x0000014ee0e56800, 0x0000014ee0e5b800, 0x0000014ee0e5a800,
0x0000014ee0e53800
}

Java Threads: ( => current thread )
  0x0000014eda979000 JavaThread "Reference Handler" daemon [_thread_blocked, id=47160, stack(0x00000027ab100000,0x00000027ab200000)]
  0x0000014eda97a800 JavaThread "Finalizer" daemon [_thread_blocked, id=48936, stack(0x00000027ab200000,0x00000027ab300000)]
  0x0000014edaa1a000 JavaThread "Signal Dispatcher" daemon [_thread_blocked, id=20196, stack(0x00000027ab300000,0x00000027ab400000)]
  0x0000014edaa1c000 JavaThread "Attach Listener" daemon [_thread_blocked, id=47372, stack(0x00000027ab400000,0x00000027ab500000)]
  0x0000014edaa1f000 JavaThread "C1 CompilerThread0" daemon [_thread_blocked, id=36132, stack(0x00000027ab500000,0x00000027ab600000)]
  0x0000014edaa2c000 JavaThread "Sweeper thread" daemon [_thread_blocked, id=40824, stack(0x00000027ab600000,0x00000027ab700000)]
  0x0000014edac0f000 JavaThread "Common-Cleaner" daemon [_thread_blocked, id=43928, stack(0x00000027ab700000,0x00000027ab800000)]
  0x0000014edac5a000 JavaThread "JDWP Transport Listener: dt_socket" daemon [_thread_blocked, id=37428, stack(0x00000027ab800000,0x00000027ab900000)]
  0x0000014edac91000 JavaThread "JDWP Event Helper Thread" daemon [_thread_blocked, id=46140, stack(0x00000027ab900000,0x00000027aba00000)]
  0x0000014edac94000 JavaThread "JDWP Command Reader" daemon [_thread_in_native, id=44124, stack(0x00000027aba00000,0x00000027abb00000)]
  0x0000014edb316000 JavaThread "Service Thread" daemon [_thread_blocked, id=40240, stack(0x00000027abc00000,0x00000027abd00000)]
  0x0000014edb7a8000 JavaThread "RMI TCP Accept-0" daemon [_thread_in_native, id=47132, stack(0x00000027abd00000,0x00000027abe00000)]
  0x0000014edb816000 JavaThread "RMI TCP Accept-57712" daemon [_thread_in_native, id=42852, stack(0x00000027abe00000,0x00000027abf00000)]
  0x0000014edb843800 JavaThread "RMI TCP Accept-0" daemon [_thread_in_native, id=23728, stack(0x00000027abf00000,0x00000027ac000000)]
  0x0000014edc228000 JavaThread "RMI Scheduler(0)" daemon [_thread_blocked, id=43712, stack(0x00000027acb00000,0x00000027acc00000)]
  0x0000014edb783000 JavaThread "spring.cloud.inetutils" daemon [_thread_blocked, id=44608, stack(0x00000027ac800000,0x00000027ac900000)]
  0x0000014ede768000 JavaThread "ContainerBackgroundProcessor[StandardEngine[Tomcat]]" daemon [_thread_blocked, id=48072, stack(0x00000027ad600000,0x00000027ad700000)]
  0x0000014ede765800 JavaThread "container-0" [_thread_blocked, id=45768, stack(0x00000027ad700000,0x00000027ad800000)]
  0x0000014ede769800 JavaThread "RxIoScheduler-1 (Evictor)" daemon [_thread_blocked, id=41784, stack(0x00000027ad800000,0x00000027ad900000)]
  0x0000014ede767000 JavaThread "commons-pool-EvictionTimer" daemon [_thread_blocked, id=24220, stack(0x00000027ad900000,0x00000027ada00000)]
  0x0000014ede769000 JavaThread "Eureka-JerseyClient-Conn-Cleaner2" daemon [_thread_blocked, id=20332, stack(0x00000027aca00000,0x00000027acb00000)]
  0x0000014ede766800 JavaThread "Eureka-JerseyClient-Conn-Cleaner2" daemon [_thread_blocked, id=47000, stack(0x00000027ace00000,0x00000027acf00000)]
  0x0000014ede770000 JavaThread "AsyncResolver-bootstrap-0" daemon [_thread_blocked, id=44760, stack(0x00000027acf00000,0x00000027ad000000)]
  0x0000014ede76e800 JavaThread "DiscoveryClient-0" daemon [_thread_blocked, id=47580, stack(0x00000027ad000000,0x00000027ad100000)]
  0x0000014ede76d800 JavaThread "DiscoveryClient-1" daemon [_thread_blocked, id=42760, stack(0x00000027ad200000,0x00000027ad300000)]
  0x0000014ede76c000 JavaThread "DiscoveryClient-InstanceInfoReplicator-0" daemon [_thread_blocked, id=41524, stack(0x00000027ada00000,0x00000027adb00000)]
  0x0000014ede76f800 JavaThread "HystrixMetricPoller" daemon [_thread_blocked, id=45764, stack(0x00000027adc00000,0x00000027add00000)]
  0x0000014ede772000 JavaThread "NioBlockingSelector.BlockPoller-1" daemon [_thread_in_native, id=30632, stack(0x00000027ade00000,0x00000027adf00000)]
  0x0000014ede772800 JavaThread "http-nio-61001-exec-1" daemon [_thread_blocked, id=48120, stack(0x00000027adf00000,0x00000027ae000000)]
  0x0000014ede76d000 JavaThread "http-nio-61001-exec-2" daemon [_thread_blocked, id=45696, stack(0x00000027ae000000,0x00000027ae100000)]
  0x0000014ede773800 JavaThread "http-nio-61001-exec-3" daemon [_thread_blocked, id=40048, stack(0x00000027ae100000,0x00000027ae200000)]
  0x0000014ede774000 JavaThread "http-nio-61001-exec-4" daemon [_thread_blocked, id=44748, stack(0x00000027ae200000,0x00000027ae300000)]
  0x0000014eddfed000 JavaThread "http-nio-61001-exec-5" daemon [_thread_blocked, id=45600, stack(0x00000027ae300000,0x00000027ae400000)]
  0x0000014eddfee000 JavaThread "http-nio-61001-exec-6" daemon [_thread_blocked, id=43528, stack(0x00000027ae400000,0x00000027ae500000)]
  0x0000014eddfef000 JavaThread "http-nio-61001-exec-7" daemon [_thread_blocked, id=40144, stack(0x00000027ae500000,0x00000027ae600000)]
  0x0000014ee07a9000 JavaThread "http-nio-61001-exec-8" daemon [_thread_blocked, id=45668, stack(0x00000027ae600000,0x00000027ae700000)]
  0x0000014ee07ad000 JavaThread "http-nio-61001-exec-9" daemon [_thread_blocked, id=41736, stack(0x00000027ae700000,0x00000027ae800000)]
  0x0000014ee07ab800 JavaThread "http-nio-61001-exec-10" daemon [_thread_blocked, id=48512, stack(0x00000027ae800000,0x00000027ae900000)]
  0x0000014ee07ac800 JavaThread "http-nio-61001-ClientPoller-0" daemon [_thread_in_native, id=18640, stack(0x00000027add00000,0x00000027ade00000)]
  0x0000014ee07aa000 JavaThread "http-nio-61001-ClientPoller-1" daemon [_thread_in_native, id=40572, stack(0x00000027ae900000,0x00000027aea00000)]
  0x0000014ee07af800 JavaThread "http-nio-61001-Acceptor-0" daemon [_thread_in_native, id=46460, stack(0x00000027aea00000,0x00000027aeb00000)]
  0x0000014ee07af000 JavaThread "http-nio-61001-AsyncTimeout" daemon [_thread_blocked, id=38572, stack(0x00000027aeb00000,0x00000027aec00000)]
  0x0000014ee07ae000 JavaThread "DestroyJavaVM" [_thread_blocked, id=44312, stack(0x00000027aaa00000,0x00000027aab00000)]
  0x0000014ee07ab000 JavaThread "DiscoveryClient-HeartbeatExecutor-0" daemon [_thread_blocked, id=37028, stack(0x00000027ad400000,0x00000027ad500000)]
  0x0000014ee07b4000 JavaThread "DiscoveryClient-CacheRefreshExecutor-0" daemon [_thread_blocked, id=45160, stack(0x00000027aed00000,0x00000027aee00000)]
  0x0000014ee07b2000 JavaThread "RxScheduledExecutorPool-1" daemon [_thread_blocked, id=36252, stack(0x00000027ad500000,0x00000027ad600000)]
  0x0000014ee07b4800 JavaThread "RxScheduledExecutorPool-2" daemon [_thread_blocked, id=43472, stack(0x00000027aef00000,0x00000027af000000)]
  0x0000014ee07b5800 JavaThread "RxComputationScheduler-1" daemon [_thread_blocked, id=48064, stack(0x00000027af100000,0x00000027af200000)]
  0x0000014ee07b7000 JavaThread "HystrixTimer-1" daemon [_thread_blocked, id=47176, stack(0x00000027af200000,0x00000027af300000)]
  0x0000014ee07b1800 JavaThread "hystrix-service-surety-erp-auth-1" daemon [_thread_blocked, id=41972, stack(0x00000027af300000,0x00000027af400000)]
  0x0000014ee07b8000 JavaThread "RibbonApacheHttpClientConfiguration.connectionManagerTimer" daemon [_thread_blocked, id=48780, stack(0x00000027af400000,0x00000027af500000)]
  0x0000014ede76a800 JavaThread "NFLoadBalancer-PingTimer-service-surety-erp-auth" daemon [_thread_blocked, id=46084, stack(0x00000027af500000,0x00000027af600000)]
  0x0000014ede771000 JavaThread "PollingServerListUpdater-0" daemon [_thread_blocked, id=47688, stack(0x00000027af600000,0x00000027af700000)]
  0x0000014ede76b800 JavaThread "DataPublisher" daemon [_thread_blocked, id=11832, stack(0x00000027af700000,0x00000027af800000)]
  0x0000014ee0402800 JavaThread "HystrixTimer-2" daemon [_thread_blocked, id=46732, stack(0x00000027af900000,0x00000027afa00000)]
  0x0000014ee0401000 JavaThread "hystrix-service-surety-erp-auth-2" daemon [_thread_blocked, id=21544, stack(0x00000027afa00000,0x00000027afb00000)]
  0x0000014ee0405000 JavaThread "RxComputationScheduler-2" daemon [_thread_blocked, id=15332, stack(0x00000027afb00000,0x00000027afc00000)]
  0x0000014ee0404800 JavaThread "RxComputationScheduler-3" daemon [_thread_blocked, id=43184, stack(0x00000027afc00000,0x00000027afd00000)]
  0x0000014ee0402000 JavaThread "RxComputationScheduler-4" daemon [_thread_blocked, id=43016, stack(0x00000027afd00000,0x00000027afe00000)]
  0x0000014ee0409000 JavaThread "RxComputationScheduler-5" daemon [_thread_blocked, id=46032, stack(0x00000027afe00000,0x00000027aff00000)]
  0x0000014ee0407800 JavaThread "RxComputationScheduler-6" daemon [_thread_blocked, id=48188, stack(0x00000027aff00000,0x00000027b0000000)]
  0x0000014ee0403800 JavaThread "RxComputationScheduler-7" daemon [_thread_blocked, id=48864, stack(0x00000027b0000000,0x00000027b0100000)]
  0x0000014ee040a000 JavaThread "RxComputationScheduler-8" daemon [_thread_blocked, id=33020, stack(0x00000027b0200000,0x00000027b0300000)]
  0x0000014ee0408800 JavaThread "HystrixTimer-3" daemon [_thread_blocked, id=40044, stack(0x00000027b0300000,0x00000027b0400000)]
  0x0000014ee0406800 JavaThread "hystrix-ProcessRemote-1" daemon [_thread_blocked, id=46272, stack(0x00000027b0400000,0x00000027b0500000)]
  0x0000014ee040b800 JavaThread "HystrixTimer-4" daemon [_thread_blocked, id=37484, stack(0x00000027b0500000,0x00000027b0600000)]
  0x0000014ee0406000 JavaThread "hystrix-service-surety-workflow-ql-1" daemon [_thread_blocked, id=42664, stack(0x00000027b0600000,0x00000027b0700000)]
  0x0000014ee040e000 JavaThread "RibbonApacheHttpClientConfiguration.connectionManagerTimer" daemon [_thread_blocked, id=48436, stack(0x00000027b0700000,0x00000027b0800000)]
  0x0000014ee040d800 JavaThread "NFLoadBalancer-PingTimer-service-surety-workflow-ql" daemon [_thread_blocked, id=48596, stack(0x00000027b0800000,0x00000027b0900000)]
  0x0000014ee040c800 JavaThread "PollingServerListUpdater-1" daemon [_thread_blocked, id=2400, stack(0x00000027b0900000,0x00000027b0a00000)]
  0x0000014ee0400000 JavaThread "HystrixTimer-5" daemon [_thread_blocked, id=38988, stack(0x00000027aa700000,0x00000027aa800000)]
  0x0000014ee040b000 JavaThread "hystrix-service-surety-erp-auth-3" daemon [_thread_blocked, id=18440, stack(0x00000027aa800000,0x00000027aa900000)]
  0x0000014ee07b3000 JavaThread "HystrixTimer-6" daemon [_thread_blocked, id=46716, stack(0x00000027af000000,0x00000027af100000)]
  0x0000014ee05c0800 JavaThread "hystrix-service-surety-erp-auth-4" daemon [_thread_blocked, id=5976, stack(0x00000027af800000,0x00000027af900000)]
  0x0000014ee05c1800 JavaThread "HystrixTimer-7" daemon [_thread_blocked, id=43088, stack(0x00000027b0100000,0x00000027b0200000)]
  0x0000014ee05c0000 JavaThread "hystrix-ProcessRemote-2" daemon [_thread_blocked, id=33432, stack(0x00000027b0a00000,0x00000027b0b00000)]
  0x0000014ee05c2800 JavaThread "HystrixTimer-8" daemon [_thread_blocked, id=15684, stack(0x00000027b0b00000,0x00000027b0c00000)]
  0x0000014ee05c3000 JavaThread "hystrix-service-surety-workflow-ql-2" daemon [_thread_blocked, id=48008, stack(0x00000027b0c00000,0x00000027b0d00000)]
  0x0000014ee05c4000 JavaThread "hystrix-service-surety-erp-auth-5" daemon [_thread_blocked, id=42308, stack(0x00000027b0d00000,0x00000027b0e00000)]
  0x0000014ee05c5000 JavaThread "hystrix-ProcessRemote-3" daemon [_thread_blocked, id=45528, stack(0x00000027b0e00000,0x00000027b0f00000)]
  0x0000014ee05bf000 JavaThread "hystrix-service-surety-workflow-ql-3" daemon [_thread_blocked, id=41956, stack(0x00000027b0f00000,0x00000027b1000000)]
  0x0000014ee05c6800 JavaThread "hystrix-service-surety-erp-auth-6" daemon [_thread_blocked, id=48372, stack(0x00000027b1000000,0x00000027b1100000)]
  0x0000014ee05c9800 JavaThread "hystrix-ProcessRemote-4" daemon [_thread_blocked, id=46132, stack(0x00000027b1100000,0x00000027b1200000)]
  0x0000014ee05cb800 JavaThread "hystrix-service-surety-workflow-ql-4" daemon [_thread_blocked, id=25620, stack(0x00000027b1200000,0x00000027b1300000)]
  0x0000014ee05c7800 JavaThread "hystrix-service-surety-erp-auth-7" daemon [_thread_blocked, id=40732, stack(0x00000027b1300000,0x00000027b1400000)]
  0x0000014ee05c5800 JavaThread "hystrix-ProcessRemote-5" daemon [_thread_blocked, id=47304, stack(0x00000027b1400000,0x00000027b1500000)]
  0x0000014ee05ca800 JavaThread "hystrix-service-surety-workflow-ql-5" daemon [_thread_blocked, id=33440, stack(0x00000027b1500000,0x00000027b1600000)]
  0x0000014ee05c8000 JavaThread "hystrix-service-surety-erp-auth-8" daemon [_thread_blocked, id=48324, stack(0x00000027b1600000,0x00000027b1700000)]
  0x0000014ee05cc000 JavaThread "hystrix-ProcessRemote-6" daemon [_thread_blocked, id=28752, stack(0x00000027b1700000,0x00000027b1800000)]
  0x0000014ee05c9000 JavaThread "hystrix-service-surety-workflow-ql-6" daemon [_thread_blocked, id=45340, stack(0x00000027b1800000,0x00000027b1900000)]
  0x0000014ee05cd000 JavaThread "hystrix-service-surety-erp-auth-9" daemon [_thread_blocked, id=43168, stack(0x00000027b1900000,0x00000027b1a00000)]
  0x0000014ee05ce000 JavaThread "hystrix-service-surety-erp-auth-10" daemon [_thread_blocked, id=47984, stack(0x00000027b1a00000,0x00000027b1b00000)]
  0x0000014ee0e54000 JavaThread "hystrix-ProcessRemote-7" daemon [_thread_blocked, id=47816, stack(0x00000027b1b00000,0x00000027b1c00000)]
  0x0000014ee0e55000 JavaThread "hystrix-service-surety-workflow-ql-7" daemon [_thread_blocked, id=1244, stack(0x00000027b1c00000,0x00000027b1d00000)]
  0x0000014ee0e58000 JavaThread "hystrix-ProcessRemote-8" daemon [_thread_blocked, id=42408, stack(0x00000027b1d00000,0x00000027b1e00000)]
  0x0000014ee0e59000 JavaThread "hystrix-service-surety-workflow-ql-8" daemon [_thread_blocked, id=46300, stack(0x00000027b1e00000,0x00000027b1f00000)]
  0x0000014ee0e57800 JavaThread "hystrix-ProcessRemote-9" daemon [_thread_blocked, id=47416, stack(0x00000027ac700000,0x00000027ac800000)]
  0x0000014ee0e56800 JavaThread "hystrix-service-surety-workflow-ql-9" daemon [_thread_blocked, id=35016, stack(0x00000027acd00000,0x00000027ace00000)]
  0x0000014ee0e5b800 JavaThread "hystrix-ProcessRemote-10" daemon [_thread_blocked, id=44996, stack(0x00000027aec00000,0x00000027aed00000)]
  0x0000014ee0e5a800 JavaThread "hystrix-service-surety-workflow-ql-10" daemon [_thread_blocked, id=46864, stack(0x00000027aee00000,0x00000027aef00000)]
  0x0000014ee0e53800 JavaThread "AsyncResolver-bootstrap-executor-0" daemon [_thread_blocked, id=43176, stack(0x00000027b1f00000,0x00000027b2000000)]

Other Threads:
=>0x0000014eda978000 VMThread "VM Thread" [stack: 0x00000027ab000000,0x00000027ab100000] [id=42920] _threads_hazard_ptr=0x0000014ede55dfb0
  0x0000014edb845000 WatcherThread [stack: 0x00000027ac000000,0x00000027ac100000] [id=31180]
  0x0000014eb687c800 GCTaskThread "GC Thread#0" [stack: 0x00000027aab00000,0x00000027aac00000] [id=22600]
  0x0000014edb87c000 GCTaskThread "GC Thread#1" [stack: 0x00000027ac100000,0x00000027ac200000] [id=37744]
  0x0000014edb870000 GCTaskThread "GC Thread#2" [stack: 0x00000027ac200000,0x00000027ac300000] [id=49060]
  0x0000014edb870800 GCTaskThread "GC Thread#3" [stack: 0x00000027ac300000,0x00000027ac400000] [id=45208]
  0x0000014edb871800 GCTaskThread "GC Thread#4" [stack: 0x00000027ac400000,0x00000027ac500000] [id=45652]
  0x0000014edb872000 GCTaskThread "GC Thread#5" [stack: 0x00000027ac500000,0x00000027ac600000] [id=41188]
  0x0000014ede72d800 GCTaskThread "GC Thread#6" [stack: 0x00000027ad300000,0x00000027ad400000] [id=48940]
  0x0000014ee074c800 GCTaskThread "GC Thread#7" [stack: 0x00000027adb00000,0x00000027adc00000] [id=43388]
  0x0000014eb482d800 ConcurrentGCThread "G1 Main Marker" [stack: 0x00000027aac00000,0x00000027aad00000] [id=47536]
  0x0000014eb482e000 ConcurrentGCThread "G1 Conc#0" [stack: 0x00000027aad00000,0x00000027aae00000] [id=19732]
  0x0000014edbedb000 ConcurrentGCThread "G1 Conc#1" [stack: 0x00000027ac900000,0x00000027aca00000] [id=44964]
  0x0000014ed9fda800 ConcurrentGCThread "G1 Refine#0" [stack: 0x00000027aae00000,0x00000027aaf00000] [id=45596]
  0x0000014edae17800 ConcurrentGCThread "G1 Refine#1" [stack: 0x00000027ac600000,0x00000027ac700000] [id=34772]
  0x0000014ed9fdb800 ConcurrentGCThread "G1 Young RemSet Sampling" [stack: 0x00000027aaf00000,0x00000027ab000000] [id=47672]

Threads with active compile tasks:

VM state:at safepoint (normal execution)

VM Mutex/Monitor currently owned by a thread:  ([mutex/lock_event])
[0x0000014eb68640d0] Threads_lock - owner thread: 0x0000014eda978000

Heap address: 0x0000000702000000, size: 4064 MB, Compressed Oops mode: Zero based, Oop shift amount: 3
Narrow klass base: 0x0000000800000000, Narrow klass shift: 0
Compressed class space size: 1073741824 Address: 0x0000000800000000

Heap:
 garbage-first heap   total 374784K, used 274932K [0x0000000702000000, 0x0000000800000000)
  region size 1024K, 104 young (106496K), 15 survivors (15360K)
 Metaspace       used 70652K, capacity 71758K, committed 73424K, reserved 1114112K
  class space    used 8851K, capacity 9210K, committed 9600K, reserved 1048576K
Heap Regions: E=young(eden), S=young(survivor), O=old, HS=humongous(starts), HC=humongous(continues), CS=collection set, F=free, A=archive, TAMS=top-at-mark-start (previous, next)
|   0|0x0000000702000000, 0x0000000702100000, 0x0000000702100000|100%| O|  |TAMS 0x0000000702100000, 0x0000000702000000| Untracked 
|   1|0x0000000702100000, 0x0000000702200000, 0x0000000702200000|100%| O|  |TAMS 0x0000000702200000, 0x0000000702100000| Untracked 
|   2|0x0000000702200000, 0x0000000702300000, 0x0000000702300000|100%| O|  |TAMS 0x0000000702300000, 0x0000000702200000| Untracked 
|   3|0x0000000702300000, 0x0000000702400000, 0x0000000702400000|100%| O|  |TAMS 0x0000000702400000, 0x0000000702300000| Untracked 
|   4|0x0000000702400000, 0x0000000702500000, 0x0000000702500000|100%| O|  |TAMS 0x0000000702500000, 0x0000000702400000| Untracked 
|   5|0x0000000702500000, 0x0000000702600000, 0x0000000702600000|100%| O|  |TAMS 0x0000000702600000, 0x0000000702500000| Untracked 
|   6|0x0000000702600000, 0x0000000702700000, 0x0000000702700000|100%| O|  |TAMS 0x0000000702700000, 0x0000000702600000| Untracked 
|   7|0x0000000702700000, 0x0000000702800000, 0x0000000702800000|100%| O|  |TAMS 0x0000000702800000, 0x0000000702700000| Untracked 
|   8|0x0000000702800000, 0x0000000702900000, 0x0000000702900000|100%| O|  |TAMS 0x0000000702900000, 0x0000000702800000| Untracked 
|   9|0x0000000702900000, 0x0000000702a00000, 0x0000000702a00000|100%| O|  |TAMS 0x0000000702a00000, 0x0000000702900000| Untracked 
|  10|0x0000000702a00000, 0x0000000702b00000, 0x0000000702b00000|100%| O|  |TAMS 0x0000000702b00000, 0x0000000702a00000| Untracked 
|  11|0x0000000702b00000, 0x0000000702c00000, 0x0000000702c00000|100%| O|  |TAMS 0x0000000702c00000, 0x0000000702b00000| Untracked 
|  12|0x0000000702c00000, 0x0000000702d00000, 0x0000000702d00000|100%| O|  |TAMS 0x0000000702d00000, 0x0000000702c00000| Untracked 
|  13|0x0000000702d00000, 0x0000000702e00000, 0x0000000702e00000|100%| O|  |TAMS 0x0000000702e00000, 0x0000000702d00000| Untracked 
|  14|0x0000000702e00000, 0x0000000702f00000, 0x0000000702f00000|100%| O|  |TAMS 0x0000000702f00000, 0x0000000702e00000| Untracked 
|  15|0x0000000702f00000, 0x0000000703000000, 0x0000000703000000|100%| O|  |TAMS 0x0000000703000000, 0x0000000702f00000| Untracked 
|  16|0x0000000703000000, 0x0000000703100000, 0x0000000703100000|100%| O|  |TAMS 0x0000000703000000, 0x0000000703000000| Untracked 
|  17|0x0000000703100000, 0x0000000703200000, 0x0000000703200000|100%| O|  |TAMS 0x0000000703200000, 0x0000000703100000| Untracked 
|  18|0x0000000703200000, 0x0000000703300000, 0x0000000703300000|100%| O|  |TAMS 0x0000000703300000, 0x0000000703200000| Untracked 
|  19|0x0000000703300000, 0x0000000703400000, 0x0000000703400000|100%| O|  |TAMS 0x0000000703400000, 0x0000000703300000| Untracked 
|  20|0x0000000703400000, 0x0000000703500000, 0x0000000703500000|100%| O|  |TAMS 0x0000000703500000, 0x0000000703400000| Untracked 
|  21|0x0000000703500000, 0x0000000703600000, 0x0000000703600000|100%| O|  |TAMS 0x0000000703600000, 0x0000000703500000| Untracked 
|  22|0x0000000703600000, 0x0000000703700000, 0x0000000703700000|100%| O|  |TAMS 0x0000000703600000, 0x0000000703600000| Untracked 
|  23|0x0000000703700000, 0x0000000703800000, 0x0000000703800000|100%| O|  |TAMS 0x0000000703800000, 0x0000000703700000| Untracked 
|  24|0x0000000703800000, 0x0000000703900000, 0x0000000703900000|100%| O|  |TAMS 0x0000000703900000, 0x0000000703800000| Untracked 
|  25|0x0000000703900000, 0x0000000703a00000, 0x0000000703a00000|100%| O|  |TAMS 0x0000000703a00000, 0x0000000703900000| Untracked 
|  26|0x0000000703a00000, 0x0000000703b00000, 0x0000000703b00000|100%| O|  |TAMS 0x0000000703b00000, 0x0000000703a00000| Untracked 
|  27|0x0000000703b00000, 0x0000000703c00000, 0x0000000703c00000|100%| O|  |TAMS 0x0000000703c00000, 0x0000000703b00000| Untracked 
|  28|0x0000000703c00000, 0x0000000703d00000, 0x0000000703d00000|100%| O|  |TAMS 0x0000000703d00000, 0x0000000703c00000| Untracked 
|  29|0x0000000703d00000, 0x0000000703e00000, 0x0000000703e00000|100%| O|  |TAMS 0x0000000703e00000, 0x0000000703d00000| Untracked 
|  30|0x0000000703e00000, 0x0000000703f00000, 0x0000000703f00000|100%| O|  |TAMS 0x0000000703f00000, 0x0000000703e00000| Untracked 
|  31|0x0000000703f00000, 0x0000000704000000, 0x0000000704000000|100%| O|  |TAMS 0x0000000704000000, 0x0000000703f00000| Untracked 
|  32|0x0000000704000000, 0x0000000704100000, 0x0000000704100000|100%| O|  |TAMS 0x0000000704100000, 0x0000000704000000| Untracked 
|  33|0x0000000704100000, 0x0000000704200000, 0x0000000704200000|100%| O|  |TAMS 0x0000000704200000, 0x0000000704100000| Untracked 
|  34|0x0000000704200000, 0x0000000704300000, 0x0000000704300000|100%| O|  |TAMS 0x0000000704300000, 0x0000000704200000| Untracked 
|  35|0x0000000704300000, 0x0000000704400000, 0x0000000704400000|100%| O|  |TAMS 0x0000000704400000, 0x0000000704300000| Untracked 
|  36|0x0000000704400000, 0x0000000704500000, 0x0000000704500000|100%| O|  |TAMS 0x0000000704500000, 0x0000000704400000| Untracked 
|  37|0x0000000704500000, 0x0000000704600000, 0x0000000704600000|100%| O|  |TAMS 0x0000000704600000, 0x0000000704500000| Untracked 
|  38|0x0000000704600000, 0x0000000704700000, 0x0000000704700000|100%| O|  |TAMS 0x0000000704700000, 0x0000000704600000| Untracked 
|  39|0x0000000704700000, 0x0000000704800000, 0x0000000704800000|100%| O|  |TAMS 0x0000000704800000, 0x0000000704700000| Untracked 
|  40|0x0000000704800000, 0x0000000704900000, 0x0000000704900000|100%| O|  |TAMS 0x0000000704900000, 0x0000000704800000| Untracked 
|  41|0x0000000704900000, 0x0000000704a00000, 0x0000000704a00000|100%| O|  |TAMS 0x0000000704a00000, 0x0000000704900000| Untracked 
|  42|0x0000000704a00000, 0x0000000704b00000, 0x0000000704b00000|100%| O|  |TAMS 0x0000000704b00000, 0x0000000704a00000| Untracked 
|  43|0x0000000704b00000, 0x0000000704c00000, 0x0000000704c00000|100%| O|  |TAMS 0x0000000704c00000, 0x0000000704b00000| Untracked 
|  44|0x0000000704c00000, 0x0000000704d00000, 0x0000000704d00000|100%| O|  |TAMS 0x0000000704d00000, 0x0000000704c00000| Untracked 
|  45|0x0000000704d00000, 0x0000000704e00000, 0x0000000704e00000|100%| O|  |TAMS 0x0000000704e00000, 0x0000000704d00000| Untracked 
|  46|0x0000000704e00000, 0x0000000704f00000, 0x0000000704f00000|100%| O|  |TAMS 0x0000000704f00000, 0x0000000704e00000| Untracked 
|  47|0x0000000704f00000, 0x0000000705000000, 0x0000000705000000|100%| O|  |TAMS 0x0000000705000000, 0x0000000704f00000| Untracked 
|  48|0x0000000705000000, 0x0000000705100000, 0x0000000705100000|100%| O|  |TAMS 0x0000000705100000, 0x0000000705000000| Untracked 
|  49|0x0000000705100000, 0x0000000705200000, 0x0000000705200000|100%| O|  |TAMS 0x0000000705200000, 0x0000000705100000| Untracked 
|  50|0x0000000705200000, 0x0000000705230e00, 0x0000000705300000| 19%| O|  |TAMS 0x0000000705200000, 0x0000000705200000| Untracked 
|  51|0x0000000705300000, 0x0000000705400000, 0x0000000705400000|100%| O|  |TAMS 0x0000000705400000, 0x0000000705300000| Untracked 
|  52|0x0000000705400000, 0x0000000705500000, 0x0000000705500000|100%| O|  |TAMS 0x0000000705500000, 0x0000000705400000| Untracked 
|  53|0x0000000705500000, 0x0000000705600000, 0x0000000705600000|100%| O|  |TAMS 0x0000000705600000, 0x0000000705500000| Untracked 
|  54|0x0000000705600000, 0x0000000705700000, 0x0000000705700000|100%| O|  |TAMS 0x0000000705700000, 0x0000000705600000| Untracked 
|  55|0x0000000705700000, 0x0000000705800000, 0x0000000705800000|100%| O|  |TAMS 0x0000000705800000, 0x0000000705700000| Untracked 
|  56|0x0000000705800000, 0x0000000705900000, 0x0000000705900000|100%| O|  |TAMS 0x0000000705900000, 0x0000000705800000| Untracked 
|  57|0x0000000705900000, 0x0000000705a00000, 0x0000000705a00000|100%| O|  |TAMS 0x0000000705a00000, 0x0000000705900000| Untracked 
|  58|0x0000000705a00000, 0x0000000705b00000, 0x0000000705b00000|100%| O|  |TAMS 0x0000000705b00000, 0x0000000705a00000| Untracked 
|  59|0x0000000705b00000, 0x0000000705c00000, 0x0000000705c00000|100%| O|  |TAMS 0x0000000705c00000, 0x0000000705b00000| Untracked 
|  60|0x0000000705c00000, 0x0000000705d00000, 0x0000000705d00000|100%| O|  |TAMS 0x0000000705d00000, 0x0000000705c00000| Untracked 
|  61|0x0000000705d00000, 0x0000000705d00000, 0x0000000705e00000|  0%| F|  |TAMS 0x0000000705d00000, 0x0000000705d00000| Untracked 
|  62|0x0000000705e00000, 0x0000000705f00000, 0x0000000705f00000|100%| O|  |TAMS 0x0000000705f00000, 0x0000000705e00000| Untracked 
|  63|0x0000000705f00000, 0x0000000706000000, 0x0000000706000000|100%| O|  |TAMS 0x0000000706000000, 0x0000000705f00000| Untracked 
|  64|0x0000000706000000, 0x0000000706100000, 0x0000000706100000|100%| O|  |TAMS 0x0000000706100000, 0x0000000706000000| Untracked 
|  65|0x0000000706100000, 0x0000000706200000, 0x0000000706200000|100%| O|  |TAMS 0x0000000706200000, 0x0000000706100000| Untracked 
|  66|0x0000000706200000, 0x0000000706300000, 0x0000000706300000|100%| O|  |TAMS 0x0000000706300000, 0x0000000706200000| Untracked 
|  67|0x0000000706300000, 0x0000000706300000, 0x0000000706400000|  0%| F|  |TAMS 0x0000000706300000, 0x0000000706300000| Untracked 
|  68|0x0000000706400000, 0x0000000706500000, 0x0000000706500000|100%| O|  |TAMS 0x0000000706500000, 0x0000000706400000| Untracked 
|  69|0x0000000706500000, 0x0000000706600000, 0x0000000706600000|100%| O|  |TAMS 0x0000000706600000, 0x0000000706500000| Untracked 
|  70|0x0000000706600000, 0x0000000706700000, 0x0000000706700000|100%| O|  |TAMS 0x0000000706700000, 0x0000000706600000| Untracked 
|  71|0x0000000706700000, 0x0000000706700000, 0x0000000706800000|  0%| F|  |TAMS 0x0000000706700000, 0x0000000706700000| Untracked 
|  72|0x0000000706800000, 0x0000000706800000, 0x0000000706900000|  0%| F|  |TAMS 0x0000000706800000, 0x0000000706800000| Untracked 
|  73|0x0000000706900000, 0x0000000706a00000, 0x0000000706a00000|100%| O|  |TAMS 0x0000000706a00000, 0x0000000706900000| Untracked 
|  74|0x0000000706a00000, 0x0000000706b00000, 0x0000000706b00000|100%| O|  |TAMS 0x0000000706b00000, 0x0000000706a00000| Untracked 
|  75|0x0000000706b00000, 0x0000000706c00000, 0x0000000706c00000|100%| O|  |TAMS 0x0000000706c00000, 0x0000000706b00000| Untracked 
|  76|0x0000000706c00000, 0x0000000706d00000, 0x0000000706d00000|100%| O|  |TAMS 0x0000000706d00000, 0x0000000706c00000| Untracked 
|  77|0x0000000706d00000, 0x0000000706e00000, 0x0000000706e00000|100%| O|  |TAMS 0x0000000706e00000, 0x0000000706d00000| Untracked 
|  78|0x0000000706e00000, 0x0000000706e00000, 0x0000000706f00000|  0%| F|  |TAMS 0x0000000706e00000, 0x0000000706e00000| Untracked 
|  79|0x0000000706f00000, 0x0000000707000000, 0x0000000707000000|100%| O|  |TAMS 0x0000000707000000, 0x0000000706f00000| Untracked 
|  80|0x0000000707000000, 0x0000000707100000, 0x0000000707100000|100%| O|  |TAMS 0x0000000707100000, 0x0000000707000000| Untracked 
|  81|0x0000000707100000, 0x0000000707200000, 0x0000000707200000|100%| O|  |TAMS 0x0000000707200000, 0x0000000707100000| Untracked 
|  82|0x0000000707200000, 0x0000000707300000, 0x0000000707300000|100%| O|  |TAMS 0x0000000707300000, 0x0000000707200000| Untracked 
|  83|0x0000000707300000, 0x0000000707400000, 0x0000000707400000|100%| O|  |TAMS 0x0000000707400000, 0x0000000707300000| Untracked 
|  84|0x0000000707400000, 0x0000000707500000, 0x0000000707500000|100%| O|  |TAMS 0x0000000707500000, 0x0000000707400000| Untracked 
|  85|0x0000000707500000, 0x0000000707600000, 0x0000000707600000|100%| O|  |TAMS 0x0000000707600000, 0x0000000707500000| Untracked 
|  86|0x0000000707600000, 0x0000000707700000, 0x0000000707700000|100%| O|  |TAMS 0x0000000707700000, 0x0000000707600000| Untracked 
|  87|0x0000000707700000, 0x0000000707800000, 0x0000000707800000|100%| O|  |TAMS 0x0000000707800000, 0x0000000707700000| Untracked 
|  88|0x0000000707800000, 0x0000000707900000, 0x0000000707900000|100%| O|  |TAMS 0x0000000707900000, 0x0000000707800000| Untracked 
|  89|0x0000000707900000, 0x0000000707a00000, 0x0000000707a00000|100%| O|  |TAMS 0x0000000707a00000, 0x0000000707900000| Untracked 
|  90|0x0000000707a00000, 0x0000000707b00000, 0x0000000707b00000|100%| O|  |TAMS 0x0000000707b00000, 0x0000000707a00000| Untracked 
|  91|0x0000000707b00000, 0x0000000707c00000, 0x0000000707c00000|100%| O|  |TAMS 0x0000000707c00000, 0x0000000707b00000| Untracked 
|  92|0x0000000707c00000, 0x0000000707d00000, 0x0000000707d00000|100%| O|  |TAMS 0x0000000707d00000, 0x0000000707c00000| Untracked 
|  93|0x0000000707d00000, 0x0000000707e00000, 0x0000000707e00000|100%| O|  |TAMS 0x0000000707e00000, 0x0000000707d00000| Untracked 
|  94|0x0000000707e00000, 0x0000000707f00000, 0x0000000707f00000|100%| O|  |TAMS 0x0000000707f00000, 0x0000000707e00000| Untracked 
|  95|0x0000000707f00000, 0x0000000708000000, 0x0000000708000000|100%| O|  |TAMS 0x0000000708000000, 0x0000000707f00000| Untracked 
|  96|0x0000000708000000, 0x0000000708100000, 0x0000000708100000|100%| O|  |TAMS 0x0000000708100000, 0x0000000708000000| Untracked 
|  97|0x0000000708100000, 0x0000000708200000, 0x0000000708200000|100%| O|  |TAMS 0x0000000708200000, 0x0000000708100000| Untracked 
|  98|0x0000000708200000, 0x0000000708200000, 0x0000000708300000|  0%| F|  |TAMS 0x0000000708200000, 0x0000000708200000| Untracked 
|  99|0x0000000708300000, 0x0000000708300000, 0x0000000708400000|  0%| F|  |TAMS 0x0000000708300000, 0x0000000708300000| Untracked 
| 100|0x0000000708400000, 0x0000000708400000, 0x0000000708500000|  0%| F|  |TAMS 0x0000000708400000, 0x0000000708400000| Untracked 
| 101|0x0000000708500000, 0x0000000708500000, 0x0000000708600000|  0%| F|  |TAMS 0x0000000708500000, 0x0000000708500000| Untracked 
| 102|0x0000000708600000, 0x0000000708600000, 0x0000000708700000|  0%| F|  |TAMS 0x0000000708600000, 0x0000000708600000| Untracked 
| 103|0x0000000708700000, 0x0000000708700000, 0x0000000708800000|  0%| F|  |TAMS 0x0000000708700000, 0x0000000708700000| Untracked 
| 104|0x0000000708800000, 0x0000000708900000, 0x0000000708900000|100%| O|  |TAMS 0x0000000708900000, 0x0000000708800000| Untracked 
| 105|0x0000000708900000, 0x0000000708a00000, 0x0000000708a00000|100%| O|  |TAMS 0x0000000708a00000, 0x0000000708900000| Untracked 
| 106|0x0000000708a00000, 0x0000000708b00000, 0x0000000708b00000|100%| O|  |TAMS 0x0000000708b00000, 0x0000000708a00000| Untracked 
| 107|0x0000000708b00000, 0x0000000708c00000, 0x0000000708c00000|100%| O|  |TAMS 0x0000000708c00000, 0x0000000708b00000| Untracked 
| 108|0x0000000708c00000, 0x0000000708d00000, 0x0000000708d00000|100%| O|  |TAMS 0x0000000708d00000, 0x0000000708c00000| Untracked 
| 109|0x0000000708d00000, 0x0000000708e00000, 0x0000000708e00000|100%| O|  |TAMS 0x0000000708e00000, 0x0000000708d00000| Untracked 
| 110|0x0000000708e00000, 0x0000000708f00000, 0x0000000708f00000|100%| O|  |TAMS 0x0000000708f00000, 0x0000000708e00000| Untracked 
| 111|0x0000000708f00000, 0x0000000709000000, 0x0000000709000000|100%| O|  |TAMS 0x0000000709000000, 0x0000000708f00000| Untracked 
| 112|0x0000000709000000, 0x0000000709100000, 0x0000000709100000|100%| O|  |TAMS 0x0000000709100000, 0x0000000709000000| Untracked 
| 113|0x0000000709100000, 0x0000000709200000, 0x0000000709200000|100%| O|  |TAMS 0x0000000709200000, 0x0000000709100000| Untracked 
| 114|0x0000000709200000, 0x0000000709300000, 0x0000000709300000|100%| O|  |TAMS 0x0000000709300000, 0x0000000709200000| Untracked 
| 115|0x0000000709300000, 0x0000000709400000, 0x0000000709400000|100%| O|  |TAMS 0x0000000709400000, 0x0000000709300000| Untracked 
| 116|0x0000000709400000, 0x0000000709500000, 0x0000000709500000|100%| O|  |TAMS 0x0000000709500000, 0x0000000709400000| Untracked 
| 117|0x0000000709500000, 0x0000000709600000, 0x0000000709600000|100%| O|  |TAMS 0x0000000709600000, 0x0000000709500000| Untracked 
| 118|0x0000000709600000, 0x0000000709700000, 0x0000000709700000|100%| O|  |TAMS 0x0000000709700000, 0x0000000709600000| Untracked 
| 119|0x0000000709700000, 0x0000000709800000, 0x0000000709800000|100%| O|  |TAMS 0x0000000709800000, 0x0000000709700000| Untracked 
| 120|0x0000000709800000, 0x0000000709900000, 0x0000000709900000|100%| O|  |TAMS 0x0000000709900000, 0x0000000709800000| Untracked 
| 121|0x0000000709900000, 0x0000000709a00000, 0x0000000709a00000|100%| O|  |TAMS 0x0000000709a00000, 0x0000000709900000| Untracked 
| 122|0x0000000709a00000, 0x0000000709b00000, 0x0000000709b00000|100%| O|  |TAMS 0x0000000709b00000, 0x0000000709a00000| Untracked 
| 123|0x0000000709b00000, 0x0000000709c00000, 0x0000000709c00000|100%| O|  |TAMS 0x0000000709c00000, 0x0000000709b00000| Untracked 
| 124|0x0000000709c00000, 0x0000000709d00000, 0x0000000709d00000|100%| O|  |TAMS 0x0000000709d00000, 0x0000000709c00000| Untracked 
| 125|0x0000000709d00000, 0x0000000709e00000, 0x0000000709e00000|100%| O|  |TAMS 0x0000000709e00000, 0x0000000709d00000| Untracked 
| 126|0x0000000709e00000, 0x0000000709f00000, 0x0000000709f00000|100%| O|  |TAMS 0x0000000709f00000, 0x0000000709e00000| Untracked 
| 127|0x0000000709f00000, 0x000000070a000000, 0x000000070a000000|100%| O|  |TAMS 0x000000070a000000, 0x0000000709f00000| Untracked 
| 128|0x000000070a000000, 0x000000070a100000, 0x000000070a100000|100%| O|  |TAMS 0x000000070a100000, 0x000000070a000000| Untracked 
| 129|0x000000070a100000, 0x000000070a200000, 0x000000070a200000|100%| O|  |TAMS 0x000000070a200000, 0x000000070a100000| Untracked 
| 130|0x000000070a200000, 0x000000070a300000, 0x000000070a300000|100%| O|  |TAMS 0x000000070a300000, 0x000000070a200000| Untracked 
| 131|0x000000070a300000, 0x000000070a400000, 0x000000070a400000|100%| O|  |TAMS 0x000000070a400000, 0x000000070a300000| Untracked 
| 132|0x000000070a400000, 0x000000070a500000, 0x000000070a500000|100%| O|  |TAMS 0x000000070a500000, 0x000000070a400000| Untracked 
| 133|0x000000070a500000, 0x000000070a600000, 0x000000070a600000|100%| O|  |TAMS 0x000000070a600000, 0x000000070a500000| Untracked 
| 134|0x000000070a600000, 0x000000070a700000, 0x000000070a700000|100%| O|  |TAMS 0x000000070a700000, 0x000000070a600000| Untracked 
| 135|0x000000070a700000, 0x000000070a800000, 0x000000070a800000|100%| O|  |TAMS 0x000000070a800000, 0x000000070a700000| Untracked 
| 136|0x000000070a800000, 0x000000070a900000, 0x000000070a900000|100%| O|  |TAMS 0x000000070a900000, 0x000000070a800000| Untracked 
| 137|0x000000070a900000, 0x000000070aa00000, 0x000000070aa00000|100%| O|  |TAMS 0x000000070aa00000, 0x000000070a900000| Untracked 
| 138|0x000000070aa00000, 0x000000070ab00000, 0x000000070ab00000|100%| O|  |TAMS 0x000000070ab00000, 0x000000070aa00000| Untracked 
| 139|0x000000070ab00000, 0x000000070ac00000, 0x000000070ac00000|100%| O|  |TAMS 0x000000070ac00000, 0x000000070ab00000| Untracked 
| 140|0x000000070ac00000, 0x000000070ad00000, 0x000000070ad00000|100%| O|  |TAMS 0x000000070ad00000, 0x000000070ac00000| Untracked 
| 141|0x000000070ad00000, 0x000000070ae00000, 0x000000070ae00000|100%| O|  |TAMS 0x000000070ae00000, 0x000000070ad00000| Untracked 
| 142|0x000000070ae00000, 0x000000070af00000, 0x000000070af00000|100%| O|  |TAMS 0x000000070af00000, 0x000000070ae00000| Untracked 
| 143|0x000000070af00000, 0x000000070b000000, 0x000000070b000000|100%| O|  |TAMS 0x000000070b000000, 0x000000070af00000| Untracked 
| 144|0x000000070b000000, 0x000000070b100000, 0x000000070b100000|100%| O|  |TAMS 0x000000070b100000, 0x000000070b000000| Untracked 
| 145|0x000000070b100000, 0x000000070b200000, 0x000000070b200000|100%| O|  |TAMS 0x000000070b200000, 0x000000070b100000| Untracked 
| 146|0x000000070b200000, 0x000000070b300000, 0x000000070b300000|100%| O|  |TAMS 0x000000070b300000, 0x000000070b200000| Untracked 
| 147|0x000000070b300000, 0x000000070b400000, 0x000000070b400000|100%| O|  |TAMS 0x000000070b400000, 0x000000070b300000| Untracked 
| 148|0x000000070b400000, 0x000000070b500000, 0x000000070b500000|100%| O|  |TAMS 0x000000070b500000, 0x000000070b400000| Untracked 
| 149|0x000000070b500000, 0x000000070b600000, 0x000000070b600000|100%| O|  |TAMS 0x000000070b600000, 0x000000070b500000| Untracked 
| 150|0x000000070b600000, 0x000000070b700000, 0x000000070b700000|100%| O|  |TAMS 0x000000070b700000, 0x000000070b600000| Untracked 
| 151|0x000000070b700000, 0x000000070b800000, 0x000000070b800000|100%| O|  |TAMS 0x000000070b800000, 0x000000070b700000| Untracked 
| 152|0x000000070b800000, 0x000000070b900000, 0x000000070b900000|100%| O|  |TAMS 0x000000070b900000, 0x000000070b800000| Untracked 
| 153|0x000000070b900000, 0x000000070ba00000, 0x000000070ba00000|100%| O|  |TAMS 0x000000070ba00000, 0x000000070b900000| Untracked 
| 154|0x000000070ba00000, 0x000000070bb00000, 0x000000070bb00000|100%| O|  |TAMS 0x000000070bb00000, 0x000000070ba00000| Untracked 
| 155|0x000000070bb00000, 0x000000070bc00000, 0x000000070bc00000|100%| O|  |TAMS 0x000000070bc00000, 0x000000070bb00000| Untracked 
| 156|0x000000070bc00000, 0x000000070bd00000, 0x000000070bd00000|100%| O|  |TAMS 0x000000070bd00000, 0x000000070bc00000| Untracked 
| 157|0x000000070bd00000, 0x000000070be00000, 0x000000070be00000|100%| O|  |TAMS 0x000000070be00000, 0x000000070bd00000| Untracked 
| 158|0x000000070be00000, 0x000000070bf00000, 0x000000070bf00000|100%| O|  |TAMS 0x000000070bf00000, 0x000000070be00000| Untracked 
| 159|0x000000070bf00000, 0x000000070c000000, 0x000000070c000000|100%| O|  |TAMS 0x000000070c000000, 0x000000070bf00000| Untracked 
| 160|0x000000070c000000, 0x000000070c100000, 0x000000070c100000|100%| O|  |TAMS 0x000000070c100000, 0x000000070c000000| Untracked 
| 161|0x000000070c100000, 0x000000070c200000, 0x000000070c200000|100%| O|  |TAMS 0x000000070c200000, 0x000000070c100000| Untracked 
| 162|0x000000070c200000, 0x000000070c300000, 0x000000070c300000|100%| O|  |TAMS 0x000000070c300000, 0x000000070c200000| Untracked 
| 163|0x000000070c300000, 0x000000070c400000, 0x000000070c400000|100%| O|  |TAMS 0x000000070c400000, 0x000000070c300000| Untracked 
| 164|0x000000070c400000, 0x000000070c500000, 0x000000070c500000|100%| O|  |TAMS 0x000000070c500000, 0x000000070c400000| Untracked 
| 165|0x000000070c500000, 0x000000070c600000, 0x000000070c600000|100%| O|  |TAMS 0x000000070c600000, 0x000000070c500000| Untracked 
| 166|0x000000070c600000, 0x000000070c700000, 0x000000070c700000|100%| O|  |TAMS 0x000000070c700000, 0x000000070c600000| Untracked 
| 167|0x000000070c700000, 0x000000070c800000, 0x000000070c800000|100%| O|  |TAMS 0x000000070c7fe600, 0x000000070c700000| Untracked 
| 168|0x000000070c800000, 0x000000070c900000, 0x000000070c900000|100%| O|  |TAMS 0x000000070c800000, 0x000000070c800000| Untracked 
| 169|0x000000070c900000, 0x000000070ca00000, 0x000000070ca00000|100%| O|  |TAMS 0x000000070c900000, 0x000000070c900000| Untracked 
| 170|0x000000070ca00000, 0x000000070cb00000, 0x000000070cb00000|100%| O|  |TAMS 0x000000070ca00000, 0x000000070ca00000| Untracked 
| 171|0x000000070cb00000, 0x000000070cc00000, 0x000000070cc00000|100%| O|  |TAMS 0x000000070cb00000, 0x000000070cb00000| Untracked 
| 172|0x000000070cc00000, 0x000000070cd00000, 0x000000070cd00000|100%| O|  |TAMS 0x000000070cc00000, 0x000000070cc00000| Untracked 
| 173|0x000000070cd00000, 0x000000070ce00000, 0x000000070ce00000|100%| O|  |TAMS 0x000000070cd00000, 0x000000070cd00000| Untracked 
| 174|0x000000070ce00000, 0x000000070cf00000, 0x000000070cf00000|100%| O|  |TAMS 0x000000070ce00000, 0x000000070ce00000| Untracked 
| 175|0x000000070cf00000, 0x000000070d000000, 0x000000070d000000|100%| O|  |TAMS 0x000000070cf00000, 0x000000070cf00000| Untracked 
| 176|0x000000070d000000, 0x000000070d100000, 0x000000070d100000|100%| O|  |TAMS 0x000000070d000000, 0x000000070d000000| Untracked 
| 177|0x000000070d100000, 0x000000070d200000, 0x000000070d200000|100%| O|  |TAMS 0x000000070d100000, 0x000000070d100000| Untracked 
| 178|0x000000070d200000, 0x000000070d200000, 0x000000070d300000|  0%| F|  |TAMS 0x000000070d200000, 0x000000070d200000| Untracked 
| 179|0x000000070d300000, 0x000000070d300000, 0x000000070d400000|  0%| F|  |TAMS 0x000000070d300000, 0x000000070d300000| Untracked 
| 180|0x000000070d400000, 0x000000070d400000, 0x000000070d500000|  0%| F|  |TAMS 0x000000070d400000, 0x000000070d400000| Untracked 
| 181|0x000000070d500000, 0x000000070d500000, 0x000000070d600000|  0%| F|  |TAMS 0x000000070d500000, 0x000000070d500000| Untracked 
| 182|0x000000070d600000, 0x000000070d600000, 0x000000070d700000|  0%| F|  |TAMS 0x000000070d600000, 0x000000070d600000| Untracked 
| 183|0x000000070d700000, 0x000000070d700000, 0x000000070d800000|  0%| F|  |TAMS 0x000000070d700000, 0x000000070d700000| Untracked 
| 184|0x000000070d800000, 0x000000070d800000, 0x000000070d900000|  0%| F|  |TAMS 0x000000070d800000, 0x000000070d800000| Untracked 
| 185|0x000000070d900000, 0x000000070d900000, 0x000000070da00000|  0%| F|  |TAMS 0x000000070d900000, 0x000000070d900000| Untracked 
| 186|0x000000070da00000, 0x000000070da00000, 0x000000070db00000|  0%| F|  |TAMS 0x000000070da00000, 0x000000070da00000| Untracked 
| 187|0x000000070db00000, 0x000000070db00000, 0x000000070dc00000|  0%| F|  |TAMS 0x000000070db00000, 0x000000070db00000| Untracked 
| 188|0x000000070dc00000, 0x000000070dc00000, 0x000000070dd00000|  0%| F|  |TAMS 0x000000070dc00000, 0x000000070dc00000| Untracked 
| 189|0x000000070dd00000, 0x000000070dd00000, 0x000000070de00000|  0%| F|  |TAMS 0x000000070dd00000, 0x000000070dd00000| Untracked 
| 190|0x000000070de00000, 0x000000070de00000, 0x000000070df00000|  0%| F|  |TAMS 0x000000070de00000, 0x000000070de00000| Untracked 
| 191|0x000000070df00000, 0x000000070df00000, 0x000000070e000000|  0%| F|  |TAMS 0x000000070df00000, 0x000000070df00000| Untracked 
| 192|0x000000070e000000, 0x000000070e000000, 0x000000070e100000|  0%| F|  |TAMS 0x000000070e000000, 0x000000070e000000| Untracked 
| 193|0x000000070e100000, 0x000000070e100000, 0x000000070e200000|  0%| F|  |TAMS 0x000000070e100000, 0x000000070e100000| Untracked 
| 194|0x000000070e200000, 0x000000070e200000, 0x000000070e300000|  0%| F|  |TAMS 0x000000070e200000, 0x000000070e200000| Untracked 
| 195|0x000000070e300000, 0x000000070e300000, 0x000000070e400000|  0%| F|  |TAMS 0x000000070e300000, 0x000000070e300000| Untracked 
| 196|0x000000070e400000, 0x000000070e400000, 0x000000070e500000|  0%| F|  |TAMS 0x000000070e400000, 0x000000070e400000| Untracked 
| 197|0x000000070e500000, 0x000000070e500000, 0x000000070e600000|  0%| F|  |TAMS 0x000000070e500000, 0x000000070e500000| Untracked 
| 198|0x000000070e600000, 0x000000070e600000, 0x000000070e700000|  0%| F|  |TAMS 0x000000070e600000, 0x000000070e600000| Untracked 
| 199|0x000000070e700000, 0x000000070e700000, 0x000000070e800000|  0%| F|  |TAMS 0x000000070e700000, 0x000000070e700000| Untracked 
| 200|0x000000070e800000, 0x000000070e800000, 0x000000070e900000|  0%| F|  |TAMS 0x000000070e800000, 0x000000070e800000| Untracked 
| 201|0x000000070e900000, 0x000000070e900000, 0x000000070ea00000|  0%| F|  |TAMS 0x000000070e900000, 0x000000070e900000| Untracked 
| 202|0x000000070ea00000, 0x000000070ea00000, 0x000000070eb00000|  0%| F|  |TAMS 0x000000070ea00000, 0x000000070ea00000| Untracked 
| 203|0x000000070eb00000, 0x000000070eb00000, 0x000000070ec00000|  0%| F|  |TAMS 0x000000070eb00000, 0x000000070eb00000| Untracked 
| 204|0x000000070ec00000, 0x000000070ec00000, 0x000000070ed00000|  0%| F|  |TAMS 0x000000070ec00000, 0x000000070ec00000| Untracked 
| 205|0x000000070ed00000, 0x000000070ed00000, 0x000000070ee00000|  0%| F|  |TAMS 0x000000070ed00000, 0x000000070ed00000| Untracked 
| 206|0x000000070ee00000, 0x000000070ee00000, 0x000000070ef00000|  0%| F|  |TAMS 0x000000070ee00000, 0x000000070ee00000| Untracked 
| 207|0x000000070ef00000, 0x000000070ef00000, 0x000000070f000000|  0%| F|  |TAMS 0x000000070ef00000, 0x000000070ef00000| Untracked 
| 208|0x000000070f000000, 0x000000070f000000, 0x000000070f100000|  0%| F|  |TAMS 0x000000070f000000, 0x000000070f000000| Untracked 
| 209|0x000000070f100000, 0x000000070f100000, 0x000000070f200000|  0%| F|  |TAMS 0x000000070f100000, 0x000000070f100000| Untracked 
| 210|0x000000070f200000, 0x000000070f200000, 0x000000070f300000|  0%| F|  |TAMS 0x000000070f200000, 0x000000070f200000| Untracked 
| 211|0x000000070f300000, 0x000000070f300000, 0x000000070f400000|  0%| F|  |TAMS 0x000000070f300000, 0x000000070f300000| Untracked 
| 212|0x000000070f400000, 0x000000070f400000, 0x000000070f500000|  0%| F|  |TAMS 0x000000070f400000, 0x000000070f400000| Untracked 
| 213|0x000000070f500000, 0x000000070f500000, 0x000000070f600000|  0%| F|  |TAMS 0x000000070f500000, 0x000000070f500000| Untracked 
| 214|0x000000070f600000, 0x000000070f600000, 0x000000070f700000|  0%| F|  |TAMS 0x000000070f600000, 0x000000070f600000| Untracked 
| 215|0x000000070f700000, 0x000000070f700000, 0x000000070f800000|  0%| F|  |TAMS 0x000000070f700000, 0x000000070f700000| Untracked 
| 216|0x000000070f800000, 0x000000070f800000, 0x000000070f900000|  0%| F|  |TAMS 0x000000070f800000, 0x000000070f800000| Untracked 
| 217|0x000000070f900000, 0x000000070f900000, 0x000000070fa00000|  0%| F|  |TAMS 0x000000070f900000, 0x000000070f900000| Untracked 
| 218|0x000000070fa00000, 0x000000070fa00000, 0x000000070fb00000|  0%| F|  |TAMS 0x000000070fa00000, 0x000000070fa00000| Untracked 
| 219|0x000000070fb00000, 0x000000070fb00000, 0x000000070fc00000|  0%| F|  |TAMS 0x000000070fb00000, 0x000000070fb00000| Untracked 
| 220|0x000000070fc00000, 0x000000070fc00000, 0x000000070fd00000|  0%| F|  |TAMS 0x000000070fc00000, 0x000000070fc00000| Untracked 
| 221|0x000000070fd00000, 0x000000070fd00000, 0x000000070fe00000|  0%| F|  |TAMS 0x000000070fd00000, 0x000000070fd00000| Untracked 
| 222|0x000000070fe00000, 0x000000070fe00000, 0x000000070ff00000|  0%| F|  |TAMS 0x000000070fe00000, 0x000000070fe00000| Untracked 
| 223|0x000000070ff00000, 0x000000070ff00000, 0x0000000710000000|  0%| F|  |TAMS 0x000000070ff00000, 0x000000070ff00000| Untracked 
| 224|0x0000000710000000, 0x0000000710000000, 0x0000000710100000|  0%| F|  |TAMS 0x0000000710000000, 0x0000000710000000| Untracked 
| 225|0x0000000710100000, 0x0000000710100000, 0x0000000710200000|  0%| F|  |TAMS 0x0000000710100000, 0x0000000710100000| Untracked 
| 226|0x0000000710200000, 0x0000000710200000, 0x0000000710300000|  0%| F|  |TAMS 0x0000000710200000, 0x0000000710200000| Untracked 
| 227|0x0000000710300000, 0x0000000710300000, 0x0000000710400000|  0%| F|  |TAMS 0x0000000710300000, 0x0000000710300000| Untracked 
| 228|0x0000000710400000, 0x0000000710400000, 0x0000000710500000|  0%| F|  |TAMS 0x0000000710400000, 0x0000000710400000| Untracked 
| 229|0x0000000710500000, 0x0000000710500000, 0x0000000710600000|  0%| F|  |TAMS 0x0000000710500000, 0x0000000710500000| Untracked 
| 230|0x0000000710600000, 0x0000000710600000, 0x0000000710700000|  0%| F|  |TAMS 0x0000000710600000, 0x0000000710600000| Untracked 
| 231|0x0000000710700000, 0x0000000710700000, 0x0000000710800000|  0%| F|  |TAMS 0x0000000710700000, 0x0000000710700000| Untracked 
| 232|0x0000000710800000, 0x0000000710800000, 0x0000000710900000|  0%| F|  |TAMS 0x0000000710800000, 0x0000000710800000| Untracked 
| 233|0x0000000710900000, 0x0000000710900000, 0x0000000710a00000|  0%| F|  |TAMS 0x0000000710900000, 0x0000000710900000| Untracked 
| 234|0x0000000710a00000, 0x0000000710a00000, 0x0000000710b00000|  0%| F|  |TAMS 0x0000000710a00000, 0x0000000710a00000| Untracked 
| 235|0x0000000710b00000, 0x0000000710b00000, 0x0000000710c00000|  0%| F|  |TAMS 0x0000000710b00000, 0x0000000710b00000| Untracked 
| 236|0x0000000710c00000, 0x0000000710c4c5f0, 0x0000000710d00000| 29%| S|CS|TAMS 0x0000000710c00000, 0x0000000710c00000| Complete 
| 237|0x0000000710d00000, 0x0000000710e00000, 0x0000000710e00000|100%| S|CS|TAMS 0x0000000710d00000, 0x0000000710d00000| Complete 
| 238|0x0000000710e00000, 0x0000000710f00000, 0x0000000710f00000|100%| S|CS|TAMS 0x0000000710e00000, 0x0000000710e00000| Complete 
| 239|0x0000000710f00000, 0x0000000711000000, 0x0000000711000000|100%| S|CS|TAMS 0x0000000710f00000, 0x0000000710f00000| Complete 
| 240|0x0000000711000000, 0x0000000711100000, 0x0000000711100000|100%| S|CS|TAMS 0x0000000711000000, 0x0000000711000000| Complete 
| 241|0x0000000711100000, 0x0000000711200000, 0x0000000711200000|100%| S|CS|TAMS 0x0000000711100000, 0x0000000711100000| Complete 
| 242|0x0000000711200000, 0x0000000711300000, 0x0000000711300000|100%| S|CS|TAMS 0x0000000711200000, 0x0000000711200000| Complete 
| 243|0x0000000711300000, 0x0000000711400000, 0x0000000711400000|100%| S|CS|TAMS 0x0000000711300000, 0x0000000711300000| Complete 
| 244|0x0000000711400000, 0x0000000711500000, 0x0000000711500000|100%| S|CS|TAMS 0x0000000711400000, 0x0000000711400000| Complete 
| 245|0x0000000711500000, 0x0000000711600000, 0x0000000711600000|100%| S|CS|TAMS 0x0000000711500000, 0x0000000711500000| Complete 
| 246|0x0000000711600000, 0x0000000711700000, 0x0000000711700000|100%| S|CS|TAMS 0x0000000711600000, 0x0000000711600000| Complete 
| 247|0x0000000711700000, 0x0000000711800000, 0x0000000711800000|100%| S|CS|TAMS 0x0000000711700000, 0x0000000711700000| Complete 
| 248|0x0000000711800000, 0x0000000711900000, 0x0000000711900000|100%| S|CS|TAMS 0x0000000711800000, 0x0000000711800000| Complete 
| 249|0x0000000711900000, 0x0000000711a00000, 0x0000000711a00000|100%| S|CS|TAMS 0x0000000711900000, 0x0000000711900000| Complete 
| 250|0x0000000711a00000, 0x0000000711b00000, 0x0000000711b00000|100%| S|CS|TAMS 0x0000000711a00000, 0x0000000711a00000| Complete 
| 251|0x0000000711b00000, 0x0000000711b00000, 0x0000000711c00000|  0%| F|  |TAMS 0x0000000711b00000, 0x0000000711b00000| Untracked 
| 252|0x0000000711c00000, 0x0000000711c00000, 0x0000000711d00000|  0%| F|  |TAMS 0x0000000711c00000, 0x0000000711c00000| Untracked 
| 253|0x0000000711d00000, 0x0000000711d00000, 0x0000000711e00000|  0%| F|  |TAMS 0x0000000711d00000, 0x0000000711d00000| Untracked 
| 254|0x0000000711e00000, 0x0000000711e00000, 0x0000000711f00000|  0%| F|  |TAMS 0x0000000711e00000, 0x0000000711e00000| Untracked 
| 255|0x0000000711f00000, 0x0000000711f00000, 0x0000000712000000|  0%| F|  |TAMS 0x0000000711f00000, 0x0000000711f00000| Untracked 
| 256|0x0000000712000000, 0x0000000712000000, 0x0000000712100000|  0%| F|  |TAMS 0x0000000712000000, 0x0000000712000000| Untracked 
| 257|0x0000000712100000, 0x0000000712100000, 0x0000000712200000|  0%| F|  |TAMS 0x0000000712100000, 0x0000000712100000| Untracked 
| 258|0x0000000712200000, 0x0000000712200000, 0x0000000712300000|  0%| F|  |TAMS 0x0000000712200000, 0x0000000712200000| Untracked 
| 259|0x0000000712300000, 0x0000000712300000, 0x0000000712400000|  0%| F|  |TAMS 0x0000000712300000, 0x0000000712300000| Untracked 
| 260|0x0000000712400000, 0x0000000712400000, 0x0000000712500000|  0%| F|  |TAMS 0x0000000712400000, 0x0000000712400000| Untracked 
| 261|0x0000000712500000, 0x0000000712500000, 0x0000000712600000|  0%| F|  |TAMS 0x0000000712500000, 0x0000000712500000| Untracked 
| 262|0x0000000712600000, 0x0000000712600000, 0x0000000712700000|  0%| F|  |TAMS 0x0000000712600000, 0x0000000712600000| Untracked 
| 263|0x0000000712700000, 0x0000000712700000, 0x0000000712800000|  0%| F|  |TAMS 0x0000000712700000, 0x0000000712700000| Untracked 
| 264|0x0000000712800000, 0x0000000712800000, 0x0000000712900000|  0%| F|  |TAMS 0x0000000712800000, 0x0000000712800000| Untracked 
| 265|0x0000000712900000, 0x0000000712900000, 0x0000000712a00000|  0%| F|  |TAMS 0x0000000712900000, 0x0000000712900000| Untracked 
| 266|0x0000000712a00000, 0x0000000712a00000, 0x0000000712b00000|  0%| F|  |TAMS 0x0000000712a00000, 0x0000000712a00000| Untracked 
| 267|0x0000000712b00000, 0x0000000712b00000, 0x0000000712c00000|  0%| F|  |TAMS 0x0000000712b00000, 0x0000000712b00000| Untracked 
| 268|0x0000000712c00000, 0x0000000712c00000, 0x0000000712d00000|  0%| F|  |TAMS 0x0000000712c00000, 0x0000000712c00000| Untracked 
| 269|0x0000000712d00000, 0x0000000712d00000, 0x0000000712e00000|  0%| F|  |TAMS 0x0000000712d00000, 0x0000000712d00000| Untracked 
| 270|0x0000000712e00000, 0x0000000712e00000, 0x0000000712f00000|  0%| F|  |TAMS 0x0000000712e00000, 0x0000000712e00000| Untracked 
| 271|0x0000000712f00000, 0x0000000712f00000, 0x0000000713000000|  0%| F|  |TAMS 0x0000000712f00000, 0x0000000712f00000| Untracked 
| 272|0x0000000713000000, 0x0000000713000000, 0x0000000713100000|  0%| F|  |TAMS 0x0000000713000000, 0x0000000713000000| Untracked 
| 273|0x0000000713100000, 0x0000000713100000, 0x0000000713200000|  0%| F|  |TAMS 0x0000000713100000, 0x0000000713100000| Untracked 
| 274|0x0000000713200000, 0x0000000713200000, 0x0000000713300000|  0%| F|  |TAMS 0x0000000713200000, 0x0000000713200000| Untracked 
| 275|0x0000000713300000, 0x0000000713300000, 0x0000000713400000|  0%| F|  |TAMS 0x0000000713300000, 0x0000000713300000| Untracked 
| 276|0x0000000713400000, 0x0000000713400000, 0x0000000713500000|  0%| F|  |TAMS 0x0000000713400000, 0x0000000713400000| Untracked 
| 277|0x0000000713500000, 0x00000007135b7008, 0x0000000713600000| 71%| E|  |TAMS 0x0000000713500000, 0x0000000713500000| Complete 
| 278|0x0000000713600000, 0x0000000713700000, 0x0000000713700000|100%| E|CS|TAMS 0x0000000713600000, 0x0000000713600000| Complete 
| 279|0x0000000713700000, 0x0000000713800000, 0x0000000713800000|100%| E|CS|TAMS 0x0000000713700000, 0x0000000713700000| Complete 
| 280|0x0000000713800000, 0x0000000713900000, 0x0000000713900000|100%| E|CS|TAMS 0x0000000713800000, 0x0000000713800000| Complete 
| 281|0x0000000713900000, 0x0000000713a00000, 0x0000000713a00000|100%| E|CS|TAMS 0x0000000713900000, 0x0000000713900000| Complete 
| 282|0x0000000713a00000, 0x0000000713b00000, 0x0000000713b00000|100%| E|CS|TAMS 0x0000000713a00000, 0x0000000713a00000| Complete 
| 283|0x0000000713b00000, 0x0000000713c00000, 0x0000000713c00000|100%| E|CS|TAMS 0x0000000713b00000, 0x0000000713b00000| Complete 
| 284|0x0000000713c00000, 0x0000000713d00000, 0x0000000713d00000|100%| E|CS|TAMS 0x0000000713c00000, 0x0000000713c00000| Complete 
| 285|0x0000000713d00000, 0x0000000713e00000, 0x0000000713e00000|100%| E|CS|TAMS 0x0000000713d00000, 0x0000000713d00000| Complete 
| 286|0x0000000713e00000, 0x0000000713f00000, 0x0000000713f00000|100%| E|CS|TAMS 0x0000000713e00000, 0x0000000713e00000| Complete 
| 287|0x0000000713f00000, 0x0000000714000000, 0x0000000714000000|100%| E|CS|TAMS 0x0000000713f00000, 0x0000000713f00000| Complete 
| 288|0x0000000714000000, 0x0000000714100000, 0x0000000714100000|100%| E|CS|TAMS 0x0000000714000000, 0x0000000714000000| Complete 
| 289|0x0000000714100000, 0x0000000714200000, 0x0000000714200000|100%| E|CS|TAMS 0x0000000714100000, 0x0000000714100000| Complete 
| 290|0x0000000714200000, 0x0000000714300000, 0x0000000714300000|100%| E|CS|TAMS 0x0000000714200000, 0x0000000714200000| Complete 
| 291|0x0000000714300000, 0x0000000714400000, 0x0000000714400000|100%| E|CS|TAMS 0x0000000714300000, 0x0000000714300000| Complete 
| 292|0x0000000714400000, 0x0000000714500000, 0x0000000714500000|100%| E|CS|TAMS 0x0000000714400000, 0x0000000714400000| Complete 
| 293|0x0000000714500000, 0x0000000714600000, 0x0000000714600000|100%| E|CS|TAMS 0x0000000714500000, 0x0000000714500000| Complete 
| 294|0x0000000714600000, 0x0000000714700000, 0x0000000714700000|100%| E|CS|TAMS 0x0000000714600000, 0x0000000714600000| Complete 
| 295|0x0000000714700000, 0x0000000714800000, 0x0000000714800000|100%| E|CS|TAMS 0x0000000714700000, 0x0000000714700000| Complete 
| 296|0x0000000714800000, 0x0000000714900000, 0x0000000714900000|100%| E|CS|TAMS 0x0000000714800000, 0x0000000714800000| Complete 
| 297|0x0000000714900000, 0x0000000714a00000, 0x0000000714a00000|100%| E|CS|TAMS 0x0000000714900000, 0x0000000714900000| Complete 
| 298|0x0000000714a00000, 0x0000000714b00000, 0x0000000714b00000|100%| E|CS|TAMS 0x0000000714a00000, 0x0000000714a00000| Complete 
| 299|0x0000000714b00000, 0x0000000714c00000, 0x0000000714c00000|100%| E|CS|TAMS 0x0000000714b00000, 0x0000000714b00000| Complete 
| 300|0x0000000714c00000, 0x0000000714d00000, 0x0000000714d00000|100%| E|CS|TAMS 0x0000000714c00000, 0x0000000714c00000| Complete 
| 301|0x0000000714d00000, 0x0000000714e00000, 0x0000000714e00000|100%| E|CS|TAMS 0x0000000714d00000, 0x0000000714d00000| Complete 
| 302|0x0000000714e00000, 0x0000000714f00000, 0x0000000714f00000|100%| E|CS|TAMS 0x0000000714e00000, 0x0000000714e00000| Complete 
| 303|0x0000000714f00000, 0x0000000715000000, 0x0000000715000000|100%| E|CS|TAMS 0x0000000714f00000, 0x0000000714f00000| Complete 
| 304|0x0000000715000000, 0x0000000715100000, 0x0000000715100000|100%| E|CS|TAMS 0x0000000715000000, 0x0000000715000000| Complete 
| 305|0x0000000715100000, 0x0000000715200000, 0x0000000715200000|100%| E|CS|TAMS 0x0000000715100000, 0x0000000715100000| Complete 
| 306|0x0000000715200000, 0x0000000715300000, 0x0000000715300000|100%| E|CS|TAMS 0x0000000715200000, 0x0000000715200000| Complete 
| 307|0x0000000715300000, 0x0000000715400000, 0x0000000715400000|100%| E|CS|TAMS 0x0000000715300000, 0x0000000715300000| Complete 
| 308|0x0000000715400000, 0x0000000715500000, 0x0000000715500000|100%| E|CS|TAMS 0x0000000715400000, 0x0000000715400000| Complete 
| 309|0x0000000715500000, 0x0000000715600000, 0x0000000715600000|100%| E|CS|TAMS 0x0000000715500000, 0x0000000715500000| Complete 
| 310|0x0000000715600000, 0x0000000715700000, 0x0000000715700000|100%| E|CS|TAMS 0x0000000715600000, 0x0000000715600000| Complete 
| 311|0x0000000715700000, 0x0000000715800000, 0x0000000715800000|100%| E|CS|TAMS 0x0000000715700000, 0x0000000715700000| Complete 
| 312|0x0000000715800000, 0x0000000715900000, 0x0000000715900000|100%| E|CS|TAMS 0x0000000715800000, 0x0000000715800000| Complete 
| 313|0x0000000715900000, 0x0000000715a00000, 0x0000000715a00000|100%| E|CS|TAMS 0x0000000715900000, 0x0000000715900000| Complete 
| 314|0x0000000715a00000, 0x0000000715b00000, 0x0000000715b00000|100%| E|CS|TAMS 0x0000000715a00000, 0x0000000715a00000| Complete 
| 315|0x0000000715b00000, 0x0000000715c00000, 0x0000000715c00000|100%| E|CS|TAMS 0x0000000715b00000, 0x0000000715b00000| Complete 
| 316|0x0000000715c00000, 0x0000000715d00000, 0x0000000715d00000|100%| E|CS|TAMS 0x0000000715c00000, 0x0000000715c00000| Complete 
| 317|0x0000000715d00000, 0x0000000715e00000, 0x0000000715e00000|100%| E|CS|TAMS 0x0000000715d00000, 0x0000000715d00000| Complete 
| 318|0x0000000715e00000, 0x0000000715f00000, 0x0000000715f00000|100%| E|CS|TAMS 0x0000000715e00000, 0x0000000715e00000| Complete 
| 319|0x0000000715f00000, 0x0000000716000000, 0x0000000716000000|100%| E|CS|TAMS 0x0000000715f00000, 0x0000000715f00000| Complete 
| 320|0x0000000716000000, 0x0000000716100000, 0x0000000716100000|100%| E|CS|TAMS 0x0000000716000000, 0x0000000716000000| Complete 
| 321|0x0000000716100000, 0x0000000716200000, 0x0000000716200000|100%| E|CS|TAMS 0x0000000716100000, 0x0000000716100000| Complete 
| 322|0x0000000716200000, 0x0000000716300000, 0x0000000716300000|100%| E|CS|TAMS 0x0000000716200000, 0x0000000716200000| Complete 
| 323|0x0000000716300000, 0x0000000716400000, 0x0000000716400000|100%| E|CS|TAMS 0x0000000716300000, 0x0000000716300000| Complete 
| 324|0x0000000716400000, 0x0000000716500000, 0x0000000716500000|100%| E|CS|TAMS 0x0000000716400000, 0x0000000716400000| Complete 
| 325|0x0000000716500000, 0x0000000716600000, 0x0000000716600000|100%| E|CS|TAMS 0x0000000716500000, 0x0000000716500000| Complete 
| 326|0x0000000716600000, 0x0000000716700000, 0x0000000716700000|100%| E|CS|TAMS 0x0000000716600000, 0x0000000716600000| Complete 
| 327|0x0000000716700000, 0x0000000716800000, 0x0000000716800000|100%| E|CS|TAMS 0x0000000716700000, 0x0000000716700000| Complete 
| 328|0x0000000716800000, 0x0000000716900000, 0x0000000716900000|100%| E|CS|TAMS 0x0000000716800000, 0x0000000716800000| Complete 
| 329|0x0000000716900000, 0x0000000716a00000, 0x0000000716a00000|100%| E|CS|TAMS 0x0000000716900000, 0x0000000716900000| Complete 
| 330|0x0000000716a00000, 0x0000000716b00000, 0x0000000716b00000|100%| E|CS|TAMS 0x0000000716a00000, 0x0000000716a00000| Complete 
| 331|0x0000000716b00000, 0x0000000716c00000, 0x0000000716c00000|100%| E|CS|TAMS 0x0000000716b00000, 0x0000000716b00000| Complete 
| 332|0x0000000716c00000, 0x0000000716d00000, 0x0000000716d00000|100%| E|CS|TAMS 0x0000000716c00000, 0x0000000716c00000| Complete 
| 333|0x0000000716d00000, 0x0000000716e00000, 0x0000000716e00000|100%| E|CS|TAMS 0x0000000716d00000, 0x0000000716d00000| Complete 
| 334|0x0000000716e00000, 0x0000000716f00000, 0x0000000716f00000|100%| E|CS|TAMS 0x0000000716e00000, 0x0000000716e00000| Complete 
| 335|0x0000000716f00000, 0x0000000717000000, 0x0000000717000000|100%| E|CS|TAMS 0x0000000716f00000, 0x0000000716f00000| Complete 
| 336|0x0000000717000000, 0x0000000717100000, 0x0000000717100000|100%| E|CS|TAMS 0x0000000717000000, 0x0000000717000000| Complete 
| 337|0x0000000717100000, 0x0000000717200000, 0x0000000717200000|100%| E|CS|TAMS 0x0000000717100000, 0x0000000717100000| Complete 
| 338|0x0000000717200000, 0x0000000717300000, 0x0000000717300000|100%| E|CS|TAMS 0x0000000717200000, 0x0000000717200000| Complete 
| 339|0x0000000717300000, 0x0000000717400000, 0x0000000717400000|100%| E|CS|TAMS 0x0000000717300000, 0x0000000717300000| Complete 
| 340|0x0000000717400000, 0x0000000717500000, 0x0000000717500000|100%| E|CS|TAMS 0x0000000717400000, 0x0000000717400000| Complete 
| 341|0x0000000717500000, 0x0000000717600000, 0x0000000717600000|100%| E|CS|TAMS 0x0000000717500000, 0x0000000717500000| Complete 
| 342|0x0000000717600000, 0x0000000717700000, 0x0000000717700000|100%| E|CS|TAMS 0x0000000717600000, 0x0000000717600000| Complete 
| 343|0x0000000717700000, 0x0000000717800000, 0x0000000717800000|100%| E|CS|TAMS 0x0000000717700000, 0x0000000717700000| Complete 
| 344|0x0000000717800000, 0x0000000717900000, 0x0000000717900000|100%| E|CS|TAMS 0x0000000717800000, 0x0000000717800000| Complete 
| 345|0x0000000717900000, 0x0000000717a00000, 0x0000000717a00000|100%| E|CS|TAMS 0x0000000717900000, 0x0000000717900000| Complete 
| 346|0x0000000717a00000, 0x0000000717b00000, 0x0000000717b00000|100%| E|CS|TAMS 0x0000000717a00000, 0x0000000717a00000| Complete 
| 347|0x0000000717b00000, 0x0000000717c00000, 0x0000000717c00000|100%| E|CS|TAMS 0x0000000717b00000, 0x0000000717b00000| Complete 
| 348|0x0000000717c00000, 0x0000000717d00000, 0x0000000717d00000|100%| E|CS|TAMS 0x0000000717c00000, 0x0000000717c00000| Complete 
| 349|0x0000000717d00000, 0x0000000717e00000, 0x0000000717e00000|100%| E|CS|TAMS 0x0000000717d00000, 0x0000000717d00000| Complete 
| 350|0x0000000717e00000, 0x0000000717f00000, 0x0000000717f00000|100%| E|CS|TAMS 0x0000000717e00000, 0x0000000717e00000| Complete 
| 351|0x0000000717f00000, 0x0000000718000000, 0x0000000718000000|100%| E|CS|TAMS 0x0000000717f00000, 0x0000000717f00000| Complete 
| 352|0x0000000718000000, 0x0000000718100000, 0x0000000718100000|100%| E|CS|TAMS 0x0000000718000000, 0x0000000718000000| Complete 
| 353|0x0000000718100000, 0x0000000718200000, 0x0000000718200000|100%| E|CS|TAMS 0x0000000718100000, 0x0000000718100000| Complete 
| 354|0x0000000718200000, 0x0000000718300000, 0x0000000718300000|100%| E|CS|TAMS 0x0000000718200000, 0x0000000718200000| Complete 
| 355|0x0000000718300000, 0x0000000718400000, 0x0000000718400000|100%| E|CS|TAMS 0x0000000718300000, 0x0000000718300000| Complete 
| 356|0x0000000718400000, 0x0000000718500000, 0x0000000718500000|100%| E|CS|TAMS 0x0000000718400000, 0x0000000718400000| Complete 
| 357|0x0000000718500000, 0x0000000718600000, 0x0000000718600000|100%| E|CS|TAMS 0x0000000718500000, 0x0000000718500000| Complete 
| 358|0x0000000718600000, 0x0000000718700000, 0x0000000718700000|100%| E|CS|TAMS 0x0000000718600000, 0x0000000718600000| Complete 
| 359|0x0000000718700000, 0x0000000718800000, 0x0000000718800000|100%| E|CS|TAMS 0x0000000718700000, 0x0000000718700000| Complete 
| 360|0x0000000718800000, 0x0000000718900000, 0x0000000718900000|100%| E|CS|TAMS 0x0000000718800000, 0x0000000718800000| Complete 
| 361|0x0000000718900000, 0x0000000718a00000, 0x0000000718a00000|100%| E|CS|TAMS 0x0000000718900000, 0x0000000718900000| Complete 
| 362|0x0000000718a00000, 0x0000000718b00000, 0x0000000718b00000|100%| E|CS|TAMS 0x0000000718a00000, 0x0000000718a00000| Complete 
| 363|0x0000000718b00000, 0x0000000718c00000, 0x0000000718c00000|100%| E|CS|TAMS 0x0000000718b00000, 0x0000000718b00000| Complete 
| 364|0x0000000718c00000, 0x0000000718d00000, 0x0000000718d00000|100%| E|CS|TAMS 0x0000000718c00000, 0x0000000718c00000| Complete 
| 365|0x0000000718d00000, 0x0000000718e00000, 0x0000000718e00000|100%| E|CS|TAMS 0x0000000718d00000, 0x0000000718d00000| Complete 

Card table byte_map: [0x0000014ece680000,0x0000014ecee70000] _byte_map_base: 0x0000014ecae70000

Marking Bits (Prev, Next): (CMBitMap*) 0x0000014eb68c6488, (CMBitMap*) 0x0000014eb68c64c0
 Prev Bits: [0x0000014ecf660000, 0x0000014ed35e0000)
 Next Bits: [0x0000014ed35e0000, 0x0000014ed7560000)

Polling page: 0x0000014eb4720000

Metaspace:

Usage:
  Non-class:     61.08 MB capacity,    60.35 MB ( 99%) used,   606.47 KB ( <1%) free+waste,   140.88 KB ( <1%) overhead. 
      Class:      8.99 MB capacity,     8.64 MB ( 96%) used,   297.77 KB (  3%) free+waste,    60.69 KB ( <1%) overhead. 
       Both:     70.08 MB capacity,    69.00 MB ( 98%) used,   904.24 KB (  1%) free+waste,   201.56 KB ( <1%) overhead. 

Virtual space:
  Non-class space:       64.00 MB reserved,      62.33 MB ( 97%) committed 
      Class space:        1.00 GB reserved,       9.38 MB ( <1%) committed 
             Both:        1.06 GB reserved,      71.70 MB (  7%) committed 

Chunk freelists:
   Non-Class:  135.50 KB
       Class:  42.50 KB
        Both:  178.00 KB

CodeHeap 'non-profiled nmethods': size=238336Kb used=24691Kb max_used=24691Kb free=213644Kb
 bounds [0x0000014ebf2a0000, 0x0000014ec0ad0000, 0x0000014ecdb60000]
CodeHeap 'non-nmethods': size=7424Kb used=1345Kb max_used=3035Kb free=6078Kb
 bounds [0x0000014ebeb60000, 0x0000014ebef60000, 0x0000014ebf2a0000]
 total_blobs=13443 nmethods=12489 adapters=568
 compilation: enabled
              stopped_count=0, restarted_count=0
 full_count=0

Compilation events (10 events):
Event: 15336.110 Thread 0x0000014edaa1f000 nmethod 12747 0x0000014ec0abdf90 code [0x0000014ec0abe140, 0x0000014ec0abe2f0]
Event: 15336.111 Thread 0x0000014edc448000 nmethod 12743 0x0000014ec0abe390 code [0x0000014ec0abe5c0, 0x0000014ec0abed50]
Event: 15370.596 Thread 0x0000014edaa1f000 12749       1       rx.internal.schedulers.CachedThreadScheduler$CachedWorkerPool$2::run (8 bytes)
Event: 15370.597 Thread 0x0000014edaa1f000 nmethod 12749 0x0000014ec0abf110 code [0x0000014ec0abf2c0, 0x0000014ec0abf410]
Event: 15370.597 Thread 0x0000014edaa1f000 12750       1       rx.internal.schedulers.CachedThreadScheduler$CachedWorkerPool::evictExpiredWorkers (78 bytes)
Event: 15370.599 Thread 0x0000014edaa1f000 nmethod 12750 0x0000014ec0abf510 code [0x0000014ec0abf700, 0x0000014ec0abfa50]
Event: 15370.599 Thread 0x0000014edaa1f000 12751       1       java.util.concurrent.ConcurrentLinkedQueue::isEmpty (13 bytes)
Event: 15370.600 Thread 0x0000014edaa1f000 nmethod 12751 0x0000014ec0abfd10 code [0x0000014ec0abfec0, 0x0000014ec0ac0010]
Event: 18424.639 Thread 0x0000014edaa1f000 12752       1       java.util.concurrent.locks.ReentrantReadWriteLock$Sync::fullTryAcquireShared (247 bytes)
Event: 18424.641 Thread 0x0000014edaa1f000 nmethod 12752 0x0000014ec0ac0090 code [0x0000014ec0ac0300, 0x0000014ec0ac0c90]

GC Heap History (10 events):
Event: 16907.463 GC heap before
{Heap before GC invocations=52 (full 0):
 garbage-first heap   total 374784K, used 301087K [0x0000000702000000, 0x0000000800000000)
  region size 1024K, 130 young (133120K), 15 survivors (15360K)
 Metaspace       used 71532K, capacity 73120K, committed 73424K, reserved 1114112K
  class space    used 9029K, capacity 9550K, committed 9600K, reserved 1048576K
}
Event: 16907.480 GC heap after
{Heap after GC invocations=53 (full 0):
 garbage-first heap   total 374784K, used 187049K [0x0000000702000000, 0x0000000800000000)
  region size 1024K, 15 young (15360K), 15 survivors (15360K)
 Metaspace       used 71532K, capacity 73120K, committed 73424K, reserved 1114112K
  class space    used 9029K, capacity 9550K, committed 9600K, reserved 1048576K
}
Event: 17284.503 GC heap before
{Heap before GC invocations=54 (full 0):
 garbage-first heap   total 374784K, used 301737K [0x0000000702000000, 0x0000000800000000)
  region size 1024K, 128 young (131072K), 15 survivors (15360K)
 Metaspace       used 70652K, capacity 71758K, committed 73424K, reserved 1114112K
  class space    used 8851K, capacity 9210K, committed 9600K, reserved 1048576K
}
Event: 17284.512 GC heap after
{Heap after GC invocations=55 (full 0):
 garbage-first heap   total 374784K, used 189223K [0x0000000702000000, 0x0000000800000000)
  region size 1024K, 15 young (15360K), 15 survivors (15360K)
 Metaspace       used 70652K, capacity 71758K, committed 73424K, reserved 1114112K
  class space    used 8851K, capacity 9210K, committed 9600K, reserved 1048576K
}
Event: 17293.997 GC heap before
{Heap before GC invocations=55 (full 0):
 garbage-first heap   total 374784K, used 192295K [0x0000000702000000, 0x0000000800000000)
  region size 1024K, 18 young (18432K), 15 survivors (15360K)
 Metaspace       used 70652K, capacity 71758K, committed 73424K, reserved 1114112K
  class space    used 8851K, capacity 9210K, committed 9600K, reserved 1048576K
}
Event: 17294.006 GC heap after
{Heap after GC invocations=56 (full 0):
 garbage-first heap   total 374784K, used 170559K [0x0000000702000000, 0x0000000800000000)
  region size 1024K, 3 young (3072K), 3 survivors (3072K)
 Metaspace       used 70652K, capacity 71758K, committed 73424K, reserved 1114112K
  class space    used 8851K, capacity 9210K, committed 9600K, reserved 1048576K
}
Event: 17732.253 GC heap before
{Heap before GC invocations=56 (full 0):
 garbage-first heap   total 374784K, used 301631K [0x0000000702000000, 0x0000000800000000)
  region size 1024K, 131 young (134144K), 3 survivors (3072K)
 Metaspace       used 70652K, capacity 71758K, committed 73424K, reserved 1114112K
  class space    used 8851K, capacity 9210K, committed 9600K, reserved 1048576K
}
Event: 17732.267 GC heap after
{Heap after GC invocations=57 (full 0):
 garbage-first heap   total 374784K, used 184051K [0x0000000702000000, 0x0000000800000000)
  region size 1024K, 16 young (16384K), 16 survivors (16384K)
 Metaspace       used 70652K, capacity 71758K, committed 73424K, reserved 1114112K
  class space    used 8851K, capacity 9210K, committed 9600K, reserved 1048576K
}
Event: 18129.865 GC heap before
{Heap before GC invocations=57 (full 0):
 garbage-first heap   total 374784K, used 300787K [0x0000000702000000, 0x0000000800000000)
  region size 1024K, 131 young (134144K), 16 survivors (16384K)
 Metaspace       used 70652K, capacity 71758K, committed 73424K, reserved 1114112K
  class space    used 8851K, capacity 9210K, committed 9600K, reserved 1048576K
}
Event: 18129.872 GC heap after
{Heap after GC invocations=58 (full 0):
 garbage-first heap   total 374784K, used 184820K [0x0000000702000000, 0x0000000800000000)
  region size 1024K, 15 young (15360K), 15 survivors (15360K)
 Metaspace       used 70652K, capacity 71758K, committed 73424K, reserved 1114112K
  class space    used 8851K, capacity 9210K, committed 9600K, reserved 1048576K
}

Deoptimization events (0 events):
No events

Classes redefined (0 events):
No events

Internal exceptions (10 events):
Event: 18332.230 Thread 0x0000014ee07ab000 Exception <a 'java/net/SocketTimeoutException'{0x00000007150a8050}: Read timed out> (0x00000007150a8050) thrown at [t:/workspace/open/src/hotspot/share/prims/jni.cpp, line 636]
Event: 18342.235 Thread 0x0000014ee07ab000 Exception <a 'java/net/SocketTimeoutException'{0x0000000714a86158}: Read timed out> (0x0000000714a86158) thrown at [t:/workspace/open/src/hotspot/share/prims/jni.cpp, line 636]
Event: 18352.241 Thread 0x0000014ee07ab000 Exception <a 'java/net/SocketTimeoutException'{0x0000000714704488}: Read timed out> (0x0000000714704488) thrown at [t:/workspace/open/src/hotspot/share/prims/jni.cpp, line 636]
Event: 18362.246 Thread 0x0000014ee07ab000 Exception <a 'java/net/SocketTimeoutException'{0x00000007145df950}: Read timed out> (0x00000007145df950) thrown at [t:/workspace/open/src/hotspot/share/prims/jni.cpp, line 636]
Event: 18372.250 Thread 0x0000014ee07ab000 Exception <a 'java/net/SocketTimeoutException'{0x00000007145ec130}: Read timed out> (0x00000007145ec130) thrown at [t:/workspace/open/src/hotspot/share/prims/jni.cpp, line 636]
Event: 18382.256 Thread 0x0000014ee07ab000 Exception <a 'java/net/SocketTimeoutException'{0x0000000714005888}: Read timed out> (0x0000000714005888) thrown at [t:/workspace/open/src/hotspot/share/prims/jni.cpp, line 636]
Event: 18392.260 Thread 0x0000014ee07ab000 Exception <a 'java/net/SocketTimeoutException'{0x0000000713d05080}: Read timed out> (0x0000000713d05080) thrown at [t:/workspace/open/src/hotspot/share/prims/jni.cpp, line 636]
Event: 18402.264 Thread 0x0000014ee07ab000 Exception <a 'java/net/SocketTimeoutException'{0x0000000713bde400}: Read timed out> (0x0000000713bde400) thrown at [t:/workspace/open/src/hotspot/share/prims/jni.cpp, line 636]
Event: 18412.271 Thread 0x0000014ee07ab000 Exception <a 'java/net/SocketTimeoutException'{0x00000007138f6a78}: Read timed out> (0x00000007138f6a78) thrown at [t:/workspace/open/src/hotspot/share/prims/jni.cpp, line 636]
Event: 18422.277 Thread 0x0000014ee07ab000 Exception <a 'java/net/SocketTimeoutException'{0x000000071356d900}: Read timed out> (0x000000071356d900) thrown at [t:/workspace/open/src/hotspot/share/prims/jni.cpp, line 636]

Events (10 events):
Event: 18422.277 Thread 0x0000014ee07ab000 DEOPT UNPACKING pc=0x0000014ebeb9d6ce sp=0x00000027ad4fc8d8 mode 1
Event: 18422.277 Thread 0x0000014ee07ab000 DEOPT PACKING pc=0x0000014ec035e62c sp=0x00000027ad4fd540
Event: 18422.277 Thread 0x0000014ee07ab000 DEOPT UNPACKING pc=0x0000014ebeb9d6ce sp=0x00000027ad4fc9f8 mode 1
Event: 18422.277 Thread 0x0000014ee07ab000 DEOPT PACKING pc=0x0000014ec0828a9c sp=0x00000027ad4fd5b0
Event: 18422.277 Thread 0x0000014ee07ab000 DEOPT UNPACKING pc=0x0000014ebeb9d6ce sp=0x00000027ad4fca88 mode 1
Event: 18422.277 Thread 0x0000014ee07ab000 DEOPT PACKING pc=0x0000014ec093a2b4 sp=0x00000027ad4fd640
Event: 18422.277 Thread 0x0000014ee07ab000 DEOPT UNPACKING pc=0x0000014ebeb9d6ce sp=0x00000027ad4fca88 mode 1
Event: 18422.277 Thread 0x0000014ee07ab000 DEOPT PACKING pc=0x0000014ec08b15e4 sp=0x00000027ad4fd6b0
Event: 18422.277 Thread 0x0000014ee07ab000 DEOPT UNPACKING pc=0x0000014ebeb9d6ce sp=0x00000027ad4fcb68 mode 1
Event: 18424.655 Executing VM operation: BulkRevokeBias


Dynamic libraries:
0x00007ff7f6860000 - 0x00007ff7f68a7000 	E:\develop\JDK11\bin\java.exe
0x00007ffa249a0000 - 0x00007ffa24b81000 	C:\WINDOWS\SYSTEM32\ntdll.dll
0x00007ffa22400000 - 0x00007ffa224b2000 	C:\WINDOWS\System32\KERNEL32.DLL
0x00007ffa20d70000 - 0x00007ffa20fe3000 	C:\WINDOWS\System32\KERNELBASE.dll
0x00007ffa23af0000 - 0x00007ffa23b91000 	C:\WINDOWS\System32\ADVAPI32.dll
0x00007ffa23d70000 - 0x00007ffa23e0e000 	C:\WINDOWS\System32\msvcrt.dll
0x00007ffa248a0000 - 0x00007ffa248fb000 	C:\WINDOWS\System32\sechost.dll
0x00007ffa23900000 - 0x00007ffa23a24000 	C:\WINDOWS\System32\RPCRT4.dll
0x00007ffa24190000 - 0x00007ffa24320000 	C:\WINDOWS\System32\USER32.dll
0x00007ffa21950000 - 0x00007ffa21970000 	C:\WINDOWS\System32\win32u.dll
0x00007ffa23ba0000 - 0x00007ffa23bc8000 	C:\WINDOWS\System32\GDI32.dll
0x00007ffa217b0000 - 0x00007ffa21942000 	C:\WINDOWS\System32\gdi32full.dll
0x00007ffa21a70000 - 0x00007ffa21b0f000 	C:\WINDOWS\System32\msvcp_win.dll
0x00007ffa21970000 - 0x00007ffa21a6a000 	C:\WINDOWS\System32\ucrtbase.dll
0x00007ffa16080000 - 0x00007ffa162e9000 	C:\WINDOWS\WinSxS\amd64_microsoft.windows.common-controls_6595b64144ccf1df_6.0.17134.472_none_fb3f9af53068156d\COMCTL32.dll
0x00007ffa1c5f0000 - 0x00007ffa1c5fa000 	C:\WINDOWS\SYSTEM32\VERSION.dll
0x00007ffa24320000 - 0x00007ffa24642000 	C:\WINDOWS\System32\combase.dll
0x00007ffa21db0000 - 0x00007ffa21e2a000 	C:\WINDOWS\System32\bcryptPrimitives.dll
0x00007ffa23ce0000 - 0x00007ffa23d0d000 	C:\WINDOWS\System32\IMM32.DLL
0x00007ffa1c190000 - 0x00007ffa1c1a6000 	E:\develop\JDK11\bin\vcruntime140.dll
0x00007ffa0a840000 - 0x00007ffa0a8ea000 	E:\develop\JDK11\bin\msvcp140.dll
0x00007ff9f5520000 - 0x00007ff9f6062000 	E:\develop\JDK11\bin\server\jvm.dll
0x00007ffa23ae0000 - 0x00007ffa23ae8000 	C:\WINDOWS\System32\PSAPI.DLL
0x00007ffa1d050000 - 0x00007ffa1d059000 	C:\WINDOWS\SYSTEM32\WSOCK32.dll
0x00007ffa15f40000 - 0x00007ffa15f63000 	C:\WINDOWS\SYSTEM32\WINMM.dll
0x00007ffa24900000 - 0x00007ffa2496c000 	C:\WINDOWS\System32\WS2_32.dll
0x00007ffa15f10000 - 0x00007ffa15f3a000 	C:\WINDOWS\SYSTEM32\WINMMBASE.dll
0x00007ffa21d60000 - 0x00007ffa21da9000 	C:\WINDOWS\System32\cfgmgr32.dll
0x00007ffa20cd0000 - 0x00007ffa20ce1000 	C:\WINDOWS\System32\kernel.appcore.dll
0x00007ffa1b9a0000 - 0x00007ffa1b9b1000 	E:\develop\JDK11\bin\verify.dll
0x00007ffa1caa0000 - 0x00007ffa1cc69000 	C:\WINDOWS\SYSTEM32\DBGHELP.DLL
0x00007ffa1c850000 - 0x00007ffa1c879000 	C:\WINDOWS\SYSTEM32\dbgcore.DLL
0x00007ffa1b720000 - 0x00007ffa1b749000 	E:\develop\JDK11\bin\java.dll
0x00007ffa0bb00000 - 0x00007ffa0bb37000 	E:\develop\JDK11\bin\jdwp.dll
0x00007ffa1a3f0000 - 0x00007ffa1a41f000 	E:\develop\JDK11\bin\instrument.dll
0x00007ffa1b980000 - 0x00007ffa1b996000 	E:\develop\JDK11\bin\zip.dll
0x00007ffa1c150000 - 0x00007ffa1c15a000 	E:\develop\JDK11\bin\jimage.dll
0x00007ffa224c0000 - 0x00007ffa23900000 	C:\WINDOWS\System32\SHELL32.dll
0x00007ffa23a30000 - 0x00007ffa23ad9000 	C:\WINDOWS\System32\shcore.dll
0x00007ffa210a0000 - 0x00007ffa217ad000 	C:\WINDOWS\System32\windows.storage.dll
0x00007ffa23c80000 - 0x00007ffa23cd1000 	C:\WINDOWS\System32\shlwapi.dll
0x00007ffa20cb0000 - 0x00007ffa20ccf000 	C:\WINDOWS\System32\profapi.dll
0x00007ffa20d00000 - 0x00007ffa20d4c000 	C:\WINDOWS\System32\powrprof.dll
0x00007ffa20cf0000 - 0x00007ffa20cfa000 	C:\WINDOWS\System32\FLTLIB.DLL
0x00007ffa1b950000 - 0x00007ffa1b95a000 	E:\develop\JDK11\bin\dt_socket.dll
0x00007ffa204d0000 - 0x00007ffa20536000 	C:\WINDOWS\system32\mswsock.dll
0x00007ffa1b700000 - 0x00007ffa1b719000 	E:\develop\JDK11\bin\net.dll
0x00007ffa1d1a0000 - 0x00007ffa1d27d000 	C:\WINDOWS\SYSTEM32\WINHTTP.dll
0x00007ffa18f10000 - 0x00007ffa18f23000 	E:\develop\JDK11\bin\nio.dll
0x00007ffa1b920000 - 0x00007ffa1b929000 	E:\develop\JDK11\bin\management.dll
0x00007ffa1b6d0000 - 0x00007ffa1b6dc000 	E:\develop\JDK11\bin\management_ext.dll
0x00007ffa1a040000 - 0x00007ffa1a056000 	C:\WINDOWS\system32\napinsp.dll
0x00007ffa15ee0000 - 0x00007ffa15efa000 	C:\WINDOWS\system32\pnrpnsp.dll
0x00007ffa1cfa0000 - 0x00007ffa1cfb9000 	C:\WINDOWS\system32\NLAapi.dll
0x00007ffa20290000 - 0x00007ffa2034e000 	C:\WINDOWS\SYSTEM32\DNSAPI.dll
0x00007ffa24650000 - 0x00007ffa24658000 	C:\WINDOWS\System32\NSI.dll
0x00007ffa20250000 - 0x00007ffa20288000 	C:\WINDOWS\SYSTEM32\IPHLPAPI.DLL
0x00007ffa1a030000 - 0x00007ffa1a03e000 	C:\WINDOWS\System32\winrnr.dll
0x00007ffa1ade0000 - 0x00007ffa1adea000 	C:\Windows\System32\rasadhlp.dll
0x00007ffa1ae30000 - 0x00007ffa1aea2000 	C:\WINDOWS\System32\fwpuclnt.dll
0x00007ffa20810000 - 0x00007ffa20835000 	C:\WINDOWS\SYSTEM32\bcrypt.dll
0x00007ffa20680000 - 0x00007ffa20697000 	C:\WINDOWS\SYSTEM32\CRYPTSP.dll
0x00007ffa200b0000 - 0x00007ffa200e3000 	C:\WINDOWS\system32\rsaenh.dll
0x00007ffa20be0000 - 0x00007ffa20c08000 	C:\WINDOWS\SYSTEM32\USERENV.dll
0x00007ffa206a0000 - 0x00007ffa206ab000 	C:\WINDOWS\SYSTEM32\CRYPTBASE.dll
0x00007ffa1ca60000 - 0x00007ffa1ca76000 	C:\WINDOWS\SYSTEM32\dhcpcsvc6.DLL
0x00007ffa1ca00000 - 0x00007ffa1ca1a000 	C:\WINDOWS\SYSTEM32\dhcpcsvc.DLL
0x00007ffa170f0000 - 0x00007ffa17117000 	E:\develop\JDK11\bin\sunec.dll

dbghelp: loaded successfully - version: 4.0.5 - missing functions: none
symbol engine: initialized successfully - sym options: 0x614 - pdb path: .;E:\develop\JDK11\bin;C:\WINDOWS\SYSTEM32;C:\WINDOWS\WinSxS\amd64_microsoft.windows.common-controls_6595b64144ccf1df_6.0.17134.472_none_fb3f9af53068156d;E:\develop\JDK11\bin\server

VM Arguments:
jvm_args: -agentlib:jdwp=transport=dt_socket,address=127.0.0.1:57713,suspend=y,server=n -XX:TieredStopAtLevel=1 -Xverify:none -Dspring.output.ansi.enabled=always -Dcom.sun.management.jmxremote -Dcom.sun.management.jmxremote.port=57712 -Dcom.sun.management.jmxremote.authenticate=false -Dcom.sun.management.jmxremote.ssl=false -Djava.rmi.server.hostname=localhost -Dspring.liveBeansView.mbeanDomain -Dspring.application.admin.enabled=true -javaagent:C:\Users\chen\.IntelliJIdea2018.2\system\captureAgent\debugger-agent.jar=file:/C:/Users/chen/AppData/Local/Temp/capture5121.props -Dfile.encoding=UTF-8 
java_command: yhao.micro.web.surety.WebSuretyApplication
java_class_path (initial): E:\workSpance-wantong\micro-webs\web-surety\target\classes;E:\develop\maven\Repository\org\springframework\boot\spring-boot\1.5.13.RELEASE\spring-boot-1.5.13.RELEASE.jar;E:\develop\maven\Repository\org\springframework\boot\spring-boot-autoconfigure\1.5.13.RELEASE\spring-boot-autoconfigure-1.5.13.RELEASE.jar;E:\develop\maven\Repository\org\slf4j\slf4j-api\1.7.25\slf4j-api-1.7.25.jar;E:\develop\maven\Repository\junit\junit\4.10\junit-4.10.jar;E:\develop\maven\Repository\org\objenesis\objenesis\2.1\objenesis-2.1.jar;E:\develop\maven\Repository\org\hamcrest\hamcrest-core\1.3\hamcrest-core-1.3.jar;E:\develop\maven\Repository\org\springframework\spring-core\4.3.17.RELEASE\spring-core-4.3.17.RELEASE.jar;E:\develop\maven\Repository\yhao\infra\infra-web-base\1.1.0-SNAPSHOT\infra-web-base-1.1.0-20190118.084105-23.jar;E:\develop\maven\Repository\com\google\zxing\core\3.3.3\core-3.3.3.jar;E:\develop\maven\Repository\yhao\infra\infra-common-base\1.1.0-SNAPSHOT\infra-common-base-1.1.0-20190121.061642-27.jar;E:\develop\maven\Repository\org\springframework\boot\spring-boot-starter-logging\1.5.13.RELEASE\spring-boot-starter-logging-1.5.13.RELEASE.jar;E:\develop\maven\Repository\ch\qos\logback\logback-classic\1.1.11\logback-classic-1.1.11.jar;E:\develop\maven\Repository\ch\qos\logback\logback-core\1.1.11\logback-core-1.1.11.jar;E:\develop\maven\Repository\org\slf4j\jcl-over-slf4j\1.7.25\jcl-over-slf4j-1.7.25.jar;E:\develop\maven\Repository\org\slf4j\jul-to-slf4j\1.7.25\jul-to-slf4j-1.7.25.jar;E:\develop\maven\Repository\org\slf4j\log4j-over-slf4j\1.7.25\log4j-over-slf4j-1.7.25.jar;E:\develop\maven\Repository\org\yaml\snakeyaml\1.17\snakeyaml-1.17.jar;E:\develop\maven\Repository\com\belerweb\pinyin4j\2.5.1\pinyin4j-2.5.1.jar;E:\develop\maven\Repository\net\sf\dozer\dozer\5.5.1\dozer-5.5.1.jar;E:\develop\maven\Repository\org\apache\commons\commons-lang3\3.2.1\commons-lang3-3.2.1.jar;E:\develop\maven\Repository\io\springfox\springfox-swagger2\2.7.0\springfox
Launcher Type: SUN_STANDARD

[Global flags]
     bool BytecodeVerificationLocal                = false                                     {product} {command line}
     bool BytecodeVerificationRemote               = false                                     {product} {command line}
     intx CICompilerCount                          = 4                                         {product} {ergonomic}
     uint ConcGCThreads                            = 2                                         {product} {ergonomic}
     uint G1ConcRefinementThreads                  = 8                                         {product} {ergonomic}
   size_t G1HeapRegionSize                         = 1048576                                   {product} {ergonomic}
    uintx GCDrainStackTargetSize                   = 64                                        {product} {ergonomic}
   size_t InitialHeapSize                          = 266338304                                 {product} {ergonomic}
     bool ManagementServer                         = true                                      {product} {command line}
   size_t MarkStackSize                            = 4194304                                   {product} {ergonomic}
   size_t MaxHeapSize                              = 4261412864                                {product} {ergonomic}
   size_t MaxNewSize                               = 2556428288                                {product} {ergonomic}
   size_t MinHeapDeltaBytes                        = 1048576                                   {product} {ergonomic}
    uintx NonNMethodCodeHeapSize                   = 7549744                                {pd product} {ergonomic}
    uintx NonProfiledCodeHeapSize                  = 244108496                              {pd product} {ergonomic}
    uintx ProfiledCodeHeapSize                     = 0                                      {pd product} {ergonomic}
    uintx ReservedCodeCacheSize                    = 251658240                              {pd product} {ergonomic}
     bool SegmentedCodeCache                       = true                                      {product} {ergonomic}
     intx TieredStopAtLevel                        = 1                                         {product} {command line}
     bool UseCompressedClassPointers               = true                                 {lp64_product} {ergonomic}
     bool UseCompressedOops                        = true                                 {lp64_product} {ergonomic}
     bool UseG1GC                                  = true                                      {product} {ergonomic}
     bool UseLargePagesIndividualAllocation        = false                                  {pd product} {ergonomic}

Logging:
Log output configuration:
 #0: stdout all=warning uptime,level,tags
 #1: stderr all=off uptime,level,tags

Environment Variables:
JAVA_HOME=E:\develop\JDK8
PATH=E:\develop\JDK8\bin;C:\Program Files (x86)\Common Files\Oracle\Java\javapath;C:\WINDOWS\system32;C:\WINDOWS;C:\WINDOWS\System32\Wbem;C:\WINDOWS\System32\WindowsPowerShell\v1.0\;E:\develop\maven\apache-maven-3.5.4\bin;E:\develop\SVN\install\bin;E:\develop\Git\install\cmd;C:\WINDOWS\System32\OpenSSH\;C:\Users\chen\AppData\Local\Microsoft\WindowsApps;
USERNAME=chen
OS=Windows_NT
PROCESSOR_IDENTIFIER=Intel64 Family 6 Model 158 Stepping 9, GenuineIntel



---------------  S Y S T E M  ---------------

OS: Windows 10 , 64 bit Build 17134 (10.0.17134.1)

CPU:total 8 (initial active 8) (4 cores per cpu, 2 threads per core) family 6 model 158 stepping 9, cmov, cx8, fxsr, mmx, sse, sse2, sse3, ssse3, sse4.1, sse4.2, popcnt, avx, avx2, aes, clmul, erms, rtm, 3dnowpref, lzcnt, ht, tsc, tscinvbit, bmi1, bmi2, adx, fma

Memory: 4k page, system-wide physical 16254M (3716M free)
TotalPageFile size 27427M (AvailPageFile size 0M)
current process WorkingSet (physical memory assigned to process): 453M, peak: 502M
current process commit charge ("private bytes"): 601M, peak: 603M

vm_info: Java HotSpot(TM) 64-Bit Server VM (11.0.1+13-LTS) for windows-amd64 JRE (11.0.1+13-LTS), built on Oct  6 2018 13:20:16 by "mach5one" with MS VC++ 15.5 (VS2017)

END.
