#
# There is insufficient memory for the Java Runtime Environment to continue.
# Native memory allocation (mmap) failed to map 266338304 bytes for Failed to commit area from 0x0000000702000000 to 0x0000000711e00000 of length 266338304.
# Possible reasons:
#   The system is out of physical RAM or swap space
#   The process is running with CompressedOops enabled, and the Java Heap may be blocking the growth of the native heap
# Possible solutions:
#   Reduce memory load on the system
#   Increase physical memory or swap space
#   Check if swap backing store is full
#   Decrease Java heap size (-Xmx/-Xms)
#   Decrease number of Java threads
#   Decrease Java thread stack sizes (-Xss)
#   Set larger code cache with -XX:ReservedCodeCacheSize=
# This output file may be truncated or incomplete.
#
#  Out of Memory Error (t:/workspace/open/src/hotspot/os/windows/os_windows.cpp:3269), pid=17188, tid=8116
#
# JRE version:  (11.0.1+13) (build )
# Java VM: Java HotSpot(TM) 64-Bit Server VM (11.0.1+13-LTS, mixed mode, aot, sharing, tiered, compressed oops, g1 gc, windows-amd64)
# No core dump will be written. Minidumps are not enabled by default on client versions of Windows
#

---------------  S U M M A R Y ------------

Command Line: -agentlib:jdwp=transport=dt_socket,address=127.0.0.1:53812,suspend=y,server=n -XX:TieredStopAtLevel=1 -Xverify:none -Dspring.output.ansi.enabled=always -Dcom.sun.management.jmxremote -Dcom.sun.management.jmxremote.port=53811 -Dcom.sun.management.jmxremote.authenticate=false -Dcom.sun.management.jmxremote.ssl=false -Djava.rmi.server.hostname=localhost -Dspring.liveBeansView.mbeanDomain -Dspring.application.admin.enabled=true -javaagent:C:\Users\chen\.IntelliJIdea2018.2\system\captureAgent\debugger-agent.jar=file:/C:/Users/chen/AppData/Local/Temp/capture4895.props -Dfile.encoding=UTF-8 yhao.micro.web.surety.WebSuretyApplication

Host: Intel(R) Core(TM) i7-7700 CPU @ 3.60GHz, 8 cores, 15G,  Windows 10 , 64 bit Build 16299 (10.0.16299.431)
Time: Thu Nov 15 17:11:33 2018 ?D1¨²¡À¨º¡Á?¨º¡À?? elapsed time: 0 seconds (0d 0h 0m 0s)

---------------  T H R E A D  ---------------

Current thread (0x00000296301e4000):  JavaThread "Unknown thread" [_thread_in_vm, id=8116, stack(0x000000edebf00000,0x000000edec000000)]

Stack: [0x000000edebf00000,0x000000edec000000]
Native frames: (J=compiled Java code, j=interpreted, Vv=VM code, C=native code)
V  [jvm.dll+0x63c21a]
V  [jvm.dll+0x7797df]
V  [jvm.dll+0x77adca]
V  [jvm.dll+0x77b483]
V  [jvm.dll+0x2627f8]
V  [jvm.dll+0x6396ca]
V  [jvm.dll+0x62dfa5]
V  [jvm.dll+0x31699c]
V  [jvm.dll+0x316822]
V  [jvm.dll+0x31c096]
V  [jvm.dll+0x36842f]
V  [jvm.dll+0x367e50]
V  [jvm.dll+0x2f38b8]
V  [jvm.dll+0x2f4a16]
V  [jvm.dll+0x752da7]
V  [jvm.dll+0x7544ef]
V  [jvm.dll+0x375269]
V  [jvm.dll+0x7394a9]
V  [jvm.dll+0x3e467d]
V  [jvm.dll+0x3e6951]
C  [java.exe+0x3603]
C  [java.exe+0x178dc]
C  [KERNEL32.DLL+0x11fe4]
C  [ntdll.dll+0x6cb31]


---------------  P R O C E S S  ---------------

Threads class SMR info:
_java_thread_list=0x000002962e014820, length=0, elements={
}

Java Threads: ( => current thread )

Other Threads:
  0x00000296301fd800 GCTaskThread "GC Thread#0" [stack: 0x000000edec000000,0x000000edec100000] [id=31364]
  0x0000029630259800 ConcurrentGCThread "G1 Main Marker" [stack: 0x000000edec100000,0x000000edec200000] [id=34820]
  0x000002963025b800 ConcurrentGCThread "G1 Conc#0" [stack: 0x000000edec200000,0x000000edec300000] [id=25584]

[error occurred during error reporting (printing all threads), id 0xc0000005, EXCEPTION_ACCESS_VIOLATION (0xc0000005) at pc=0x00007ffadc2c2137]

VM state:not at safepoint (not fully initialized)

VM Mutex/Monitor currently owned by a thread:  ([mutex/lock_event])
[0x00000296301e3080] Heap_lock - owner thread: 0x00000296301e4000

Heap address: 0x0000000702000000, size: 4064 MB, Compressed Oops mode: Non-zero based: 0x0000000702000000
Narrow klass base: 0x0000000000000000, Narrow klass shift: 0

GC Heap History (0 events):
No events

Deoptimization events (0 events):
No events

Classes redefined (0 events):
No events

Internal exceptions (0 events):
No events

Events (0 events):
No events


Dynamic libraries:
0x00007ff635470000 - 0x00007ff6354b7000 	E:\develop\JDK11\bin\java.exe
0x00007ffb29290000 - 0x00007ffb29470000 	C:\Windows\SYSTEM32\ntdll.dll
0x00007ffb26d00000 - 0x00007ffb26dae000 	C:\Windows\System32\KERNEL32.DLL
0x00007ffb26080000 - 0x00007ffb262e6000 	C:\Windows\System32\KERNELBASE.dll
0x00007ffb28a90000 - 0x00007ffb28b31000 	C:\Windows\System32\ADVAPI32.dll
0x00007ffb28b40000 - 0x00007ffb28bdd000 	C:\Windows\System32\msvcrt.dll
0x00007ffb28be0000 - 0x00007ffb28c3b000 	C:\Windows\System32\sechost.dll
0x00007ffb26db0000 - 0x00007ffb26ecf000 	C:\Windows\System32\RPCRT4.dll
0x00007ffb28720000 - 0x00007ffb288af000 	C:\Windows\System32\USER32.dll
0x00007ffb26740000 - 0x00007ffb26760000 	C:\Windows\System32\win32u.dll
0x00007ffb26c30000 - 0x00007ffb26c58000 	C:\Windows\System32\GDI32.dll
0x00007ffb25ee0000 - 0x00007ffb26073000 	C:\Windows\System32\gdi32full.dll
0x00007ffb25de0000 - 0x00007ffb25e7b000 	C:\Windows\System32\msvcp_win.dll
0x00007ffb26640000 - 0x00007ffb26735000 	C:\Windows\System32\ucrtbase.dll
0x00007ffb19e90000 - 0x00007ffb1a0f9000 	C:\Windows\WinSxS\amd64_microsoft.windows.common-controls_6595b64144ccf1df_6.0.16299.726_none_15ccdb369361144a\COMCTL32.dll
0x00007ffb216d0000 - 0x00007ffb216da000 	C:\Windows\SYSTEM32\VERSION.dll
0x00007ffb26920000 - 0x00007ffb26c27000 	C:\Windows\System32\combase.dll
0x00007ffb262f0000 - 0x00007ffb26362000 	C:\Windows\System32\bcryptPrimitives.dll
0x00007ffb289e0000 - 0x00007ffb28a0d000 	C:\Windows\System32\IMM32.DLL
0x00007ffb1f820000 - 0x00007ffb1f836000 	E:\develop\JDK11\bin\vcruntime140.dll
0x00007ffaeeaa0000 - 0x00007ffaeeb4a000 	E:\develop\JDK11\bin\msvcp140.dll
0x00007ffadbfc0000 - 0x00007ffadcb02000 	E:\develop\JDK11\bin\server\jvm.dll
0x00007ffb26c60000 - 0x00007ffb26c68000 	C:\Windows\System32\PSAPI.DLL
0x00007ffb171f0000 - 0x00007ffb171f9000 	C:\Windows\SYSTEM32\WSOCK32.dll
0x00007ffb23860000 - 0x00007ffb23883000 	C:\Windows\SYSTEM32\WINMM.dll
0x00007ffb28d90000 - 0x00007ffb28dfc000 	C:\Windows\System32\WS2_32.dll
0x00007ffb23830000 - 0x00007ffb2385a000 	C:\Windows\SYSTEM32\WINMMBASE.dll
0x00007ffb26540000 - 0x00007ffb2658a000 	C:\Windows\System32\cfgmgr32.dll
0x00007ffb25600000 - 0x00007ffb25611000 	C:\Windows\System32\kernel.appcore.dll
0x00007ffb1f720000 - 0x00007ffb1f731000 	E:\develop\JDK11\bin\verify.dll
0x00007ffb17d00000 - 0x00007ffb17ec8000 	C:\Windows\SYSTEM32\DBGHELP.DLL
0x00007ffb17fb0000 - 0x00007ffb17fd9000 	C:\Windows\SYSTEM32\dbgcore.DLL
0x00007ffb1f6f0000 - 0x00007ffb1f719000 	E:\develop\JDK11\bin\java.dll
0x00007ffb0a0f0000 - 0x00007ffb0a127000 	E:\develop\JDK11\bin\jdwp.dll
0x00007ffb1e710000 - 0x00007ffb1e73f000 	E:\develop\JDK11\bin\instrument.dll
0x00007ffb1e9c0000 - 0x00007ffb1e9d6000 	E:\develop\JDK11\bin\zip.dll
0x00007ffb1f810000 - 0x00007ffb1f81a000 	E:\develop\JDK11\bin\jimage.dll

dbghelp: loaded successfully - version: 4.0.5 - missing functions: none
symbol engine: initialized successfully - sym options: 0x614 - pdb path: .;E:\develop\JDK11\bin;C:\Windows\SYSTEM32;C:\Windows\WinSxS\amd64_microsoft.windows.common-controls_6595b64144ccf1df_6.0.16299.726_none_15ccdb369361144a;E:\develop\JDK11\bin\server

VM Arguments:
jvm_args: -agentlib:jdwp=transport=dt_socket,address=127.0.0.1:53812,suspend=y,server=n -XX:TieredStopAtLevel=1 -Xverify:none -Dspring.output.ansi.enabled=always -Dcom.sun.management.jmxremote -Dcom.sun.management.jmxremote.port=53811 -Dcom.sun.management.jmxremote.authenticate=false -Dcom.sun.management.jmxremote.ssl=false -Djava.rmi.server.hostname=localhost -Dspring.liveBeansView.mbeanDomain -Dspring.application.admin.enabled=true -javaagent:C:\Users\chen\.IntelliJIdea2018.2\system\captureAgent\debugger-agent.jar=file:/C:/Users/chen/AppData/Local/Temp/capture4895.props -Dfile.encoding=UTF-8 
java_command: yhao.micro.web.surety.WebSuretyApplication
java_class_path (initial): E:\workSpance-wantong\micro-webs\web-surety\target\classes;E:\develop\maven\Repository\org\springframework\boot\spring-boot\1.5.13.RELEASE\spring-boot-1.5.13.RELEASE.jar;E:\develop\maven\Repository\org\springframework\boot\spring-boot-autoconfigure\1.5.13.RELEASE\spring-boot-autoconfigure-1.5.13.RELEASE.jar;E:\develop\maven\Repository\org\slf4j\slf4j-api\1.7.25\slf4j-api-1.7.25.jar;E:\develop\maven\Repository\junit\junit\4.12\junit-4.12.jar;E:\develop\maven\Repository\org\objenesis\objenesis\2.1\objenesis-2.1.jar;E:\develop\maven\Repository\org\hamcrest\hamcrest-core\1.3\hamcrest-core-1.3.jar;E:\develop\maven\Repository\org\springframework\spring-core\4.3.17.RELEASE\spring-core-4.3.17.RELEASE.jar;E:\develop\maven\Repository\org\springframework\spring-test\4.3.18.RELEASE\spring-test-4.3.18.RELEASE.jar;E:\develop\maven\Repository\yhao\infra\infra-web-base\1.1.0-SNAPSHOT\infra-web-base-1.1.0-20181108.063027-8.jar;E:\develop\maven\Repository\com\qfang\imagecenter-toolkit\1.1.1.3-SNAPSHOT\imagecenter-toolkit-1.1.1.3-20160714.082330-4.jar;E:\develop\maven\Repository\com\qfang\imagecenter-common-service-facade\1.1.1.3-SNAPSHOT\imagecenter-common-service-facade-1.1.1.3-20160714.082312-4.jar;E:\develop\maven\Repository\com\qfang\qfang-base\1.1.5.7-SNAPSHOT\qfang-base-1.1.5.7-20160714.073551-1.jar;E:\develop\maven\Repository\com\qfang\qfang-base-file\1.1.5.7-SNAPSHOT\qfang-base-file-1.1.5.7-20160714.073538-1.jar;E:\develop\maven\Repository\org\fastdfs\fastdfs-client\1.24\fastdfs-client-1.24.jar;E:\develop\maven\Repository\net\coobird\thumbnailator\0.4.8\thumbnailator-0.4.8.jar;E:\develop\maven\Repository\commons-net\commons-net\3.3\commons-net-3.3.jar;E:\develop\maven\Repository\org\testng\testng\6.8.8\testng-6.8.8.jar;E:\develop\maven\Repository\org\beanshell\bsh\2.0b4\bsh-2.0b4.jar;E:\develop\maven\Repository\com\beust\jcommander\1.27\jcommander-1.27.jar;E:\develop\maven\Repository\com\qfang\qfang-base-image\1.1.5.7-SNAPSHOT\qfang-base-image-1.1
Launcher Type: SUN_STANDARD

[Global flags]
     bool BytecodeVerificationLocal                = false                                     {product} {command line}
     bool BytecodeVerificationRemote               = false                                     {product} {command line}
     intx CICompilerCount                          = 4                                         {product} {ergonomic}
     uint ConcGCThreads                            = 2                                         {product} {ergonomic}
     uint G1ConcRefinementThreads                  = 8                                         {product} {ergonomic}
   size_t G1HeapRegionSize                         = 1048576                                   {product} {ergonomic}
    uintx GCDrainStackTargetSize                   = 64                                        {product} {ergonomic}
   size_t InitialHeapSize                          = 266338304                                 {product} {ergonomic}
     bool ManagementServer                         = true                                      {product} {command line}
   size_t MarkStackSize                            = 4194304                                   {product} {ergonomic}
   size_t MaxHeapSize                              = 4261412864                                {product} {ergonomic}
   size_t MinHeapDeltaBytes                        = 1048576                                   {product} {ergonomic}
    uintx NonNMethodCodeHeapSize                   = 7549744                                {pd product} {ergonomic}
    uintx NonProfiledCodeHeapSize                  = 244108496                              {pd product} {ergonomic}
    uintx ProfiledCodeHeapSize                     = 0                                      {pd product} {ergonomic}
    uintx ReservedCodeCacheSize                    = 251658240                              {pd product} {ergonomic}
     bool SegmentedCodeCache                       = true                                      {product} {ergonomic}
     intx TieredStopAtLevel                        = 1                                         {product} {command line}
     bool UseCompressedClassPointers               = true                                 {lp64_product} {ergonomic}
     bool UseCompressedOops                        = true                                 {lp64_product} {ergonomic}
     bool UseG1GC                                  = true                                      {product} {ergonomic}
     bool UseLargePagesIndividualAllocation        = false                                  {pd product} {ergonomic}

Logging:
Log output configuration:
 #0: stdout all=warning uptime,level,tags
 #1: stderr all=off uptime,level,tags

Environment Variables:
JAVA_HOME=E:\develop\JDK8
PATH=E:\develop\JDK8\bin;C:\Program Files (x86)\Common Files\Oracle\Java\javapath;C:\Windows\system32;C:\Windows;C:\Windows\System32\Wbem;C:\Windows\System32\WindowsPowerShell\v1.0\;E:\develop\maven\apache-maven-3.5.4\bin;E:\develop\SVN\install\bin;E:\develop\Git\install\cmd;C:\Users\chen\AppData\Local\Microsoft\WindowsApps;
USERNAME=chen
OS=Windows_NT
PROCESSOR_IDENTIFIER=Intel64 Family 6 Model 158 Stepping 9, GenuineIntel



---------------  S Y S T E M  ---------------

OS: Windows 10 , 64 bit Build 16299 (10.0.16299.431)

CPU:total 8 (initial active 8) (4 cores per cpu, 2 threads per core) family 6 model 158 stepping 9, cmov, cx8, fxsr, mmx, sse, sse2, sse3, ssse3, sse4.1, sse4.2, popcnt, avx, avx2, aes, clmul, erms, rtm, 3dnowpref, lzcnt, ht, tsc, tscinvbit, bmi1, bmi2, adx, fma

Memory: 4k page, system-wide physical 16254M (7860M free)
TotalPageFile size 27427M (AvailPageFile size 91M)
current process WorkingSet (physical memory assigned to process): 10M, peak: 10M
current process commit charge ("private bytes"): 58M, peak: 312M

vm_info: Java HotSpot(TM) 64-Bit Server VM (11.0.1+13-LTS) for windows-amd64 JRE (11.0.1+13-LTS), built on Oct  6 2018 13:20:16 by "mach5one" with MS VC++ 15.5 (VS2017)

END.
