#
# There is insufficient memory for the Java Runtime Environment to continue.
# Native memory allocation (malloc) failed to allocate 32744 bytes for ChunkPool::allocate
# Possible reasons:
#   The system is out of physical RAM or swap space
#   The process is running with CompressedOops enabled, and the Java Heap may be blocking the growth of the native heap
# Possible solutions:
#   Reduce memory load on the system
#   Increase physical memory or swap space
#   Check if swap backing store is full
#   Decrease Java heap size (-Xmx/-Xms)
#   Decrease number of Java threads
#   Decrease Java thread stack sizes (-Xss)
#   Set larger code cache with -XX:ReservedCodeCacheSize=
#   JVM is running with Zero Based Compressed Oops mode in which the Java heap is
#     placed in the first 32GB address space. The Java Heap base address is the
#     maximum limit for the native heap growth. Please use -XX:HeapBaseMinAddress
#     to set the Java Heap base and to place the Java Heap above 32GB virtual address.
# This output file may be truncated or incomplete.
#
#  Out of Memory Error (t:/workspace/open/src/hotspot/share/memory/arena.cpp:81), pid=49084, tid=45232
#
# JRE version: Java(TM) SE Runtime Environment (11.0.1+13) (build 11.0.1+13-LTS)
# Java VM: Java HotSpot(TM) 64-Bit Server VM (11.0.1+13-LTS, mixed mode, tiered, compressed oops, g1 gc, windows-amd64)
# No core dump will be written. Minidumps are not enabled by default on client versions of Windows
#

---------------  S U M M A R Y ------------

Command Line: -agentlib:jdwp=transport=dt_socket,address=127.0.0.1:56455,suspend=y,server=n -XX:TieredStopAtLevel=1 -Xverify:none -Dspring.output.ansi.enabled=always -Dcom.sun.management.jmxremote -Dcom.sun.management.jmxremote.port=56454 -Dcom.sun.management.jmxremote.authenticate=false -Dcom.sun.management.jmxremote.ssl=false -Djava.rmi.server.hostname=localhost -Dspring.liveBeansView.mbeanDomain -Dspring.application.admin.enabled=true -javaagent:C:\Users\chen\.IntelliJIdea2018.2\system\captureAgent\debugger-agent.jar=file:/C:/Users/chen/AppData/Local/Temp/capture19995.props -Dfile.encoding=UTF-8 yhao.micro.service.workflow.WorkFlowApplication

Host: Intel(R) Core(TM) i7-7700 CPU @ 3.60GHz, 8 cores, 15G,  Windows 10 , 64 bit Build 17134 (10.0.17134.1)
Time: Wed Jan 23 16:36:11 2019 ?D1¨²¡À¨º¡Á?¨º¡À?? elapsed time: 22430 seconds (0d 6h 13m 50s)

---------------  T H R E A D  ---------------

Current thread (0x0000020ac8ea1800):  VMThread "VM Thread" [stack: 0x0000001104e00000,0x0000001104f00000] [id=45232] _threads_hazard_ptr=0x0000020acef79be0

Stack: [0x0000001104e00000,0x0000001104f00000]
[error occurred during error reporting (printing stack bounds), id 0xc0000005, EXCEPTION_ACCESS_VIOLATION (0xc0000005) at pc=0x0000020aac940bad]

Native frames: (J=compiled Java code, j=interpreted, Vv=VM code, C=native code)
V  [jvm.dll+0x63c21a]
V  [jvm.dll+0x7797df]
V  [jvm.dll+0x77adca]
V  [jvm.dll+0x77b3e5]
V  [jvm.dll+0x77b39b]
V  [jvm.dll+0x63b916]
V  [jvm.dll+0x63bce8]
C  [ntdll.dll+0x9f7dd]
C  [ntdll.dll+0xd856]
C  [ntdll.dll+0x9e70e]
C  0x0000020aac940bad

VM_Operation (0x0000001109bfc910): BulkRevokeBias, mode: safepoint, requested by thread 0x0000020acf0e9800


---------------  P R O C E S S  ---------------

Threads class SMR info:
_java_thread_list=0x0000020acef79be0, length=104, elements={
0x0000020ac8ea4000, 0x0000020ac8ecf800, 0x0000020ac8f41800, 0x0000020ac8f43800,
0x0000020ac8f47000, 0x0000020ac8f48000, 0x0000020ac911f800, 0x0000020ac91b1000,
0x0000020ac91ad000, 0x0000020ac91ae000, 0x0000020ac9a0e000, 0x0000020ac9e79800,
0x0000020ac9eac800, 0x0000020ac91eb800, 0x0000020aca248000, 0x0000020ac9e93000,
0x0000020acc56f800, 0x0000020acc571000, 0x0000020ace9cc000, 0x0000020ace9c9800,
0x0000020ace9c7000, 0x0000020ace9c8000, 0x0000020ace9c6800, 0x0000020ace9cb000,
0x0000020ace9cd000, 0x0000020ace9cd800, 0x0000020ace9ca800, 0x0000020ace9c8800,
0x0000020ace9d2800, 0x0000020ace9d4000, 0x0000020ace9d5000, 0x0000020ace9d1800,
0x0000020ace9d1000, 0x0000020ace9d3800, 0x0000020ace9cf800, 0x0000020ace9d0000,
0x0000020acc572000, 0x0000020acc56e800, 0x0000020acc573000, 0x0000020acedbd000,
0x0000020acedbe800, 0x0000020acedc1000, 0x0000020acedbb800, 0x0000020acedbd800,
0x0000020acedbf800, 0x0000020acedc2000, 0x0000020acedc0000, 0x0000020acedbc000,
0x0000020acedc5000, 0x0000020acedc2800, 0x0000020acedc6000, 0x0000020acedc6800,
0x0000020acf0e8800, 0x0000020acf0ec000, 0x0000020acf0ef800, 0x0000020acf0e9800,
0x0000020acf0ea800, 0x0000020acf0ed000, 0x0000020acf0ed800, 0x0000020acf0e8000,
0x0000020acf0f1000, 0x0000020acf0f3800, 0x0000020acf0f0000, 0x0000020acf0f2800,
0x0000020acf0f4000, 0x0000020acf0e6800, 0x0000020acf0ee800, 0x0000020acf0f1800,
0x0000020acf0e7000, 0x0000020acf0eb000, 0x0000020acf0f5000, 0x0000020acedc4800,
0x0000020acedc7800, 0x0000020acedc8800, 0x0000020acedc3800, 0x0000020acedc9000,
0x0000020acedca000, 0x0000020acc56e000, 0x0000020acc573800, 0x0000020acc570800,
0x0000020ace9ce800, 0x0000020acc04c000, 0x0000020acc04d000, 0x0000020acc04e800,
0x0000020acc04d800, 0x0000020acc048800, 0x0000020acc04f800, 0x0000020acc049800,
0x0000020acc04a800, 0x0000020acc04b000, 0x0000020acebdf800, 0x0000020acebde000,
0x0000020acebe3000, 0x0000020acebdf000, 0x0000020acebe0800, 0x0000020acebe1800,
0x0000020acebe4800, 0x0000020acebe2000, 0x0000020acebe5800, 0x0000020acebe8000,
0x0000020acebe7000, 0x0000020acebe8800, 0x0000020acebe4000, 0x0000020acebe9800
}

Java Threads: ( => current thread )
  0x0000020ac8ea4000 JavaThread "Reference Handler" daemon [_thread_blocked, id=49524, stack(0x0000001104f00000,0x0000001105000000)]
  0x0000020ac8ecf800 JavaThread "Finalizer" daemon [_thread_blocked, id=37188, stack(0x0000001105000000,0x0000001105100000)]
  0x0000020ac8f41800 JavaThread "Signal Dispatcher" daemon [_thread_blocked, id=17524, stack(0x0000001105100000,0x0000001105200000)]
  0x0000020ac8f43800 JavaThread "Attach Listener" daemon [_thread_blocked, id=43508, stack(0x0000001105200000,0x0000001105300000)]
  0x0000020ac8f47000 JavaThread "C1 CompilerThread0" daemon [_thread_blocked, id=40288, stack(0x0000001105300000,0x0000001105400000)]
  0x0000020ac8f48000 JavaThread "Sweeper thread" daemon [_thread_blocked, id=14760, stack(0x0000001105400000,0x0000001105500000)]
  0x0000020ac911f800 JavaThread "Common-Cleaner" daemon [_thread_blocked, id=48868, stack(0x0000001105500000,0x0000001105600000)]
  0x0000020ac91b1000 JavaThread "JDWP Transport Listener: dt_socket" daemon [_thread_blocked, id=48464, stack(0x0000001105800000,0x0000001105900000)]
  0x0000020ac91ad000 JavaThread "JDWP Event Helper Thread" daemon [_thread_blocked, id=37556, stack(0x0000001105900000,0x0000001105a00000)]
  0x0000020ac91ae000 JavaThread "JDWP Command Reader" daemon [_thread_in_native, id=29440, stack(0x0000001105a00000,0x0000001105b00000)]
  0x0000020ac9a0e000 JavaThread "Service Thread" daemon [_thread_blocked, id=37080, stack(0x0000001105b00000,0x0000001105c00000)]
  0x0000020ac9e79800 JavaThread "RMI TCP Accept-0" daemon [_thread_in_native, id=45020, stack(0x0000001105c00000,0x0000001105d00000)]
  0x0000020ac9eac800 JavaThread "RMI TCP Accept-56454" daemon [_thread_in_native, id=46604, stack(0x0000001105d00000,0x0000001105e00000)]
  0x0000020ac91eb800 JavaThread "RMI TCP Accept-0" daemon [_thread_in_native, id=27804, stack(0x0000001106300000,0x0000001106400000)]
  0x0000020aca248000 JavaThread "RMI Scheduler(0)" daemon [_thread_blocked, id=43712, stack(0x0000001106700000,0x0000001106800000)]
  0x0000020ac9e93000 JavaThread "spring.cloud.inetutils" daemon [_thread_blocked, id=43672, stack(0x0000001106800000,0x0000001106900000)]
  0x0000020acc56f800 JavaThread "Druid-ConnectionPool-Destroy-1965129924" daemon [_thread_blocked, id=9400, stack(0x0000001107100000,0x0000001107200000)]
  0x0000020acc571000 JavaThread "ContainerBackgroundProcessor[StandardEngine[Tomcat]]" daemon [_thread_blocked, id=49008, stack(0x0000001107500000,0x0000001107600000)]
  0x0000020ace9cc000 JavaThread "container-0" [_thread_blocked, id=29104, stack(0x0000001107600000,0x0000001107700000)]
  0x0000020ace9c9800 JavaThread "commons-pool-EvictionTimer" daemon [_thread_blocked, id=31268, stack(0x0000001107800000,0x0000001107900000)]
  0x0000020ace9c7000 JavaThread "DubboRegistryFailedRetryTimer-thread-1" daemon [_thread_blocked, id=6592, stack(0x0000001107700000,0x0000001107800000)]
  0x0000020ace9c8000 JavaThread "ZkClient-EventThread-61-192.168.0.56:2181" daemon [_thread_blocked, id=32180, stack(0x0000001107900000,0x0000001107a00000)]
  0x0000020ace9c6800 JavaThread "main-SendThread(192.168.0.56:2181)" daemon [_thread_in_native, id=45320, stack(0x0000001107a00000,0x0000001107b00000)]
  0x0000020ace9cb000 JavaThread "main-EventThread" daemon [_thread_blocked, id=47228, stack(0x0000001107b00000,0x0000001107c00000)]
  0x0000020ace9cd000 JavaThread "DubboSaveRegistryCache-thread-1" daemon [_thread_blocked, id=8396, stack(0x0000001107c00000,0x0000001107d00000)]
  0x0000020ace9cd800 JavaThread "pool-6-thread-1" [_thread_blocked, id=48652, stack(0x0000001107000000,0x0000001107100000)]
  0x0000020ace9ca800 JavaThread "RxIoScheduler-1 (Evictor)" daemon [_thread_blocked, id=33760, stack(0x0000001107d00000,0x0000001107e00000)]
  0x0000020ace9c8800 JavaThread "Eureka-JerseyClient-Conn-Cleaner2" daemon [_thread_blocked, id=21676, stack(0x0000001106a00000,0x0000001106b00000)]
  0x0000020ace9d2800 JavaThread "Eureka-JerseyClient-Conn-Cleaner2" daemon [_thread_blocked, id=48008, stack(0x0000001106b00000,0x0000001106c00000)]
  0x0000020ace9d4000 JavaThread "AsyncResolver-bootstrap-0" daemon [_thread_blocked, id=21808, stack(0x0000001106d00000,0x0000001106e00000)]
  0x0000020ace9d5000 JavaThread "DiscoveryClient-0" daemon [_thread_blocked, id=48192, stack(0x0000001106f00000,0x0000001107000000)]
  0x0000020ace9d1800 JavaThread "DiscoveryClient-1" daemon [_thread_blocked, id=47460, stack(0x0000001108100000,0x0000001108200000)]
  0x0000020ace9d1000 JavaThread "DiscoveryClient-InstanceInfoReplicator-0" daemon [_thread_blocked, id=26992, stack(0x0000001108200000,0x0000001108300000)]
  0x0000020ace9d3800 JavaThread "HystrixMetricPoller" daemon [_thread_blocked, id=47972, stack(0x0000001108300000,0x0000001108400000)]
  0x0000020ace9cf800 JavaThread "oracleCreateScheduler-1" [_thread_blocked, id=44236, stack(0x0000001108400000,0x0000001108500000)]
  0x0000020ace9d0000 JavaThread "oracleCreateScheduler-2" [_thread_blocked, id=16008, stack(0x0000001108500000,0x0000001108600000)]
  0x0000020acc572000 JavaThread "NioBlockingSelector.BlockPoller-1" daemon [_thread_in_native, id=22536, stack(0x0000001108600000,0x0000001108700000)]
  0x0000020acc56e800 JavaThread "http-nio-62004-exec-1" daemon [_thread_blocked, id=30716, stack(0x0000001108700000,0x0000001108800000)]
  0x0000020acc573000 JavaThread "http-nio-62004-exec-2" daemon [_thread_blocked, id=45552, stack(0x0000001108800000,0x0000001108900000)]
  0x0000020acedbd000 JavaThread "http-nio-62004-exec-3" daemon [_thread_blocked, id=26276, stack(0x0000001108900000,0x0000001108a00000)]
  0x0000020acedbe800 JavaThread "http-nio-62004-exec-4" daemon [_thread_blocked, id=37028, stack(0x0000001108a00000,0x0000001108b00000)]
  0x0000020acedc1000 JavaThread "http-nio-62004-exec-5" daemon [_thread_blocked, id=41032, stack(0x0000001108b00000,0x0000001108c00000)]
  0x0000020acedbb800 JavaThread "http-nio-62004-exec-6" daemon [_thread_blocked, id=44572, stack(0x0000001108c00000,0x0000001108d00000)]
  0x0000020acedbd800 JavaThread "http-nio-62004-exec-7" daemon [_thread_blocked, id=44360, stack(0x0000001108d00000,0x0000001108e00000)]
  0x0000020acedbf800 JavaThread "http-nio-62004-exec-8" daemon [_thread_blocked, id=44764, stack(0x0000001108e00000,0x0000001108f00000)]
  0x0000020acedc2000 JavaThread "http-nio-62004-exec-9" daemon [_thread_blocked, id=24804, stack(0x0000001108f00000,0x0000001109000000)]
  0x0000020acedc0000 JavaThread "http-nio-62004-exec-10" daemon [_thread_blocked, id=39000, stack(0x0000001109000000,0x0000001109100000)]
  0x0000020acedbc000 JavaThread "http-nio-62004-ClientPoller-0" daemon [_thread_in_native, id=46652, stack(0x0000001109100000,0x0000001109200000)]
  0x0000020acedc5000 JavaThread "http-nio-62004-ClientPoller-1" daemon [_thread_in_native, id=26092, stack(0x0000001109200000,0x0000001109300000)]
  0x0000020acedc2800 JavaThread "http-nio-62004-Acceptor-0" daemon [_thread_in_native, id=48808, stack(0x0000001109300000,0x0000001109400000)]
  0x0000020acedc6000 JavaThread "http-nio-62004-AsyncTimeout" daemon [_thread_blocked, id=35060, stack(0x0000001109400000,0x0000001109500000)]
  0x0000020acedc6800 JavaThread "DestroyJavaVM" [_thread_blocked, id=49304, stack(0x0000001104800000,0x0000001104900000)]
  0x0000020acf0e8800 JavaThread "OracleTimeoutPollingThread" daemon [_thread_blocked, id=41360, stack(0x0000001105700000,0x0000001105800000)]
  0x0000020acf0ec000 JavaThread "oracleCreateScheduler-3" [_thread_blocked, id=28884, stack(0x0000001107200000,0x0000001107300000)]
  0x0000020acf0ef800 JavaThread "DiscoveryClient-HeartbeatExecutor-0" daemon [_thread_blocked, id=36452, stack(0x0000001107300000,0x0000001107400000)]
  0x0000020acf0e9800 JavaThread "DiscoveryClient-CacheRefreshExecutor-0" daemon [_thread_blocked, id=17712, stack(0x0000001109b00000,0x0000001109c00000)]
  0x0000020acf0ea800 JavaThread "AsyncResolver-bootstrap-executor-0" daemon [_thread_blocked, id=43200, stack(0x0000001104500000,0x0000001104600000)]
  0x0000020acf0ed000 JavaThread "oracleCreateScheduler-4" [_thread_blocked, id=15104, stack(0x0000001104700000,0x0000001104800000)]
  0x0000020acf0ed800 JavaThread "oracleCreateScheduler-5" [_thread_blocked, id=33152, stack(0x0000001106500000,0x0000001106600000)]
  0x0000020acf0e8000 JavaThread "oracleCreateScheduler-6" [_thread_blocked, id=48796, stack(0x0000001104600000,0x0000001104700000)]
  0x0000020acf0f1000 JavaThread "oracleCreateScheduler-7" [_thread_blocked, id=4580, stack(0x0000001106c00000,0x0000001106d00000)]
  0x0000020acf0f3800 JavaThread "oracleCreateScheduler-8" [_thread_blocked, id=10828, stack(0x0000001107e00000,0x0000001107f00000)]
  0x0000020acf0f0000 JavaThread "oracleCreateScheduler-9" [_thread_blocked, id=40016, stack(0x0000001109500000,0x0000001109600000)]
  0x0000020acf0f2800 JavaThread "oracleCreateScheduler-10" [_thread_blocked, id=46848, stack(0x0000001109700000,0x0000001109800000)]
  0x0000020acf0f4000 JavaThread "oracleCreateScheduler-11" [_thread_blocked, id=46732, stack(0x0000001109900000,0x0000001109a00000)]
  0x0000020acf0e6800 JavaThread "oracleCreateScheduler-12" [_thread_blocked, id=48780, stack(0x0000001109600000,0x0000001109700000)]
  0x0000020acf0ee800 JavaThread "oracleCreateScheduler-13" [_thread_blocked, id=47252, stack(0x0000001109c00000,0x0000001109d00000)]
  0x0000020acf0f1800 JavaThread "oracleCreateScheduler-14" [_thread_blocked, id=11200, stack(0x0000001109d00000,0x0000001109e00000)]
  0x0000020acf0e7000 JavaThread "oracleCreateScheduler-15" [_thread_blocked, id=44864, stack(0x0000001109e00000,0x0000001109f00000)]
  0x0000020acf0eb000 JavaThread "oracleCreateScheduler-16" [_thread_blocked, id=47364, stack(0x0000001109f00000,0x000000110a000000)]
  0x0000020acf0f5000 JavaThread "oracleCreateScheduler-17" [_thread_blocked, id=44760, stack(0x000000110a000000,0x000000110a100000)]
  0x0000020acedc4800 JavaThread "oracleCreateScheduler-18" [_thread_blocked, id=45696, stack(0x000000110a100000,0x000000110a200000)]
  0x0000020acedc7800 JavaThread "oracleCreateScheduler-19" [_thread_blocked, id=15848, stack(0x000000110a200000,0x000000110a300000)]
  0x0000020acedc8800 JavaThread "oracleCreateScheduler-20" [_thread_blocked, id=50012, stack(0x000000110a300000,0x000000110a400000)]
  0x0000020acedc3800 JavaThread "oracleCreateScheduler-21" [_thread_blocked, id=46900, stack(0x000000110a400000,0x000000110a500000)]
  0x0000020acedc9000 JavaThread "oracleCreateScheduler-22" [_thread_blocked, id=48856, stack(0x000000110a500000,0x000000110a600000)]
  0x0000020acedca000 JavaThread "oracleCreateScheduler-23" [_thread_blocked, id=12592, stack(0x000000110a600000,0x000000110a700000)]
  0x0000020acc56e000 JavaThread "oracleCreateScheduler-24" [_thread_blocked, id=47880, stack(0x000000110a700000,0x000000110a800000)]
  0x0000020acc573800 JavaThread "oracleCreateScheduler-25" [_thread_blocked, id=43784, stack(0x000000110a800000,0x000000110a900000)]
  0x0000020acc570800 JavaThread "oracleCreateScheduler-26" [_thread_blocked, id=27792, stack(0x000000110a900000,0x000000110aa00000)]
  0x0000020ace9ce800 JavaThread "oracleCreateScheduler-27" [_thread_blocked, id=43016, stack(0x000000110aa00000,0x000000110ab00000)]
  0x0000020acc04c000 JavaThread "oracleCreateScheduler-28" [_thread_blocked, id=42664, stack(0x000000110ab00000,0x000000110ac00000)]
  0x0000020acc04d000 JavaThread "oracleCreateScheduler-29" [_thread_blocked, id=38828, stack(0x000000110ac00000,0x000000110ad00000)]
  0x0000020acc04e800 JavaThread "oracleCreateScheduler-30" [_thread_blocked, id=19076, stack(0x000000110ad00000,0x000000110ae00000)]
  0x0000020acc04d800 JavaThread "oracleCreateScheduler-31" [_thread_blocked, id=47400, stack(0x000000110ae00000,0x000000110af00000)]
  0x0000020acc048800 JavaThread "oracleCreateScheduler-32" [_thread_blocked, id=1256, stack(0x000000110af00000,0x000000110b000000)]
  0x0000020acc04f800 JavaThread "oracleCreateScheduler-33" [_thread_blocked, id=39368, stack(0x000000110b000000,0x000000110b100000)]
  0x0000020acc049800 JavaThread "oracleCreateScheduler-34" [_thread_blocked, id=46912, stack(0x000000110b100000,0x000000110b200000)]
  0x0000020acc04a800 JavaThread "oracleCreateScheduler-35" [_thread_blocked, id=47768, stack(0x000000110b200000,0x000000110b300000)]
  0x0000020acc04b000 JavaThread "oracleCreateScheduler-36" [_thread_blocked, id=49396, stack(0x000000110b300000,0x000000110b400000)]
  0x0000020acebdf800 JavaThread "oracleCreateScheduler-37" [_thread_blocked, id=30108, stack(0x000000110b400000,0x000000110b500000)]
  0x0000020acebde000 JavaThread "oracleCreateScheduler-38" [_thread_blocked, id=49664, stack(0x000000110b500000,0x000000110b600000)]
  0x0000020acebe3000 JavaThread "oracleCreateScheduler-39" [_thread_blocked, id=43496, stack(0x000000110b600000,0x000000110b700000)]
  0x0000020acebdf000 JavaThread "oracleCreateScheduler-40" [_thread_blocked, id=38020, stack(0x000000110b700000,0x000000110b800000)]
  0x0000020acebe0800 JavaThread "oracleCreateScheduler-41" [_thread_blocked, id=34952, stack(0x000000110b800000,0x000000110b900000)]
  0x0000020acebe1800 JavaThread "oracleCreateScheduler-42" [_thread_blocked, id=40164, stack(0x000000110b900000,0x000000110ba00000)]
  0x0000020acebe4800 JavaThread "oracleCreateScheduler-43" [_thread_blocked, id=36216, stack(0x000000110ba00000,0x000000110bb00000)]
  0x0000020acebe2000 JavaThread "oracleCreateScheduler-44" [_thread_blocked, id=38460, stack(0x000000110bb00000,0x000000110bc00000)]
  0x0000020acebe5800 JavaThread "oracleCreateScheduler-45" [_thread_blocked, id=36532, stack(0x000000110bc00000,0x000000110bd00000)]
  0x0000020acebe8000 JavaThread "oracleCreateScheduler-46" [_thread_blocked, id=36752, stack(0x000000110bd00000,0x000000110be00000)]
  0x0000020acebe7000 JavaThread "oracleCreateScheduler-47" [_thread_blocked, id=45896, stack(0x000000110be00000,0x000000110bf00000)]
  0x0000020acebe8800 JavaThread "oracleCreateScheduler-48" [_thread_blocked, id=49168, stack(0x000000110bf00000,0x000000110c000000)]
  0x0000020acebe4000 JavaThread "oracleCreateScheduler-49" [_thread_blocked, id=47300, stack(0x000000110c000000,0x000000110c100000)]
  0x0000020acebe9800 JavaThread "oracleCreateScheduler-50" [_thread_blocked, id=45852, stack(0x000000110c100000,0x000000110c200000)]

Other Threads:
=>0x0000020ac8ea1800 VMThread "VM Thread" [stack: 0x0000001104e00000,0x0000001104f00000] [id=45232] _threads_hazard_ptr=0x0000020acef79be0
  0x0000020ac9f41800 WatcherThread [stack: 0x0000001106400000,0x0000001106500000] [id=43404]
  0x0000020aa2e32800 GCTaskThread "GC Thread#0" [stack: 0x0000001104900000,0x0000001104a00000] [id=32012]
  0x0000020ac9ef8800 GCTaskThread "GC Thread#1" [stack: 0x0000001105e00000,0x0000001105f00000] [id=13996]
  0x0000020ac9ef9000 GCTaskThread "GC Thread#2" [stack: 0x0000001105f00000,0x0000001106000000] [id=13196]
  0x0000020ac9ef9800 GCTaskThread "GC Thread#3" [stack: 0x0000001106000000,0x0000001106100000] [id=38424]
  0x0000020ac9efa800 GCTaskThread "GC Thread#4" [stack: 0x0000001106100000,0x0000001106200000] [id=41384]
  0x0000020ac9efb000 GCTaskThread "GC Thread#5" [stack: 0x0000001106200000,0x0000001106300000] [id=38524]
  0x0000020ace890000 GCTaskThread "GC Thread#6" [stack: 0x0000001107400000,0x0000001107500000] [id=36152]
  0x0000020acf018800 GCTaskThread "GC Thread#7" [stack: 0x0000001109800000,0x0000001109900000] [id=37832]
  0x0000020aa2e8b000 ConcurrentGCThread "G1 Main Marker" [stack: 0x0000001104a00000,0x0000001104b00000] [id=14804]
  0x0000020aa2e8d800 ConcurrentGCThread "G1 Conc#0" [stack: 0x0000001104b00000,0x0000001104c00000] [id=45404]
  0x0000020aca612800 ConcurrentGCThread "G1 Conc#1" [stack: 0x0000001106900000,0x0000001106a00000] [id=44664]
  0x0000020ac8503000 ConcurrentGCThread "G1 Refine#0" [stack: 0x0000001104c00000,0x0000001104d00000] [id=11088]
  0x0000020acec1f800 ConcurrentGCThread "G1 Refine#1" [stack: 0x0000001107f00000,0x0000001108000000] [id=16296]
  0x0000020acecbe800 ConcurrentGCThread "G1 Refine#2" [stack: 0x0000001108000000,0x0000001108100000] [id=45588]
  0x0000020acf00e800 ConcurrentGCThread "G1 Refine#3" [stack: 0x0000001109a00000,0x0000001109b00000] [id=46880]
  0x0000020ac8504000 ConcurrentGCThread "G1 Young RemSet Sampling" [stack: 0x0000001104d00000,0x0000001104e00000] [id=40204]

Threads with active compile tasks:

VM state:at safepoint (normal execution)

VM Mutex/Monitor currently owned by a thread:  ([mutex/lock_event])
[0x0000020aa2e1a250] Threads_lock - owner thread: 0x0000020ac8ea1800

Heap address: 0x0000000702000000, size: 4064 MB, Compressed Oops mode: Zero based, Oop shift amount: 3
Narrow klass base: 0x0000000800000000, Narrow klass shift: 0
Compressed class space size: 1073741824 Address: 0x0000000800000000

Heap:
 garbage-first heap   total 294912K, used 139904K [0x0000000702000000, 0x0000000800000000)
  region size 1024K, 70 young (71680K), 6 survivors (6144K)
 Metaspace       used 79107K, capacity 80458K, committed 80508K, reserved 1120256K
  class space    used 9473K, capacity 9955K, committed 9984K, reserved 1048576K
Heap Regions: E=young(eden), S=young(survivor), O=old, HS=humongous(starts), HC=humongous(continues), CS=collection set, F=free, A=archive, TAMS=top-at-mark-start (previous, next)
|   0|0x0000000702000000, 0x00000007020ffff8, 0x0000000702100000| 99%| O|  |TAMS 0x0000000702000000, 0x0000000702000000| Untracked 
|   1|0x0000000702100000, 0x00000007021ffff0, 0x0000000702200000| 99%| O|  |TAMS 0x0000000702100000, 0x0000000702100000| Untracked 
|   2|0x0000000702200000, 0x00000007022f1c98, 0x0000000702300000| 94%| O|  |TAMS 0x0000000702200000, 0x0000000702200000| Untracked 
|   3|0x0000000702300000, 0x00000007023ffff8, 0x0000000702400000| 99%| O|  |TAMS 0x0000000702300000, 0x0000000702300000| Untracked 
|   4|0x0000000702400000, 0x00000007024fe6c8, 0x0000000702500000| 99%| O|  |TAMS 0x0000000702400000, 0x0000000702400000| Untracked 
|   5|0x0000000702500000, 0x0000000702600000, 0x0000000702600000|100%| O|  |TAMS 0x0000000702500000, 0x0000000702500000| Untracked 
|   6|0x0000000702600000, 0x00000007026ffec8, 0x0000000702700000| 99%| O|  |TAMS 0x0000000702600000, 0x0000000702600000| Untracked 
|   7|0x0000000702700000, 0x00000007027fff30, 0x0000000702800000| 99%| O|  |TAMS 0x0000000702700000, 0x0000000702700000| Untracked 
|   8|0x0000000702800000, 0x00000007028ffff8, 0x0000000702900000| 99%| O|  |TAMS 0x0000000702800000, 0x0000000702800000| Untracked 
|   9|0x0000000702900000, 0x0000000702a00000, 0x0000000702a00000|100%| O|  |TAMS 0x0000000702900000, 0x0000000702900000| Untracked 
|  10|0x0000000702a00000, 0x0000000702afffb8, 0x0000000702b00000| 99%| O|  |TAMS 0x0000000702a00000, 0x0000000702a00000| Untracked 
|  11|0x0000000702b00000, 0x0000000702bfffe0, 0x0000000702c00000| 99%| O|  |TAMS 0x0000000702b00000, 0x0000000702b00000| Untracked 
|  12|0x0000000702c00000, 0x0000000702cffff0, 0x0000000702d00000| 99%| O|  |TAMS 0x0000000702c00000, 0x0000000702c00000| Untracked 
|  13|0x0000000702d00000, 0x0000000702dffeb0, 0x0000000702e00000| 99%| O|  |TAMS 0x0000000702d00000, 0x0000000702d00000| Untracked 
|  14|0x0000000702e00000, 0x0000000702f00000, 0x0000000702f00000|100%| O|  |TAMS 0x0000000702e00000, 0x0000000702e00000| Untracked 
|  15|0x0000000702f00000, 0x0000000702fffff8, 0x0000000703000000| 99%| O|  |TAMS 0x0000000702f00000, 0x0000000702f00000| Untracked 
|  16|0x0000000703000000, 0x00000007030ffff8, 0x0000000703100000| 99%| O|  |TAMS 0x0000000703000000, 0x0000000703000000| Untracked 
|  17|0x0000000703100000, 0x00000007031fffd8, 0x0000000703200000| 99%| O|  |TAMS 0x0000000703100000, 0x0000000703100000| Untracked 
|  18|0x0000000703200000, 0x0000000703300000, 0x0000000703300000|100%| O|  |TAMS 0x0000000703200000, 0x0000000703200000| Untracked 
|  19|0x0000000703300000, 0x00000007033fffd0, 0x0000000703400000| 99%| O|  |TAMS 0x0000000703300000, 0x0000000703300000| Untracked 
|  20|0x0000000703400000, 0x0000000703500000, 0x0000000703500000|100%| O|  |TAMS 0x0000000703400000, 0x0000000703400000| Untracked 
|  21|0x0000000703500000, 0x00000007035fffc8, 0x0000000703600000| 99%| O|  |TAMS 0x0000000703500000, 0x0000000703500000| Untracked 
|  22|0x0000000703600000, 0x00000007036ff380, 0x0000000703700000| 99%| O|  |TAMS 0x0000000703600000, 0x0000000703600000| Untracked 
|  23|0x0000000703700000, 0x00000007037ffed0, 0x0000000703800000| 99%| O|  |TAMS 0x0000000703700000, 0x0000000703700000| Untracked 
|  24|0x0000000703800000, 0x00000007038f6390, 0x0000000703900000| 96%| O|  |TAMS 0x0000000703800000, 0x0000000703800000| Untracked 
|  25|0x0000000703900000, 0x00000007039ffff8, 0x0000000703a00000| 99%| O|  |TAMS 0x0000000703900000, 0x0000000703900000| Untracked 
|  26|0x0000000703a00000, 0x0000000703aeeab0, 0x0000000703b00000| 93%| O|  |TAMS 0x0000000703a00000, 0x0000000703a00000| Untracked 
|  27|0x0000000703b00000, 0x0000000703bfea18, 0x0000000703c00000| 99%| O|  |TAMS 0x0000000703b00000, 0x0000000703b00000| Untracked 
|  28|0x0000000703c00000, 0x0000000703d00000, 0x0000000703d00000|100%| O|  |TAMS 0x0000000703c00000, 0x0000000703c00000| Untracked 
|  29|0x0000000703d00000, 0x0000000703e00000, 0x0000000703e00000|100%| O|  |TAMS 0x0000000703d00000, 0x0000000703d00000| Untracked 
|  30|0x0000000703e00000, 0x0000000703f00000, 0x0000000703f00000|100%| O|  |TAMS 0x0000000703e00000, 0x0000000703e00000| Untracked 
|  31|0x0000000703f00000, 0x0000000704000000, 0x0000000704000000|100%| O|  |TAMS 0x0000000703f00000, 0x0000000703f00000| Untracked 
|  32|0x0000000704000000, 0x00000007040fef28, 0x0000000704100000| 99%| O|  |TAMS 0x0000000704000000, 0x0000000704000000| Untracked 
|  33|0x0000000704100000, 0x00000007041ffff0, 0x0000000704200000| 99%| O|  |TAMS 0x0000000704100000, 0x0000000704100000| Untracked 
|  34|0x0000000704200000, 0x00000007042fffc0, 0x0000000704300000| 99%| O|  |TAMS 0x0000000704200000, 0x0000000704200000| Untracked 
|  35|0x0000000704300000, 0x00000007043fffe8, 0x0000000704400000| 99%| O|  |TAMS 0x0000000704300000, 0x0000000704300000| Untracked 
|  36|0x0000000704400000, 0x0000000704500000, 0x0000000704500000|100%| O|  |TAMS 0x0000000704400000, 0x0000000704400000| Untracked 
|  37|0x0000000704500000, 0x00000007045fffd8, 0x0000000704600000| 99%| O|  |TAMS 0x0000000704500000, 0x0000000704500000| Untracked 
|  38|0x0000000704600000, 0x00000007046ffff0, 0x0000000704700000| 99%| O|  |TAMS 0x0000000704600000, 0x0000000704600000| Untracked 
|  39|0x0000000704700000, 0x00000007047fffe8, 0x0000000704800000| 99%| O|  |TAMS 0x0000000704700000, 0x0000000704700000| Untracked 
|  40|0x0000000704800000, 0x00000007048ffd80, 0x0000000704900000| 99%| O|  |TAMS 0x0000000704800000, 0x0000000704800000| Untracked 
|  41|0x0000000704900000, 0x0000000704a00000, 0x0000000704a00000|100%| O|  |TAMS 0x0000000704900000, 0x0000000704900000| Untracked 
|  42|0x0000000704a00000, 0x0000000704afffd8, 0x0000000704b00000| 99%| O|  |TAMS 0x0000000704a00000, 0x0000000704a00000| Untracked 
|  43|0x0000000704b00000, 0x0000000704bffff8, 0x0000000704c00000| 99%| O|  |TAMS 0x0000000704b00000, 0x0000000704b00000| Untracked 
|  44|0x0000000704c00000, 0x0000000704d00000, 0x0000000704d00000|100%| O|  |TAMS 0x0000000704c00000, 0x0000000704c00000| Untracked 
|  45|0x0000000704d00000, 0x0000000704e00000, 0x0000000704e00000|100%| O|  |TAMS 0x0000000704d00000, 0x0000000704d00000| Untracked 
|  46|0x0000000704e00000, 0x0000000704effff0, 0x0000000704f00000| 99%| O|  |TAMS 0x0000000704e00000, 0x0000000704e00000| Untracked 
|  47|0x0000000704f00000, 0x0000000704ffffe8, 0x0000000705000000| 99%| O|  |TAMS 0x0000000704f00000, 0x0000000704f00000| Untracked 
|  48|0x0000000705000000, 0x00000007050fffe8, 0x0000000705100000| 99%| O|  |TAMS 0x0000000705000000, 0x0000000705000000| Untracked 
|  49|0x0000000705100000, 0x00000007051fffb0, 0x0000000705200000| 99%| O|  |TAMS 0x0000000705100000, 0x0000000705100000| Untracked 
|  50|0x0000000705200000, 0x00000007052ffff0, 0x0000000705300000| 99%| O|  |TAMS 0x0000000705200000, 0x0000000705200000| Untracked 
|  51|0x0000000705300000, 0x00000007053fffd0, 0x0000000705400000| 99%| O|  |TAMS 0x0000000705300000, 0x0000000705300000| Untracked 
|  52|0x0000000705400000, 0x00000007054ffff0, 0x0000000705500000| 99%| O|  |TAMS 0x0000000705400000, 0x0000000705400000| Untracked 
|  53|0x0000000705500000, 0x00000007055fffd8, 0x0000000705600000| 99%| O|  |TAMS 0x0000000705500000, 0x0000000705500000| Untracked 
|  54|0x0000000705600000, 0x00000007056ffff8, 0x0000000705700000| 99%| O|  |TAMS 0x0000000705600000, 0x0000000705600000| Untracked 
|  55|0x0000000705700000, 0x00000007057fffb8, 0x0000000705800000| 99%| O|  |TAMS 0x0000000705700000, 0x0000000705700000| Untracked 
|  56|0x0000000705800000, 0x00000007058fff98, 0x0000000705900000| 99%| O|  |TAMS 0x0000000705800000, 0x0000000705800000| Untracked 
|  57|0x0000000705900000, 0x00000007059ffff8, 0x0000000705a00000| 99%| O|  |TAMS 0x0000000705900000, 0x0000000705900000| Untracked 
|  58|0x0000000705a00000, 0x0000000705b00000, 0x0000000705b00000|100%| O|  |TAMS 0x0000000705a00000, 0x0000000705a00000| Untracked 
|  59|0x0000000705b00000, 0x0000000705bf48a0, 0x0000000705c00000| 95%| O|  |TAMS 0x0000000705b00000, 0x0000000705b00000| Untracked 
|  60|0x0000000705c00000, 0x0000000705ce9b08, 0x0000000705d00000| 91%| O|  |TAMS 0x0000000705c00000, 0x0000000705c00000| Untracked 
|  61|0x0000000705d00000, 0x0000000705d00000, 0x0000000705e00000|  0%| F|  |TAMS 0x0000000705d00000, 0x0000000705d00000| Untracked 
|  62|0x0000000705e00000, 0x0000000705e00000, 0x0000000705f00000|  0%| F|  |TAMS 0x0000000705e00000, 0x0000000705e00000| Untracked 
|  63|0x0000000705f00000, 0x0000000705fd2680, 0x0000000706000000| 82%| O|  |TAMS 0x0000000705f00000, 0x0000000705f00000| Untracked 
|  64|0x0000000706000000, 0x0000000706000000, 0x0000000706100000|  0%| F|  |TAMS 0x0000000706000000, 0x0000000706000000| Untracked 
|  65|0x0000000706100000, 0x0000000706100000, 0x0000000706200000|  0%| F|  |TAMS 0x0000000706100000, 0x0000000706100000| Untracked 
|  66|0x0000000706200000, 0x0000000706200000, 0x0000000706300000|  0%| F|  |TAMS 0x0000000706200000, 0x0000000706200000| Untracked 
|  67|0x0000000706300000, 0x0000000706300000, 0x0000000706400000|  0%| F|  |TAMS 0x0000000706300000, 0x0000000706300000| Untracked 
|  68|0x0000000706400000, 0x0000000706400000, 0x0000000706500000|  0%| F|  |TAMS 0x0000000706400000, 0x0000000706400000| Untracked 
|  69|0x0000000706500000, 0x0000000706500000, 0x0000000706600000|  0%| F|  |TAMS 0x0000000706500000, 0x0000000706500000| Untracked 
|  70|0x0000000706600000, 0x0000000706600000, 0x0000000706700000|  0%| F|  |TAMS 0x0000000706600000, 0x0000000706600000| Untracked 
|  71|0x0000000706700000, 0x0000000706700000, 0x0000000706800000|  0%| F|  |TAMS 0x0000000706700000, 0x0000000706700000| Untracked 
|  72|0x0000000706800000, 0x0000000706800000, 0x0000000706900000|  0%| F|  |TAMS 0x0000000706800000, 0x0000000706800000| Untracked 
|  73|0x0000000706900000, 0x0000000706900000, 0x0000000706a00000|  0%| F|  |TAMS 0x0000000706900000, 0x0000000706900000| Untracked 
|  74|0x0000000706a00000, 0x0000000706afffd8, 0x0000000706b00000| 99%| O|  |TAMS 0x0000000706a00000, 0x0000000706a00000| Untracked 
|  75|0x0000000706b00000, 0x0000000706b00000, 0x0000000706c00000|  0%| F|  |TAMS 0x0000000706b00000, 0x0000000706b00000| Untracked 
|  76|0x0000000706c00000, 0x0000000706c00000, 0x0000000706d00000|  0%| F|  |TAMS 0x0000000706c00000, 0x0000000706c00000| Untracked 
|  77|0x0000000706d00000, 0x0000000706d00000, 0x0000000706e00000|  0%| F|  |TAMS 0x0000000706d00000, 0x0000000706d00000| Untracked 
|  78|0x0000000706e00000, 0x0000000706e03e58, 0x0000000706f00000|  1%| O|  |TAMS 0x0000000706e00000, 0x0000000706e00000| Untracked 
|  79|0x0000000706f00000, 0x0000000706f00000, 0x0000000707000000|  0%| F|  |TAMS 0x0000000706f00000, 0x0000000706f00000| Untracked 
|  80|0x0000000707000000, 0x0000000707000000, 0x0000000707100000|  0%| F|  |TAMS 0x0000000707000000, 0x0000000707000000| Untracked 
|  81|0x0000000707100000, 0x0000000707100000, 0x0000000707200000|  0%| F|  |TAMS 0x0000000707100000, 0x0000000707100000| Untracked 
|  82|0x0000000707200000, 0x0000000707200000, 0x0000000707300000|  0%| F|  |TAMS 0x0000000707200000, 0x0000000707200000| Untracked 
|  83|0x0000000707300000, 0x0000000707300000, 0x0000000707400000|  0%| F|  |TAMS 0x0000000707300000, 0x0000000707300000| Untracked 
|  84|0x0000000707400000, 0x0000000707400000, 0x0000000707500000|  0%| F|  |TAMS 0x0000000707400000, 0x0000000707400000| Untracked 
|  85|0x0000000707500000, 0x0000000707500000, 0x0000000707600000|  0%| F|  |TAMS 0x0000000707500000, 0x0000000707500000| Untracked 
|  86|0x0000000707600000, 0x0000000707600000, 0x0000000707700000|  0%| F|  |TAMS 0x0000000707600000, 0x0000000707600000| Untracked 
|  87|0x0000000707700000, 0x0000000707700000, 0x0000000707800000|  0%| F|  |TAMS 0x0000000707700000, 0x0000000707700000| Untracked 
|  88|0x0000000707800000, 0x0000000707800000, 0x0000000707900000|  0%| F|  |TAMS 0x0000000707800000, 0x0000000707800000| Untracked 
|  89|0x0000000707900000, 0x0000000707900000, 0x0000000707a00000|  0%| F|  |TAMS 0x0000000707900000, 0x0000000707900000| Untracked 
|  90|0x0000000707a00000, 0x0000000707a00000, 0x0000000707b00000|  0%| F|  |TAMS 0x0000000707a00000, 0x0000000707a00000| Untracked 
|  91|0x0000000707b00000, 0x0000000707b00000, 0x0000000707c00000|  0%| F|  |TAMS 0x0000000707b00000, 0x0000000707b00000| Untracked 
|  92|0x0000000707c00000, 0x0000000707c00000, 0x0000000707d00000|  0%| F|  |TAMS 0x0000000707c00000, 0x0000000707c00000| Untracked 
|  93|0x0000000707d00000, 0x0000000707d00000, 0x0000000707e00000|  0%| F|  |TAMS 0x0000000707d00000, 0x0000000707d00000| Untracked 
|  94|0x0000000707e00000, 0x0000000707e00000, 0x0000000707f00000|  0%| F|  |TAMS 0x0000000707e00000, 0x0000000707e00000| Untracked 
|  95|0x0000000707f00000, 0x0000000707f00000, 0x0000000708000000|  0%| F|  |TAMS 0x0000000707f00000, 0x0000000707f00000| Untracked 
|  96|0x0000000708000000, 0x0000000708000000, 0x0000000708100000|  0%| F|  |TAMS 0x0000000708000000, 0x0000000708000000| Untracked 
|  97|0x0000000708100000, 0x0000000708100000, 0x0000000708200000|  0%| F|  |TAMS 0x0000000708100000, 0x0000000708100000| Untracked 
|  98|0x0000000708200000, 0x00000007082422c0, 0x0000000708300000| 25%| S|CS|TAMS 0x0000000708200000, 0x0000000708200000| Complete 
|  99|0x0000000708300000, 0x0000000708400000, 0x0000000708400000|100%| S|CS|TAMS 0x0000000708300000, 0x0000000708300000| Complete 
| 100|0x0000000708400000, 0x0000000708500000, 0x0000000708500000|100%| S|CS|TAMS 0x0000000708400000, 0x0000000708400000| Complete 
| 101|0x0000000708500000, 0x0000000708600000, 0x0000000708600000|100%| S|CS|TAMS 0x0000000708500000, 0x0000000708500000| Complete 
| 102|0x0000000708600000, 0x0000000708700000, 0x0000000708700000|100%| S|CS|TAMS 0x0000000708600000, 0x0000000708600000| Complete 
| 103|0x0000000708700000, 0x0000000708800000, 0x0000000708800000|100%| S|CS|TAMS 0x0000000708700000, 0x0000000708700000| Complete 
| 104|0x0000000708800000, 0x0000000708800000, 0x0000000708900000|  0%| F|  |TAMS 0x0000000708800000, 0x0000000708800000| Untracked 
| 105|0x0000000708900000, 0x0000000708900000, 0x0000000708a00000|  0%| F|  |TAMS 0x0000000708900000, 0x0000000708900000| Untracked 
| 106|0x0000000708a00000, 0x0000000708a00000, 0x0000000708b00000|  0%| F|  |TAMS 0x0000000708a00000, 0x0000000708a00000| Untracked 
| 107|0x0000000708b00000, 0x0000000708bfffb8, 0x0000000708c00000| 99%| O|  |TAMS 0x0000000708b00000, 0x0000000708b00000| Untracked 
| 108|0x0000000708c00000, 0x0000000708c00000, 0x0000000708d00000|  0%| F|  |TAMS 0x0000000708c00000, 0x0000000708c00000| Untracked 
| 109|0x0000000708d00000, 0x0000000708d00000, 0x0000000708e00000|  0%| F|  |TAMS 0x0000000708d00000, 0x0000000708d00000| Untracked 
| 110|0x0000000708e00000, 0x0000000708e00000, 0x0000000708f00000|  0%| F|  |TAMS 0x0000000708e00000, 0x0000000708e00000| Untracked 
| 111|0x0000000708f00000, 0x0000000708fff5f0, 0x0000000709000000| 99%| O|  |TAMS 0x0000000708f00000, 0x0000000708f00000| Untracked 
| 112|0x0000000709000000, 0x0000000709000000, 0x0000000709100000|  0%| F|  |TAMS 0x0000000709000000, 0x0000000709000000| Untracked 
| 113|0x0000000709100000, 0x0000000709100000, 0x0000000709200000|  0%| F|  |TAMS 0x0000000709100000, 0x0000000709100000| Untracked 
| 114|0x0000000709200000, 0x0000000709200000, 0x0000000709300000|  0%| F|  |TAMS 0x0000000709200000, 0x0000000709200000| Untracked 
| 115|0x0000000709300000, 0x0000000709370050, 0x0000000709400000| 43%| O|  |TAMS 0x0000000709300000, 0x0000000709300000| Untracked 
| 116|0x0000000709400000, 0x00000007094fffe8, 0x0000000709500000| 99%| O|  |TAMS 0x0000000709400000, 0x0000000709400000| Untracked 
| 117|0x0000000709500000, 0x00000007095bd290, 0x0000000709600000| 73%| O|  |TAMS 0x0000000709500000, 0x0000000709500000| Untracked 
| 118|0x0000000709600000, 0x0000000709700000, 0x0000000709700000|100%| O|  |TAMS 0x0000000709600000, 0x0000000709600000| Untracked 
| 119|0x0000000709700000, 0x0000000709700000, 0x0000000709800000|  0%| F|  |TAMS 0x0000000709700000, 0x0000000709700000| Untracked 
| 120|0x0000000709800000, 0x0000000709800000, 0x0000000709900000|  0%| F|  |TAMS 0x0000000709800000, 0x0000000709800000| Untracked 
| 121|0x0000000709900000, 0x0000000709900000, 0x0000000709a00000|  0%| F|  |TAMS 0x0000000709900000, 0x0000000709900000| Untracked 
| 122|0x0000000709a00000, 0x0000000709a00000, 0x0000000709b00000|  0%| F|  |TAMS 0x0000000709a00000, 0x0000000709a00000| Untracked 
| 123|0x0000000709b00000, 0x0000000709b00000, 0x0000000709c00000|  0%| F|  |TAMS 0x0000000709b00000, 0x0000000709b00000| Untracked 
| 124|0x0000000709c00000, 0x0000000709c00000, 0x0000000709d00000|  0%| F|  |TAMS 0x0000000709c00000, 0x0000000709c00000| Untracked 
| 125|0x0000000709d00000, 0x0000000709d00000, 0x0000000709e00000|  0%| F|  |TAMS 0x0000000709d00000, 0x0000000709d00000| Untracked 
| 126|0x0000000709e00000, 0x0000000709e00000, 0x0000000709f00000|  0%| F|  |TAMS 0x0000000709e00000, 0x0000000709e00000| Untracked 
| 127|0x0000000709f00000, 0x0000000709f00000, 0x000000070a000000|  0%| F|  |TAMS 0x0000000709f00000, 0x0000000709f00000| Untracked 
| 128|0x000000070a000000, 0x000000070a000000, 0x000000070a100000|  0%| F|  |TAMS 0x000000070a000000, 0x000000070a000000| Untracked 
| 129|0x000000070a100000, 0x000000070a100000, 0x000000070a200000|  0%| F|  |TAMS 0x000000070a100000, 0x000000070a100000| Untracked 
| 130|0x000000070a200000, 0x000000070a200000, 0x000000070a300000|  0%| F|  |TAMS 0x000000070a200000, 0x000000070a200000| Untracked 
| 131|0x000000070a300000, 0x000000070a300000, 0x000000070a400000|  0%| F|  |TAMS 0x000000070a300000, 0x000000070a300000| Untracked 
| 132|0x000000070a400000, 0x000000070a400000, 0x000000070a500000|  0%| F|  |TAMS 0x000000070a400000, 0x000000070a400000| Untracked 
| 133|0x000000070a500000, 0x000000070a500000, 0x000000070a600000|  0%| F|  |TAMS 0x000000070a500000, 0x000000070a500000| Untracked 
| 134|0x000000070a600000, 0x000000070a600000, 0x000000070a700000|  0%| F|  |TAMS 0x000000070a600000, 0x000000070a600000| Untracked 
| 135|0x000000070a700000, 0x000000070a700000, 0x000000070a800000|  0%| F|  |TAMS 0x000000070a700000, 0x000000070a700000| Untracked 
| 136|0x000000070a800000, 0x000000070a800000, 0x000000070a900000|  0%| F|  |TAMS 0x000000070a800000, 0x000000070a800000| Untracked 
| 137|0x000000070a900000, 0x000000070a900000, 0x000000070aa00000|  0%| F|  |TAMS 0x000000070a900000, 0x000000070a900000| Untracked 
| 138|0x000000070aa00000, 0x000000070aa00000, 0x000000070ab00000|  0%| F|  |TAMS 0x000000070aa00000, 0x000000070aa00000| Untracked 
| 139|0x000000070ab00000, 0x000000070ab00000, 0x000000070ac00000|  0%| F|  |TAMS 0x000000070ab00000, 0x000000070ab00000| Untracked 
| 140|0x000000070ac00000, 0x000000070ac00000, 0x000000070ad00000|  0%| F|  |TAMS 0x000000070ac00000, 0x000000070ac00000| Untracked 
| 141|0x000000070ad00000, 0x000000070ad00000, 0x000000070ae00000|  0%| F|  |TAMS 0x000000070ad00000, 0x000000070ad00000| Untracked 
| 142|0x000000070ae00000, 0x000000070ae00000, 0x000000070af00000|  0%| F|  |TAMS 0x000000070ae00000, 0x000000070ae00000| Untracked 
| 143|0x000000070af00000, 0x000000070af00000, 0x000000070b000000|  0%| F|  |TAMS 0x000000070af00000, 0x000000070af00000| Untracked 
| 144|0x000000070b000000, 0x000000070b000000, 0x000000070b100000|  0%| F|  |TAMS 0x000000070b000000, 0x000000070b000000| Untracked 
| 145|0x000000070b100000, 0x000000070b100000, 0x000000070b200000|  0%| F|  |TAMS 0x000000070b100000, 0x000000070b100000| Untracked 
| 146|0x000000070b200000, 0x000000070b200000, 0x000000070b300000|  0%| F|  |TAMS 0x000000070b200000, 0x000000070b200000| Untracked 
| 147|0x000000070b300000, 0x000000070b300000, 0x000000070b400000|  0%| F|  |TAMS 0x000000070b300000, 0x000000070b300000| Untracked 
| 148|0x000000070b400000, 0x000000070b400000, 0x000000070b500000|  0%| F|  |TAMS 0x000000070b400000, 0x000000070b400000| Untracked 
| 149|0x000000070b500000, 0x000000070b500000, 0x000000070b600000|  0%| F|  |TAMS 0x000000070b500000, 0x000000070b500000| Untracked 
| 150|0x000000070b600000, 0x000000070b600000, 0x000000070b700000|  0%| F|  |TAMS 0x000000070b600000, 0x000000070b600000| Untracked 
| 151|0x000000070b700000, 0x000000070b700000, 0x000000070b800000|  0%| F|  |TAMS 0x000000070b700000, 0x000000070b700000| Untracked 
| 152|0x000000070b800000, 0x000000070b800000, 0x000000070b900000|  0%| F|  |TAMS 0x000000070b800000, 0x000000070b800000| Untracked 
| 153|0x000000070b900000, 0x000000070b900000, 0x000000070ba00000|  0%| F|  |TAMS 0x000000070b900000, 0x000000070b900000| Untracked 
| 154|0x000000070ba00000, 0x000000070ba00000, 0x000000070bb00000|  0%| F|  |TAMS 0x000000070ba00000, 0x000000070ba00000| Untracked 
| 155|0x000000070bb00000, 0x000000070bb00000, 0x000000070bc00000|  0%| F|  |TAMS 0x000000070bb00000, 0x000000070bb00000| Untracked 
| 156|0x000000070bc00000, 0x000000070bc00000, 0x000000070bd00000|  0%| F|  |TAMS 0x000000070bc00000, 0x000000070bc00000| Untracked 
| 157|0x000000070bd00000, 0x000000070bd00000, 0x000000070be00000|  0%| F|  |TAMS 0x000000070bd00000, 0x000000070bd00000| Untracked 
| 158|0x000000070be00000, 0x000000070be00000, 0x000000070bf00000|  0%| F|  |TAMS 0x000000070be00000, 0x000000070be00000| Untracked 
| 159|0x000000070bf00000, 0x000000070bf00000, 0x000000070c000000|  0%| F|  |TAMS 0x000000070bf00000, 0x000000070bf00000| Untracked 
| 160|0x000000070c000000, 0x000000070c000000, 0x000000070c100000|  0%| F|  |TAMS 0x000000070c000000, 0x000000070c000000| Untracked 
| 161|0x000000070c100000, 0x000000070c100000, 0x000000070c200000|  0%| F|  |TAMS 0x000000070c100000, 0x000000070c100000| Untracked 
| 162|0x000000070c200000, 0x000000070c200000, 0x000000070c300000|  0%| F|  |TAMS 0x000000070c200000, 0x000000070c200000| Untracked 
| 163|0x000000070c300000, 0x000000070c300000, 0x000000070c400000|  0%| F|  |TAMS 0x000000070c300000, 0x000000070c300000| Untracked 
| 164|0x000000070c400000, 0x000000070c495a10, 0x000000070c500000| 58%| O|  |TAMS 0x000000070c400000, 0x000000070c400000| Untracked 
| 165|0x000000070c500000, 0x000000070c500000, 0x000000070c600000|  0%| F|  |TAMS 0x000000070c500000, 0x000000070c500000| Untracked 
| 166|0x000000070c600000, 0x000000070c600000, 0x000000070c700000|  0%| F|  |TAMS 0x000000070c600000, 0x000000070c600000| Untracked 
| 167|0x000000070c700000, 0x000000070c700000, 0x000000070c800000|  0%| F|  |TAMS 0x000000070c700000, 0x000000070c700000| Untracked 
| 168|0x000000070c800000, 0x000000070c800000, 0x000000070c900000|  0%| F|  |TAMS 0x000000070c800000, 0x000000070c800000| Untracked 
| 169|0x000000070c900000, 0x000000070c900000, 0x000000070ca00000|  0%| F|  |TAMS 0x000000070c900000, 0x000000070c900000| Untracked 
| 170|0x000000070ca00000, 0x000000070ca00000, 0x000000070cb00000|  0%| F|  |TAMS 0x000000070ca00000, 0x000000070ca00000| Untracked 
| 171|0x000000070cb00000, 0x000000070cb00000, 0x000000070cc00000|  0%| F|  |TAMS 0x000000070cb00000, 0x000000070cb00000| Untracked 
| 172|0x000000070cc00000, 0x000000070cc00000, 0x000000070cd00000|  0%| F|  |TAMS 0x000000070cc00000, 0x000000070cc00000| Untracked 
| 173|0x000000070cd00000, 0x000000070cd00000, 0x000000070ce00000|  0%| F|  |TAMS 0x000000070cd00000, 0x000000070cd00000| Untracked 
| 174|0x000000070ce00000, 0x000000070ce00000, 0x000000070cf00000|  0%| F|  |TAMS 0x000000070ce00000, 0x000000070ce00000| Untracked 
| 175|0x000000070cf00000, 0x000000070cf00000, 0x000000070d000000|  0%| F|  |TAMS 0x000000070cf00000, 0x000000070cf00000| Untracked 
| 176|0x000000070d000000, 0x000000070d000000, 0x000000070d100000|  0%| F|  |TAMS 0x000000070d000000, 0x000000070d000000| Untracked 
| 177|0x000000070d100000, 0x000000070d100000, 0x000000070d200000|  0%| F|  |TAMS 0x000000070d100000, 0x000000070d100000| Untracked 
| 178|0x000000070d200000, 0x000000070d200000, 0x000000070d300000|  0%| F|  |TAMS 0x000000070d200000, 0x000000070d200000| Untracked 
| 179|0x000000070d300000, 0x000000070d300000, 0x000000070d400000|  0%| F|  |TAMS 0x000000070d300000, 0x000000070d300000| Untracked 
| 180|0x000000070d400000, 0x000000070d400000, 0x000000070d500000|  0%| F|  |TAMS 0x000000070d400000, 0x000000070d400000| Untracked 
| 181|0x000000070d500000, 0x000000070d500000, 0x000000070d600000|  0%| F|  |TAMS 0x000000070d500000, 0x000000070d500000| Untracked 
| 182|0x000000070d600000, 0x000000070d600000, 0x000000070d700000|  0%| F|  |TAMS 0x000000070d600000, 0x000000070d600000| Untracked 
| 183|0x000000070d700000, 0x000000070d700000, 0x000000070d800000|  0%| F|  |TAMS 0x000000070d700000, 0x000000070d700000| Untracked 
| 184|0x000000070d800000, 0x000000070d800000, 0x000000070d900000|  0%| F|  |TAMS 0x000000070d800000, 0x000000070d800000| Untracked 
| 185|0x000000070d900000, 0x000000070d900000, 0x000000070da00000|  0%| F|  |TAMS 0x000000070d900000, 0x000000070d900000| Untracked 
| 186|0x000000070da00000, 0x000000070da00000, 0x000000070db00000|  0%| F|  |TAMS 0x000000070da00000, 0x000000070da00000| Untracked 
| 187|0x000000070db00000, 0x000000070db00000, 0x000000070dc00000|  0%| F|  |TAMS 0x000000070db00000, 0x000000070db00000| Untracked 
| 188|0x000000070dc00000, 0x000000070dc00000, 0x000000070dd00000|  0%| F|  |TAMS 0x000000070dc00000, 0x000000070dc00000| Untracked 
| 189|0x000000070dd00000, 0x000000070dd00000, 0x000000070de00000|  0%| F|  |TAMS 0x000000070dd00000, 0x000000070dd00000| Untracked 
| 190|0x000000070de00000, 0x000000070de15fd8, 0x000000070df00000|  8%| O|  |TAMS 0x000000070de00000, 0x000000070de00000| Untracked 
| 191|0x000000070df00000, 0x000000070df00000, 0x000000070e000000|  0%| F|  |TAMS 0x000000070df00000, 0x000000070df00000| Untracked 
| 192|0x000000070e000000, 0x000000070e000000, 0x000000070e100000|  0%| F|  |TAMS 0x000000070e000000, 0x000000070e000000| Untracked 
| 193|0x000000070e100000, 0x000000070e100000, 0x000000070e200000|  0%| F|  |TAMS 0x000000070e100000, 0x000000070e100000| Untracked 
| 194|0x000000070e200000, 0x000000070e200000, 0x000000070e300000|  0%| F|  |TAMS 0x000000070e200000, 0x000000070e200000| Untracked 
| 195|0x000000070e300000, 0x000000070e300000, 0x000000070e400000|  0%| F|  |TAMS 0x000000070e300000, 0x000000070e300000| Untracked 
| 196|0x000000070e400000, 0x000000070e400000, 0x000000070e500000|  0%| F|  |TAMS 0x000000070e400000, 0x000000070e400000| Untracked 
| 197|0x000000070e500000, 0x000000070e500000, 0x000000070e600000|  0%| F|  |TAMS 0x000000070e500000, 0x000000070e500000| Untracked 
| 198|0x000000070e600000, 0x000000070e600000, 0x000000070e700000|  0%| F|  |TAMS 0x000000070e600000, 0x000000070e600000| Untracked 
| 199|0x000000070e700000, 0x000000070e700000, 0x000000070e800000|  0%| F|  |TAMS 0x000000070e700000, 0x000000070e700000| Untracked 
| 200|0x000000070e800000, 0x000000070e800000, 0x000000070e900000|  0%| F|  |TAMS 0x000000070e800000, 0x000000070e800000| Untracked 
| 201|0x000000070e900000, 0x000000070e900000, 0x000000070ea00000|  0%| F|  |TAMS 0x000000070e900000, 0x000000070e900000| Untracked 
| 202|0x000000070ea00000, 0x000000070ea00000, 0x000000070eb00000|  0%| F|  |TAMS 0x000000070ea00000, 0x000000070ea00000| Untracked 
| 203|0x000000070eb00000, 0x000000070eb00000, 0x000000070ec00000|  0%| F|  |TAMS 0x000000070eb00000, 0x000000070eb00000| Untracked 
| 204|0x000000070ec00000, 0x000000070ec00000, 0x000000070ed00000|  0%| F|  |TAMS 0x000000070ec00000, 0x000000070ec00000| Untracked 
| 205|0x000000070ed00000, 0x000000070ed00000, 0x000000070ee00000|  0%| F|  |TAMS 0x000000070ed00000, 0x000000070ed00000| Untracked 
| 206|0x000000070ee00000, 0x000000070ee00000, 0x000000070ef00000|  0%| F|  |TAMS 0x000000070ee00000, 0x000000070ee00000| Untracked 
| 207|0x000000070ef00000, 0x000000070ef00000, 0x000000070f000000|  0%| F|  |TAMS 0x000000070ef00000, 0x000000070ef00000| Untracked 
| 208|0x000000070f000000, 0x000000070f000000, 0x000000070f100000|  0%| F|  |TAMS 0x000000070f000000, 0x000000070f000000| Untracked 
| 209|0x000000070f100000, 0x000000070f100000, 0x000000070f200000|  0%| F|  |TAMS 0x000000070f100000, 0x000000070f100000| Untracked 
| 210|0x000000070f200000, 0x000000070f200000, 0x000000070f300000|  0%| F|  |TAMS 0x000000070f200000, 0x000000070f200000| Untracked 
| 211|0x000000070f300000, 0x000000070f300000, 0x000000070f400000|  0%| F|  |TAMS 0x000000070f300000, 0x000000070f300000| Untracked 
| 212|0x000000070f400000, 0x000000070f400000, 0x000000070f500000|  0%| F|  |TAMS 0x000000070f400000, 0x000000070f400000| Untracked 
| 213|0x000000070f500000, 0x000000070f500000, 0x000000070f600000|  0%| F|  |TAMS 0x000000070f500000, 0x000000070f500000| Untracked 
| 214|0x000000070f600000, 0x000000070f600000, 0x000000070f700000|  0%| F|  |TAMS 0x000000070f600000, 0x000000070f600000| Untracked 
| 215|0x000000070f700000, 0x000000070f700000, 0x000000070f800000|  0%| F|  |TAMS 0x000000070f700000, 0x000000070f700000| Untracked 
| 216|0x000000070f800000, 0x000000070f800000, 0x000000070f900000|  0%| F|  |TAMS 0x000000070f800000, 0x000000070f800000| Untracked 
| 217|0x000000070f900000, 0x000000070f900000, 0x000000070fa00000|  0%| F|  |TAMS 0x000000070f900000, 0x000000070f900000| Untracked 
| 218|0x000000070fa00000, 0x000000070fa00000, 0x000000070fb00000|  0%| F|  |TAMS 0x000000070fa00000, 0x000000070fa00000| Untracked 
| 219|0x000000070fb00000, 0x000000070fb00000, 0x000000070fc00000|  0%| F|  |TAMS 0x000000070fb00000, 0x000000070fb00000| Untracked 
| 220|0x000000070fc00000, 0x000000070fc00000, 0x000000070fd00000|  0%| F|  |TAMS 0x000000070fc00000, 0x000000070fc00000| Untracked 
| 221|0x000000070fd00000, 0x000000070fd00000, 0x000000070fe00000|  0%| F|  |TAMS 0x000000070fd00000, 0x000000070fd00000| Untracked 
| 222|0x000000070fe00000, 0x000000070fe00000, 0x000000070ff00000|  0%| F|  |TAMS 0x000000070fe00000, 0x000000070fe00000| Untracked 
| 223|0x000000070ff00000, 0x000000070ff00000, 0x0000000710000000|  0%| F|  |TAMS 0x000000070ff00000, 0x000000070ff00000| Untracked 
| 224|0x0000000710000000, 0x0000000710082010, 0x0000000710100000| 50%| E|  |TAMS 0x0000000710000000, 0x0000000710000000| Complete 
| 225|0x0000000710100000, 0x0000000710200000, 0x0000000710200000|100%| E|CS|TAMS 0x0000000710100000, 0x0000000710100000| Complete 
| 226|0x0000000710200000, 0x0000000710300000, 0x0000000710300000|100%| E|CS|TAMS 0x0000000710200000, 0x0000000710200000| Complete 
| 227|0x0000000710300000, 0x0000000710400000, 0x0000000710400000|100%| E|CS|TAMS 0x0000000710300000, 0x0000000710300000| Complete 
| 228|0x0000000710400000, 0x0000000710500000, 0x0000000710500000|100%| E|CS|TAMS 0x0000000710400000, 0x0000000710400000| Complete 
| 229|0x0000000710500000, 0x0000000710600000, 0x0000000710600000|100%| E|CS|TAMS 0x0000000710500000, 0x0000000710500000| Complete 
| 230|0x0000000710600000, 0x0000000710700000, 0x0000000710700000|100%| E|CS|TAMS 0x0000000710600000, 0x0000000710600000| Complete 
| 231|0x0000000710700000, 0x0000000710800000, 0x0000000710800000|100%| E|CS|TAMS 0x0000000710700000, 0x0000000710700000| Complete 
| 232|0x0000000710800000, 0x0000000710900000, 0x0000000710900000|100%| E|CS|TAMS 0x0000000710800000, 0x0000000710800000| Complete 
| 233|0x0000000710900000, 0x0000000710a00000, 0x0000000710a00000|100%| E|CS|TAMS 0x0000000710900000, 0x0000000710900000| Complete 
| 234|0x0000000710a00000, 0x0000000710b00000, 0x0000000710b00000|100%| E|CS|TAMS 0x0000000710a00000, 0x0000000710a00000| Complete 
| 235|0x0000000710b00000, 0x0000000710c00000, 0x0000000710c00000|100%| E|CS|TAMS 0x0000000710b00000, 0x0000000710b00000| Complete 
| 236|0x0000000710c00000, 0x0000000710d00000, 0x0000000710d00000|100%| E|CS|TAMS 0x0000000710c00000, 0x0000000710c00000| Complete 
| 237|0x0000000710d00000, 0x0000000710e00000, 0x0000000710e00000|100%| E|CS|TAMS 0x0000000710d00000, 0x0000000710d00000| Complete 
| 238|0x0000000710e00000, 0x0000000710f00000, 0x0000000710f00000|100%| E|CS|TAMS 0x0000000710e00000, 0x0000000710e00000| Complete 
| 239|0x0000000710f00000, 0x0000000711000000, 0x0000000711000000|100%| E|CS|TAMS 0x0000000710f00000, 0x0000000710f00000| Complete 
| 240|0x0000000711000000, 0x0000000711100000, 0x0000000711100000|100%| E|CS|TAMS 0x0000000711000000, 0x0000000711000000| Complete 
| 241|0x0000000711100000, 0x0000000711200000, 0x0000000711200000|100%| E|CS|TAMS 0x0000000711100000, 0x0000000711100000| Complete 
| 242|0x0000000711200000, 0x0000000711300000, 0x0000000711300000|100%| E|CS|TAMS 0x0000000711200000, 0x0000000711200000| Complete 
| 243|0x0000000711300000, 0x0000000711400000, 0x0000000711400000|100%| E|CS|TAMS 0x0000000711300000, 0x0000000711300000| Complete 
| 244|0x0000000711400000, 0x0000000711500000, 0x0000000711500000|100%| E|CS|TAMS 0x0000000711400000, 0x0000000711400000| Complete 
| 245|0x0000000711500000, 0x0000000711600000, 0x0000000711600000|100%| E|CS|TAMS 0x0000000711500000, 0x0000000711500000| Complete 
| 246|0x0000000711600000, 0x0000000711700000, 0x0000000711700000|100%| E|CS|TAMS 0x0000000711600000, 0x0000000711600000| Complete 
| 247|0x0000000711700000, 0x0000000711800000, 0x0000000711800000|100%| E|CS|TAMS 0x0000000711700000, 0x0000000711700000| Complete 
| 248|0x0000000711800000, 0x0000000711900000, 0x0000000711900000|100%| E|CS|TAMS 0x0000000711800000, 0x0000000711800000| Complete 
| 249|0x0000000711900000, 0x0000000711a00000, 0x0000000711a00000|100%| E|CS|TAMS 0x0000000711900000, 0x0000000711900000| Complete 
| 250|0x0000000711a00000, 0x0000000711b00000, 0x0000000711b00000|100%| E|CS|TAMS 0x0000000711a00000, 0x0000000711a00000| Complete 
| 251|0x0000000711b00000, 0x0000000711c00000, 0x0000000711c00000|100%| E|CS|TAMS 0x0000000711b00000, 0x0000000711b00000| Complete 
| 252|0x0000000711c00000, 0x0000000711d00000, 0x0000000711d00000|100%| E|CS|TAMS 0x0000000711c00000, 0x0000000711c00000| Complete 
| 253|0x0000000711d00000, 0x0000000711e00000, 0x0000000711e00000|100%| E|CS|TAMS 0x0000000711d00000, 0x0000000711d00000| Complete 
| 254|0x0000000711e00000, 0x0000000711f00000, 0x0000000711f00000|100%| E|CS|TAMS 0x0000000711e00000, 0x0000000711e00000| Complete 
| 255|0x0000000711f00000, 0x0000000712000000, 0x0000000712000000|100%| E|CS|TAMS 0x0000000711f00000, 0x0000000711f00000| Complete 
| 256|0x0000000712000000, 0x0000000712100000, 0x0000000712100000|100%| E|CS|TAMS 0x0000000712000000, 0x0000000712000000| Complete 
| 257|0x0000000712100000, 0x0000000712200000, 0x0000000712200000|100%| E|CS|TAMS 0x0000000712100000, 0x0000000712100000| Complete 
| 258|0x0000000712200000, 0x0000000712300000, 0x0000000712300000|100%| E|CS|TAMS 0x0000000712200000, 0x0000000712200000| Complete 
| 259|0x0000000712300000, 0x0000000712400000, 0x0000000712400000|100%| E|CS|TAMS 0x0000000712300000, 0x0000000712300000| Complete 
| 260|0x0000000712400000, 0x0000000712500000, 0x0000000712500000|100%| E|CS|TAMS 0x0000000712400000, 0x0000000712400000| Complete 
| 261|0x0000000712500000, 0x0000000712600000, 0x0000000712600000|100%| E|CS|TAMS 0x0000000712500000, 0x0000000712500000| Complete 
| 262|0x0000000712600000, 0x0000000712700000, 0x0000000712700000|100%| E|CS|TAMS 0x0000000712600000, 0x0000000712600000| Complete 
| 263|0x0000000712700000, 0x0000000712800000, 0x0000000712800000|100%| E|CS|TAMS 0x0000000712700000, 0x0000000712700000| Complete 
| 264|0x0000000712800000, 0x0000000712900000, 0x0000000712900000|100%| E|CS|TAMS 0x0000000712800000, 0x0000000712800000| Complete 
| 265|0x0000000712900000, 0x0000000712a00000, 0x0000000712a00000|100%| E|CS|TAMS 0x0000000712900000, 0x0000000712900000| Complete 
| 266|0x0000000712a00000, 0x0000000712b00000, 0x0000000712b00000|100%| E|CS|TAMS 0x0000000712a00000, 0x0000000712a00000| Complete 
| 267|0x0000000712b00000, 0x0000000712c00000, 0x0000000712c00000|100%| E|CS|TAMS 0x0000000712b00000, 0x0000000712b00000| Complete 
| 268|0x0000000712c00000, 0x0000000712d00000, 0x0000000712d00000|100%| E|CS|TAMS 0x0000000712c00000, 0x0000000712c00000| Complete 
| 269|0x0000000712d00000, 0x0000000712e00000, 0x0000000712e00000|100%| E|CS|TAMS 0x0000000712d00000, 0x0000000712d00000| Complete 
| 270|0x0000000712e00000, 0x0000000712f00000, 0x0000000712f00000|100%| E|CS|TAMS 0x0000000712e00000, 0x0000000712e00000| Complete 
| 271|0x0000000712f00000, 0x0000000713000000, 0x0000000713000000|100%| E|CS|TAMS 0x0000000712f00000, 0x0000000712f00000| Complete 
| 272|0x0000000713000000, 0x0000000713100000, 0x0000000713100000|100%| E|CS|TAMS 0x0000000713000000, 0x0000000713000000| Complete 
| 273|0x0000000713100000, 0x0000000713200000, 0x0000000713200000|100%| E|CS|TAMS 0x0000000713100000, 0x0000000713100000| Complete 
| 274|0x0000000713200000, 0x0000000713300000, 0x0000000713300000|100%| E|CS|TAMS 0x0000000713200000, 0x0000000713200000| Complete 
| 275|0x0000000713300000, 0x0000000713400000, 0x0000000713400000|100%| E|CS|TAMS 0x0000000713300000, 0x0000000713300000| Complete 
| 276|0x0000000713400000, 0x0000000713500000, 0x0000000713500000|100%| E|CS|TAMS 0x0000000713400000, 0x0000000713400000| Complete 
| 277|0x0000000713500000, 0x0000000713600000, 0x0000000713600000|100%| E|CS|TAMS 0x0000000713500000, 0x0000000713500000| Complete 
| 278|0x0000000713600000, 0x0000000713700000, 0x0000000713700000|100%| E|CS|TAMS 0x0000000713600000, 0x0000000713600000| Complete 
| 279|0x0000000713700000, 0x0000000713800000, 0x0000000713800000|100%| E|CS|TAMS 0x0000000713700000, 0x0000000713700000| Complete 
| 280|0x0000000713800000, 0x0000000713900000, 0x0000000713900000|100%| E|CS|TAMS 0x0000000713800000, 0x0000000713800000| Complete 
| 281|0x0000000713900000, 0x0000000713a00000, 0x0000000713a00000|100%| E|CS|TAMS 0x0000000713900000, 0x0000000713900000| Complete 
| 282|0x0000000713a00000, 0x0000000713b00000, 0x0000000713b00000|100%| E|CS|TAMS 0x0000000713a00000, 0x0000000713a00000| Complete 
| 283|0x0000000713b00000, 0x0000000713c00000, 0x0000000713c00000|100%| E|CS|TAMS 0x0000000713b00000, 0x0000000713b00000| Complete 
| 284|0x0000000713c00000, 0x0000000713d00000, 0x0000000713d00000|100%| E|CS|TAMS 0x0000000713c00000, 0x0000000713c00000| Complete 
| 285|0x0000000713d00000, 0x0000000713e00000, 0x0000000713e00000|100%| E|CS|TAMS 0x0000000713d00000, 0x0000000713d00000| Complete 
| 286|0x0000000713e00000, 0x0000000713f00000, 0x0000000713f00000|100%| E|CS|TAMS 0x0000000713e00000, 0x0000000713e00000| Complete 
| 287|0x0000000713f00000, 0x0000000714000000, 0x0000000714000000|100%| E|CS|TAMS 0x0000000713f00000, 0x0000000713f00000| Complete 

Card table byte_map: [0x0000020abcb90000,0x0000020abd380000] _byte_map_base: 0x0000020ab9380000

Marking Bits (Prev, Next): (CMBitMap*) 0x0000020aa2e7a7c0, (CMBitMap*) 0x0000020aa2e7a788
 Prev Bits: [0x0000020ac1af0000, 0x0000020ac5a70000)
 Next Bits: [0x0000020abdb70000, 0x0000020ac1af0000)

Polling page: 0x0000020aa2c80000

Metaspace:

Usage:
  Non-class:     68.85 MB capacity,    68.00 MB ( 99%) used,   698.49 KB ( <1%) free+waste,   171.19 KB ( <1%) overhead. 
      Class:      9.72 MB capacity,     9.25 MB ( 95%) used,   406.85 KB (  4%) free+waste,    74.25 KB ( <1%) overhead. 
       Both:     78.57 MB capacity,    77.25 MB ( 98%) used,     1.08 MB (  1%) free+waste,   245.44 KB ( <1%) overhead. 

Virtual space:
  Non-class space:       70.00 MB reserved,      68.87 MB ( 98%) committed 
      Class space:        1.00 GB reserved,       9.75 MB ( <1%) committed 
             Both:        1.07 GB reserved,      78.62 MB (  7%) committed 

Chunk freelists:
   Non-Class:  2.63 KB
       Class:  0 bytes
        Both:  2.63 KB

CodeHeap 'non-profiled nmethods': size=238336Kb used=21267Kb max_used=21267Kb free=217068Kb
 bounds [0x0000020aad080000, 0x0000020aae550000, 0x0000020abb940000]
CodeHeap 'non-nmethods': size=7424Kb used=1375Kb max_used=3066Kb free=6048Kb
 bounds [0x0000020aac940000, 0x0000020aaccd0000, 0x0000020aad080000]
 total_blobs=11617 nmethods=10672 adapters=613
 compilation: enabled
              stopped_count=0, restarted_count=0
 full_count=0

Compilation events (10 events):
Event: 21135.453 Thread 0x0000020ac8f47000 10893       1       oracle.jdbc.driver.T4CSocketOutputStreamWrapper::flush (40 bytes)
Event: 21135.453 Thread 0x0000020ac8f47000 nmethod 10893 0x0000020aae542f90 code [0x0000020aae543160, 0x0000020aae543320]
Event: 21308.880 Thread 0x0000020ac8f47000 10894       1       java.util.concurrent.locks.ReentrantLock$FairSync::tryAcquire (74 bytes)
Event: 21308.881 Thread 0x0000020ac8f47000 nmethod 10894 0x0000020aae543410 code [0x0000020aae543620, 0x0000020aae543ac0]
Event: 22057.240 Thread 0x0000020ac8f47000 10895       1       oracle.jdbc.driver.OracleStatement::cleanupDefines (79 bytes)
Event: 22057.241 Thread 0x0000020ac8f47000 nmethod 10895 0x0000020aae543d90 code [0x0000020aae543f80, 0x0000020aae544360]
Event: 22367.008 Thread 0x0000020ac8f47000 10896   !   1       oracle.net.ns.Packet::receive (293 bytes)
Event: 22367.009 Thread 0x0000020ac8f47000 nmethod 10896 0x0000020aae544590 code [0x0000020aae5447a0, 0x0000020aae544e40]
Event: 22367.009 Thread 0x0000020ac8f47000 10897       1       oracle.net.ns.Packet::processHeader (136 bytes)
Event: 22367.010 Thread 0x0000020ac8f47000 nmethod 10897 0x0000020aae545190 code [0x0000020aae5453a0, 0x0000020aae545710]

GC Heap History (10 events):
Event: 13.415 GC heap before
{Heap before GC invocations=15 (full 0):
 garbage-first heap   total 312320K, used 226936K [0x0000000702000000, 0x0000000800000000)
  region size 1024K, 183 young (187392K), 16 survivors (16384K)
 Metaspace       used 67494K, capacity 68575K, committed 68732K, reserved 1110016K
  class space    used 8070K, capacity 8439K, committed 8448K, reserved 1048576K
}
Event: 13.428 GC heap after
{Heap after GC invocations=16 (full 0):
 garbage-first heap   total 312320K, used 63840K [0x0000000702000000, 0x0000000800000000)
  region size 1024K, 16 young (16384K), 16 survivors (16384K)
 Metaspace       used 67494K, capacity 68575K, committed 68732K, reserved 1110016K
  class space    used 8070K, capacity 8439K, committed 8448K, reserved 1048576K
}
Event: 14.390 GC heap before
{Heap before GC invocations=16 (full 0):
 garbage-first heap   total 312320K, used 234848K [0x0000000702000000, 0x0000000800000000)
  region size 1024K, 183 young (187392K), 16 survivors (16384K)
 Metaspace       used 69415K, capacity 70496K, committed 70780K, reserved 1112064K
  class space    used 8290K, capacity 8670K, committed 8704K, reserved 1048576K
}
Event: 14.403 GC heap after
{Heap after GC invocations=17 (full 0):
 garbage-first heap   total 312320K, used 69414K [0x0000000702000000, 0x0000000800000000)
  region size 1024K, 15 young (15360K), 15 survivors (15360K)
 Metaspace       used 69415K, capacity 70496K, committed 70780K, reserved 1112064K
  class space    used 8290K, capacity 8670K, committed 8704K, reserved 1048576K
}
Event: 16.469 GC heap before
{Heap before GC invocations=17 (full 0):
 garbage-first heap   total 312320K, used 240422K [0x0000000702000000, 0x0000000800000000)
  region size 1024K, 183 young (187392K), 15 survivors (15360K)
 Metaspace       used 71094K, capacity 72254K, committed 72316K, reserved 1112064K
  class space    used 8503K, capacity 8907K, committed 8960K, reserved 1048576K
}
Event: 16.485 GC heap after
{Heap after GC invocations=18 (full 0):
 garbage-first heap   total 312320K, used 73194K [0x0000000702000000, 0x0000000800000000)
  region size 1024K, 11 young (11264K), 11 survivors (11264K)
 Metaspace       used 71094K, capacity 72254K, committed 72316K, reserved 1112064K
  class space    used 8503K, capacity 8907K, committed 8960K, reserved 1048576K
}
Event: 3616.487 GC heap before
{Heap before GC invocations=18 (full 0):
 garbage-first heap   total 312320K, used 207338K [0x0000000702000000, 0x0000000800000000)
  region size 1024K, 144 young (147456K), 11 survivors (11264K)
 Metaspace       used 78944K, capacity 80324K, committed 80508K, reserved 1120256K
  class space    used 9471K, capacity 9954K, committed 9984K, reserved 1048576K
}
Event: 3616.610 GC heap after
{Heap after GC invocations=19 (full 1):
 garbage-first heap   total 245760K, used 70007K [0x0000000702000000, 0x0000000800000000)
  region size 1024K, 0 young (0K), 0 survivors (0K)
 Metaspace       used 78944K, capacity 80324K, committed 80508K, reserved 1120256K
  class space    used 9471K, capacity 9954K, committed 9984K, reserved 1048576K
}
Event: 16305.311 GC heap before
{Heap before GC invocations=19 (full 1):
 garbage-first heap   total 245760K, used 200055K [0x0000000702000000, 0x0000000800000000)
  region size 1024K, 128 young (131072K), 0 survivors (0K)
 Metaspace       used 79106K, capacity 80458K, committed 80508K, reserved 1120256K
  class space    used 9473K, capacity 9955K, committed 9984K, reserved 1048576K
}
Event: 16305.332 GC heap after
{Heap after GC invocations=20 (full 1):
 garbage-first heap   total 294912K, used 75392K [0x0000000702000000, 0x0000000800000000)
  region size 1024K, 6 young (6144K), 6 survivors (6144K)
 Metaspace       used 79106K, capacity 80458K, committed 80508K, reserved 1120256K
  class space    used 9473K, capacity 9955K, committed 9984K, reserved 1048576K
}

Deoptimization events (0 events):
No events

Classes redefined (0 events):
No events

Internal exceptions (10 events):
Event: 22328.790 Thread 0x0000020acf0ef800 Exception <a 'java/net/SocketTimeoutException'{0x0000000710140dd0}: Read timed out> (0x0000000710140dd0) thrown at [t:/workspace/open/src/hotspot/share/prims/jni.cpp, line 636]
Event: 22340.437 Thread 0x0000020acf0e9800 Exception <a 'java/net/SocketTimeoutException'{0x0000000710236af8}: Read timed out> (0x0000000710236af8) thrown at [t:/workspace/open/src/hotspot/share/prims/jni.cpp, line 636]
Event: 22348.801 Thread 0x0000020acf0ef800 Exception <a 'java/net/SocketTimeoutException'{0x0000000710160b68}: Read timed out> (0x0000000710160b68) thrown at [t:/workspace/open/src/hotspot/share/prims/jni.cpp, line 636]
Event: 22358.805 Thread 0x0000020acf0ef800 Exception <a 'java/net/SocketTimeoutException'{0x000000071016d4d0}: Read timed out> (0x000000071016d4d0) thrown at [t:/workspace/open/src/hotspot/share/prims/jni.cpp, line 636]
Event: 22370.443 Thread 0x0000020acf0e9800 Exception <a 'java/net/SocketTimeoutException'{0x0000000710243938}: Read timed out> (0x0000000710243938) thrown at [t:/workspace/open/src/hotspot/share/prims/jni.cpp, line 636]
Event: 22378.816 Thread 0x0000020acf0ef800 Exception <a 'java/net/SocketTimeoutException'{0x00000007101dab08}: Read timed out> (0x00000007101dab08) thrown at [t:/workspace/open/src/hotspot/share/prims/jni.cpp, line 636]
Event: 22388.821 Thread 0x0000020acf0ef800 Exception <a 'java/net/SocketTimeoutException'{0x00000007101e7470}: Read timed out> (0x00000007101e7470) thrown at [t:/workspace/open/src/hotspot/share/prims/jni.cpp, line 636]
Event: 22400.450 Thread 0x0000020acf0e9800 Exception <a 'java/net/SocketTimeoutException'{0x0000000710250778}: Read timed out> (0x0000000710250778) thrown at [t:/workspace/open/src/hotspot/share/prims/jni.cpp, line 636]
Event: 22408.832 Thread 0x0000020acf0ef800 Exception <a 'java/net/SocketTimeoutException'{0x0000000710007d68}: Read timed out> (0x0000000710007d68) thrown at [t:/workspace/open/src/hotspot/share/prims/jni.cpp, line 636]
Event: 22418.837 Thread 0x0000020acf0ef800 Exception <a 'java/net/SocketTimeoutException'{0x00000007100146d0}: Read timed out> (0x00000007100146d0) thrown at [t:/workspace/open/src/hotspot/share/prims/jni.cpp, line 636]

Events (10 events):
Event: 22418.837 Thread 0x0000020acf0ef800 DEOPT UNPACKING pc=0x0000020aac97d6ce sp=0x00000011073fca28 mode 1
Event: 22418.837 Thread 0x0000020acf0ef800 DEOPT PACKING pc=0x0000020aae21111c sp=0x00000011073fd5e0
Event: 22418.837 Thread 0x0000020acf0ef800 DEOPT UNPACKING pc=0x0000020aac97d6ce sp=0x00000011073fcab8 mode 1
Event: 22418.837 Thread 0x0000020acf0ef800 DEOPT PACKING pc=0x0000020aadde73b4 sp=0x00000011073fd670
Event: 22418.837 Thread 0x0000020acf0ef800 DEOPT UNPACKING pc=0x0000020aac97d6ce sp=0x00000011073fcab8 mode 1
Event: 22418.837 Thread 0x0000020acf0ef800 DEOPT PACKING pc=0x0000020aae2cec64 sp=0x00000011073fd6e0
Event: 22418.837 Thread 0x0000020acf0ef800 DEOPT UNPACKING pc=0x0000020aac97d6ce sp=0x00000011073fcb98 mode 1
Event: 22426.729 Executing VM operation: RevokeBias
Event: 22426.729 Executing VM operation: RevokeBias done
Event: 22430.470 Executing VM operation: BulkRevokeBias


Dynamic libraries:
0x00007ff7f6860000 - 0x00007ff7f68a7000 	E:\develop\JDK11\bin\java.exe
0x00007ffa249a0000 - 0x00007ffa24b81000 	C:\WINDOWS\SYSTEM32\ntdll.dll
0x00007ffa22400000 - 0x00007ffa224b2000 	C:\WINDOWS\System32\KERNEL32.DLL
0x00007ffa20d70000 - 0x00007ffa20fe3000 	C:\WINDOWS\System32\KERNELBASE.dll
0x00007ffa23af0000 - 0x00007ffa23b91000 	C:\WINDOWS\System32\ADVAPI32.dll
0x00007ffa23d70000 - 0x00007ffa23e0e000 	C:\WINDOWS\System32\msvcrt.dll
0x00007ffa248a0000 - 0x00007ffa248fb000 	C:\WINDOWS\System32\sechost.dll
0x00007ffa23900000 - 0x00007ffa23a24000 	C:\WINDOWS\System32\RPCRT4.dll
0x00007ffa24190000 - 0x00007ffa24320000 	C:\WINDOWS\System32\USER32.dll
0x00007ffa21950000 - 0x00007ffa21970000 	C:\WINDOWS\System32\win32u.dll
0x00007ffa23ba0000 - 0x00007ffa23bc8000 	C:\WINDOWS\System32\GDI32.dll
0x00007ffa217b0000 - 0x00007ffa21942000 	C:\WINDOWS\System32\gdi32full.dll
0x00007ffa21a70000 - 0x00007ffa21b0f000 	C:\WINDOWS\System32\msvcp_win.dll
0x00007ffa21970000 - 0x00007ffa21a6a000 	C:\WINDOWS\System32\ucrtbase.dll
0x00007ffa16080000 - 0x00007ffa162e9000 	C:\WINDOWS\WinSxS\amd64_microsoft.windows.common-controls_6595b64144ccf1df_6.0.17134.472_none_fb3f9af53068156d\COMCTL32.dll
0x00007ffa1c5f0000 - 0x00007ffa1c5fa000 	C:\WINDOWS\SYSTEM32\VERSION.dll
0x00007ffa24320000 - 0x00007ffa24642000 	C:\WINDOWS\System32\combase.dll
0x00007ffa21db0000 - 0x00007ffa21e2a000 	C:\WINDOWS\System32\bcryptPrimitives.dll
0x00007ffa23ce0000 - 0x00007ffa23d0d000 	C:\WINDOWS\System32\IMM32.DLL
0x00007ffa1b9a0000 - 0x00007ffa1b9b6000 	E:\develop\JDK11\bin\vcruntime140.dll
0x00007ffa0bad0000 - 0x00007ffa0bb7a000 	E:\develop\JDK11\bin\msvcp140.dll
0x00007ff9f5520000 - 0x00007ff9f6062000 	E:\develop\JDK11\bin\server\jvm.dll
0x00007ffa23ae0000 - 0x00007ffa23ae8000 	C:\WINDOWS\System32\PSAPI.DLL
0x00007ffa15f40000 - 0x00007ffa15f63000 	C:\WINDOWS\SYSTEM32\WINMM.dll
0x00007ffa1d050000 - 0x00007ffa1d059000 	C:\WINDOWS\SYSTEM32\WSOCK32.dll
0x00007ffa24900000 - 0x00007ffa2496c000 	C:\WINDOWS\System32\WS2_32.dll
0x00007ffa15f10000 - 0x00007ffa15f3a000 	C:\WINDOWS\SYSTEM32\WINMMBASE.dll
0x00007ffa21d60000 - 0x00007ffa21da9000 	C:\WINDOWS\System32\cfgmgr32.dll
0x00007ffa20cd0000 - 0x00007ffa20ce1000 	C:\WINDOWS\System32\kernel.appcore.dll
0x00007ffa1b980000 - 0x00007ffa1b991000 	E:\develop\JDK11\bin\verify.dll
0x00007ffa1caa0000 - 0x00007ffa1cc69000 	C:\WINDOWS\SYSTEM32\DBGHELP.DLL
0x00007ffa1c850000 - 0x00007ffa1c879000 	C:\WINDOWS\SYSTEM32\dbgcore.DLL
0x00007ffa1a4f0000 - 0x00007ffa1a519000 	E:\develop\JDK11\bin\java.dll
0x00007ffa145b0000 - 0x00007ffa145e7000 	E:\develop\JDK11\bin\jdwp.dll
0x00007ffa170f0000 - 0x00007ffa1711f000 	E:\develop\JDK11\bin\instrument.dll
0x00007ffa1b6d0000 - 0x00007ffa1b6e6000 	E:\develop\JDK11\bin\zip.dll
0x00007ffa1c1d0000 - 0x00007ffa1c1da000 	E:\develop\JDK11\bin\jimage.dll
0x00007ffa224c0000 - 0x00007ffa23900000 	C:\WINDOWS\System32\SHELL32.dll
0x00007ffa23a30000 - 0x00007ffa23ad9000 	C:\WINDOWS\System32\shcore.dll
0x00007ffa210a0000 - 0x00007ffa217ad000 	C:\WINDOWS\System32\windows.storage.dll
0x00007ffa23c80000 - 0x00007ffa23cd1000 	C:\WINDOWS\System32\shlwapi.dll
0x00007ffa20cb0000 - 0x00007ffa20ccf000 	C:\WINDOWS\System32\profapi.dll
0x00007ffa20d00000 - 0x00007ffa20d4c000 	C:\WINDOWS\System32\powrprof.dll
0x00007ffa20cf0000 - 0x00007ffa20cfa000 	C:\WINDOWS\System32\FLTLIB.DLL
0x00007ffa18f10000 - 0x00007ffa18f1a000 	E:\develop\JDK11\bin\dt_socket.dll
0x00007ffa204d0000 - 0x00007ffa20536000 	C:\WINDOWS\system32\mswsock.dll
0x00007ffa1b4b0000 - 0x00007ffa1b4c9000 	E:\develop\JDK11\bin\net.dll
0x00007ffa1d1a0000 - 0x00007ffa1d27d000 	C:\WINDOWS\SYSTEM32\WINHTTP.dll
0x00007ffa1a0d0000 - 0x00007ffa1a0e3000 	E:\develop\JDK11\bin\nio.dll
0x00007ffa1a830000 - 0x00007ffa1a839000 	E:\develop\JDK11\bin\management.dll
0x00007ffa18f20000 - 0x00007ffa18f2c000 	E:\develop\JDK11\bin\management_ext.dll
0x00007ffa1a040000 - 0x00007ffa1a056000 	C:\WINDOWS\system32\napinsp.dll
0x00007ffa15ee0000 - 0x00007ffa15efa000 	C:\WINDOWS\system32\pnrpnsp.dll
0x00007ffa1cfa0000 - 0x00007ffa1cfb9000 	C:\WINDOWS\system32\NLAapi.dll
0x00007ffa20290000 - 0x00007ffa2034e000 	C:\WINDOWS\SYSTEM32\DNSAPI.dll
0x00007ffa24650000 - 0x00007ffa24658000 	C:\WINDOWS\System32\NSI.dll
0x00007ffa20250000 - 0x00007ffa20288000 	C:\WINDOWS\SYSTEM32\IPHLPAPI.DLL
0x00007ffa1a030000 - 0x00007ffa1a03e000 	C:\WINDOWS\System32\winrnr.dll
0x00007ffa1ade0000 - 0x00007ffa1adea000 	C:\Windows\System32\rasadhlp.dll
0x00007ffa1ae30000 - 0x00007ffa1aea2000 	C:\WINDOWS\System32\fwpuclnt.dll
0x00007ffa20810000 - 0x00007ffa20835000 	C:\WINDOWS\SYSTEM32\bcrypt.dll
0x00007ffa20680000 - 0x00007ffa20697000 	C:\WINDOWS\SYSTEM32\CRYPTSP.dll
0x00007ffa200b0000 - 0x00007ffa200e3000 	C:\WINDOWS\system32\rsaenh.dll
0x00007ffa20be0000 - 0x00007ffa20c08000 	C:\WINDOWS\SYSTEM32\USERENV.dll
0x00007ffa206a0000 - 0x00007ffa206ab000 	C:\WINDOWS\SYSTEM32\CRYPTBASE.dll
0x00007ffa1ca60000 - 0x00007ffa1ca76000 	C:\WINDOWS\SYSTEM32\dhcpcsvc6.DLL
0x00007ffa1ca00000 - 0x00007ffa1ca1a000 	C:\WINDOWS\SYSTEM32\dhcpcsvc.DLL
0x00007ffa147e0000 - 0x00007ffa14807000 	E:\develop\JDK11\bin\sunec.dll
0x00007ffa1a720000 - 0x00007ffa1a72d000 	E:\develop\JDK11\bin\sunmscapi.dll
0x00007ffa21b10000 - 0x00007ffa21cf2000 	C:\WINDOWS\System32\CRYPT32.dll
0x00007ffa20d50000 - 0x00007ffa20d62000 	C:\WINDOWS\System32\MSASN1.dll
0x00007ffa207e0000 - 0x00007ffa20806000 	C:\WINDOWS\SYSTEM32\ncrypt.dll
0x00007ffa207a0000 - 0x00007ffa207d6000 	C:\WINDOWS\SYSTEM32\NTASN1.dll
0x00007ffa1a3b0000 - 0x00007ffa1a3b7000 	E:\develop\JDK11\bin\rmi.dll

dbghelp: loaded successfully - version: 4.0.5 - missing functions: none
symbol engine: initialized successfully - sym options: 0x614 - pdb path: .;E:\develop\JDK11\bin;C:\WINDOWS\SYSTEM32;C:\WINDOWS\WinSxS\amd64_microsoft.windows.common-controls_6595b64144ccf1df_6.0.17134.472_none_fb3f9af53068156d;E:\develop\JDK11\bin\server

VM Arguments:
jvm_args: -agentlib:jdwp=transport=dt_socket,address=127.0.0.1:56455,suspend=y,server=n -XX:TieredStopAtLevel=1 -Xverify:none -Dspring.output.ansi.enabled=always -Dcom.sun.management.jmxremote -Dcom.sun.management.jmxremote.port=56454 -Dcom.sun.management.jmxremote.authenticate=false -Dcom.sun.management.jmxremote.ssl=false -Djava.rmi.server.hostname=localhost -Dspring.liveBeansView.mbeanDomain -Dspring.application.admin.enabled=true -javaagent:C:\Users\chen\.IntelliJIdea2018.2\system\captureAgent\debugger-agent.jar=file:/C:/Users/chen/AppData/Local/Temp/capture19995.props -Dfile.encoding=UTF-8 
java_command: yhao.micro.service.workflow.WorkFlowApplication
java_class_path (initial): E:\workSpance-wantong\micro-services\workflow\service-surety-workflow\target\classes;E:\develop\maven\Repository\org\springframework\boot\spring-boot\1.5.13.RELEASE\spring-boot-1.5.13.RELEASE.jar;E:\develop\maven\Repository\org\springframework\boot\spring-boot-autoconfigure\1.5.13.RELEASE\spring-boot-autoconfigure-1.5.13.RELEASE.jar;E:\develop\maven\Repository\junit\junit\4.10\junit-4.10.jar;E:\develop\maven\Repository\org\objenesis\objenesis\2.1\objenesis-2.1.jar;E:\develop\maven\Repository\org\hamcrest\hamcrest-core\1.3\hamcrest-core-1.3.jar;E:\develop\maven\Repository\org\springframework\spring-core\4.3.17.RELEASE\spring-core-4.3.17.RELEASE.jar;E:\develop\maven\Repository\org\springframework\spring-test\4.3.18.RELEASE\spring-test-4.3.18.RELEASE.jar;E:\workSpance-wantong\micro-services\workflow\service-surety-workflow-apilist\target\classes;E:\develop\maven\Repository\yhao\infra\infra-apilist-base\1.1.0-SNAPSHOT\infra-apilist-base-1.1.0-20190117.073030-21.jar;E:\develop\maven\Repository\org\hibernate\hibernate-validator\5.3.6.Final\hibernate-validator-5.3.6.Final.jar;E:\develop\maven\Repository\com\fasterxml\classmate\1.3.4\classmate-1.3.4.jar;E:\develop\maven\Repository\org\springframework\boot\spring-boot-starter-web\1.5.13.RELEASE\spring-boot-starter-web-1.5.13.RELEASE.jar;E:\develop\maven\Repository\org\springframework\boot\spring-boot-starter-tomcat\1.5.13.RELEASE\spring-boot-starter-tomcat-1.5.13.RELEASE.jar;E:\develop\maven\Repository\org\apache\tomcat\embed\tomcat-embed-core\8.5.31\tomcat-embed-core-8.5.31.jar;E:\develop\maven\Repository\org\apache\tomcat\tomcat-annotations-api\8.5.31\tomcat-annotations-api-8.5.31.jar;E:\develop\maven\Repository\org\apache\tomcat\embed\tomcat-embed-el\8.5.31\tomcat-embed-el-8.5.31.jar;E:\develop\maven\Repository\org\apache\tomcat\embed\tomcat-embed-websocket\8.5.31\tomcat-embed-websocket-8.5.31.jar;E:\develop\maven\Repository\com\fasterxml\jackson\core\jackson-databind\2.8.11.2\jackson-databind
Launcher Type: SUN_STANDARD

[Global flags]
     bool BytecodeVerificationLocal                = false                                     {product} {command line}
     bool BytecodeVerificationRemote               = false                                     {product} {command line}
     intx CICompilerCount                          = 4                                         {product} {ergonomic}
     uint ConcGCThreads                            = 2                                         {product} {ergonomic}
     uint G1ConcRefinementThreads                  = 8                                         {product} {ergonomic}
   size_t G1HeapRegionSize                         = 1048576                                   {product} {ergonomic}
    uintx GCDrainStackTargetSize                   = 64                                        {product} {ergonomic}
   size_t InitialHeapSize                          = 266338304                                 {product} {ergonomic}
     bool ManagementServer                         = true                                      {product} {command line}
   size_t MarkStackSize                            = 4194304                                   {product} {ergonomic}
   size_t MaxHeapSize                              = 4261412864                                {product} {ergonomic}
   size_t MaxNewSize                               = 2556428288                                {product} {ergonomic}
   size_t MinHeapDeltaBytes                        = 1048576                                   {product} {ergonomic}
    uintx NonNMethodCodeHeapSize                   = 7549744                                {pd product} {ergonomic}
    uintx NonProfiledCodeHeapSize                  = 244108496                              {pd product} {ergonomic}
    uintx ProfiledCodeHeapSize                     = 0                                      {pd product} {ergonomic}
    uintx ReservedCodeCacheSize                    = 251658240                              {pd product} {ergonomic}
     bool SegmentedCodeCache                       = true                                      {product} {ergonomic}
     intx TieredStopAtLevel                        = 1                                         {product} {command line}
     bool UseCompressedClassPointers               = true                                 {lp64_product} {ergonomic}
     bool UseCompressedOops                        = true                                 {lp64_product} {ergonomic}
     bool UseG1GC                                  = true                                      {product} {ergonomic}
     bool UseLargePagesIndividualAllocation        = false                                  {pd product} {ergonomic}

Logging:
Log output configuration:
 #0: stdout all=warning uptime,level,tags
 #1: stderr all=off uptime,level,tags

Environment Variables:
JAVA_HOME=E:\develop\JDK8
PATH=E:\develop\JDK8\bin;C:\Program Files (x86)\Common Files\Oracle\Java\javapath;C:\WINDOWS\system32;C:\WINDOWS;C:\WINDOWS\System32\Wbem;C:\WINDOWS\System32\WindowsPowerShell\v1.0\;E:\develop\maven\apache-maven-3.5.4\bin;E:\develop\SVN\install\bin;E:\develop\Git\install\cmd;C:\WINDOWS\System32\OpenSSH\;C:\Users\chen\AppData\Local\Microsoft\WindowsApps;
USERNAME=chen
OS=Windows_NT
PROCESSOR_IDENTIFIER=Intel64 Family 6 Model 158 Stepping 9, GenuineIntel



---------------  S Y S T E M  ---------------

OS: Windows 10 , 64 bit Build 17134 (10.0.17134.1)

CPU:total 8 (initial active 8) (4 cores per cpu, 2 threads per core) family 6 model 158 stepping 9, cmov, cx8, fxsr, mmx, sse, sse2, sse3, ssse3, sse4.1, sse4.2, popcnt, avx, avx2, aes, clmul, erms, rtm, 3dnowpref, lzcnt, ht, tsc, tscinvbit, bmi1, bmi2, adx, fma

Memory: 4k page, system-wide physical 16254M (4981M free)
TotalPageFile size 27427M (AvailPageFile size 0M)
current process WorkingSet (physical memory assigned to process): 72M, peak: 458M
current process commit charge ("private bytes"): 523M, peak: 558M

vm_info: Java HotSpot(TM) 64-Bit Server VM (11.0.1+13-LTS) for windows-amd64 JRE (11.0.1+13-LTS), built on Oct  6 2018 13:20:16 by "mach5one" with MS VC++ 15.5 (VS2017)

END.
