#
# There is insufficient memory for the Java Runtime Environment to continue.
# Native memory allocation (malloc) failed to allocate 32744 bytes for ChunkPool::allocate
# Possible reasons:
#   The system is out of physical RAM or swap space
#   The process is running with CompressedOops enabled, and the Java Heap may be blocking the growth of the native heap
# Possible solutions:
#   Reduce memory load on the system
#   Increase physical memory or swap space
#   Check if swap backing store is full
#   Decrease Java heap size (-Xmx/-Xms)
#   Decrease number of Java threads
#   Decrease Java thread stack sizes (-Xss)
#   Set larger code cache with -XX:ReservedCodeCacheSize=
#   JVM is running with Zero Based Compressed Oops mode in which the Java heap is
#     placed in the first 32GB address space. The Java Heap base address is the
#     maximum limit for the native heap growth. Please use -XX:HeapBaseMinAddress
#     to set the Java Heap base and to place the Java Heap above 32GB virtual address.
# This output file may be truncated or incomplete.
#
#  Out of Memory Error (t:/workspace/open/src/hotspot/share/memory/arena.cpp:81), pid=4864, tid=32520
#
# JRE version: Java(TM) SE Runtime Environment (11.0.1+13) (build 11.0.1+13-LTS)
# Java VM: Java HotSpot(TM) 64-Bit Server VM (11.0.1+13-LTS, mixed mode, tiered, compressed oops, g1 gc, windows-amd64)
# No core dump will be written. Minidumps are not enabled by default on client versions of Windows
#

---------------  S U M M A R Y ------------

Command Line: -agentlib:jdwp=transport=dt_socket,address=127.0.0.1:58554,suspend=y,server=n -XX:TieredStopAtLevel=1 -Xverify:none -Dspring.output.ansi.enabled=always -Dcom.sun.management.jmxremote -Dcom.sun.management.jmxremote.port=58553 -Dcom.sun.management.jmxremote.authenticate=false -Dcom.sun.management.jmxremote.ssl=false -Djava.rmi.server.hostname=localhost -Dspring.liveBeansView.mbeanDomain -Dspring.application.admin.enabled=true -javaagent:C:\Users\chen\.IntelliJIdea2018.2\system\captureAgent\debugger-agent.jar=file:/C:/Users/chen/AppData/Local/Temp/capture11508.props -Dfile.encoding=UTF-8 yhao.micro.service.workflow.WorkFlowApplication

Host: Intel(R) Core(TM) i7-7700 CPU @ 3.60GHz, 8 cores, 15G,  Windows 10 , 64 bit Build 16299 (10.0.16299.431)
Time: Sat Dec  8 05:41:02 2018 ?D1¨²¡À¨º¡Á?¨º¡À?? elapsed time: 72300 seconds (0d 20h 5m 0s)

---------------  T H R E A D  ---------------

Current thread (0x0000022aa3c4c000):  VMThread "VM Thread" [stack: 0x0000007682b00000,0x0000007682c00000] [id=32520] _threads_hazard_ptr=0x0000022aa3e6c060

Stack: [0x0000007682b00000,0x0000007682c00000]
[error occurred during error reporting (printing stack bounds), id 0xc0000005, EXCEPTION_ACCESS_VIOLATION (0xc0000005) at pc=0x0000022a88250bad]

Native frames: (J=compiled Java code, j=interpreted, Vv=VM code, C=native code)
V  [jvm.dll+0x63c21a]
V  [jvm.dll+0x7797df]
V  [jvm.dll+0x77adca]
V  [jvm.dll+0x77b3e5]
V  [jvm.dll+0x77b39b]
V  [jvm.dll+0x63b916]
V  [jvm.dll+0x63bce8]
C  [ntdll.dll+0xa4e6d]
C  [ntdll.dll+0x26058]
C  [ntdll.dll+0xa3d9e]
C  0x0000022a88250bad

VM_Operation (0x0000007686ffe4e0): BulkRevokeBias, mode: safepoint, requested by thread 0x0000022aa7b67800


---------------  P R O C E S S  ---------------

Threads class SMR info:
_java_thread_list=0x0000022aa3e6c060, length=100, elements={
0x0000022aa3c72800, 0x0000022aa3c7d000, 0x0000022aa3ced800, 0x0000022aa3cef800,
0x0000022aa3cf1000, 0x0000022aa3d02000, 0x0000022aa2f44000, 0x0000022aa3f45800,
0x0000022aa3f46800, 0x0000022aa3f6b000, 0x0000022aa4605000, 0x0000022aa4931800,
0x0000022aa47fe000, 0x0000022aa499f800, 0x0000022aa47c9800, 0x0000022aa47d0000,
0x0000022aa715c000, 0x0000022aa7160000, 0x0000022aa715d800, 0x0000022aa715a800,
0x0000022aa715e800, 0x0000022aa7b68800, 0x0000022aa7b6b000, 0x0000022aa7b67800,
0x0000022aa7b69800, 0x0000022aa7b6a000, 0x0000022aa7b6b800, 0x0000022aa7b66000,
0x0000022aa7b6c800, 0x0000022aa7b67000, 0x0000022aa715d000, 0x0000022aa7dd6800,
0x0000022aa7dd4800, 0x0000022aa7dd0800, 0x0000022aa7dd2000, 0x0000022aa7dd1800,
0x0000022aa7dd8800, 0x0000022aa7dd8000, 0x0000022aa7dd4000, 0x0000022aa7dd5800,
0x0000022aa7dd3000, 0x0000022aa7ddd000, 0x0000022aa7dd9800, 0x0000022aa7dda800,
0x0000022aa7ddb000, 0x0000022aa7ddc000, 0x0000022aa7e0e000, 0x0000022aa7e0f000,
0x0000022aa7e10000, 0x0000022aa7e0b000, 0x0000022aa7e11800, 0x0000022aa7e0b800,
0x0000022aa7e0d800, 0x0000022aa7e12000, 0x0000022aa7e10800, 0x0000022aa7e0c800,
0x0000022aa7e15800, 0x0000022aa7e16800, 0x0000022aa7e14000, 0x0000022aa7e18000,
0x0000022aa7e14800, 0x0000022aa7e19000, 0x0000022aa7e17000, 0x0000022aa7e13000,
0x0000022aa7e19800, 0x0000022aa7dd7000, 0x0000022aa7dde800, 0x0000022aa7ddd800,
0x0000022aa7ddf000, 0x0000022aa715f000, 0x0000022aa7159800, 0x0000022aa715b000,
0x0000022aa9f78800, 0x0000022aa9f79800, 0x0000022aa9f74800, 0x0000022aa9f75800,
0x0000022aa9f76000, 0x0000022aa9f7a000, 0x0000022aa9f78000, 0x0000022aa9f7b000,
0x0000022aa9f7c000, 0x0000022aa9f7c800, 0x0000022aa9f77000, 0x0000022aa9f82800,
0x0000022aa9f80800, 0x0000022aa9f81800, 0x0000022aa9f7d800, 0x0000022aa9f80000,
0x0000022aa9f83000, 0x0000022aa9f7e800, 0x0000022aa9f7f000, 0x0000022aa9f89800,
0x0000022aa9f88000, 0x0000022aa9f88800, 0x0000022aa9f8a000, 0x0000022aa9f85800,
0x0000022aa9f84800, 0x0000022aa9f87000, 0x0000022aa9f86000, 0x0000022aa9f8b000
}

Java Threads: ( => current thread )
  0x0000022aa3c72800 JavaThread "Reference Handler" daemon [_thread_blocked, id=42752, stack(0x0000007682c00000,0x0000007682d00000)]
  0x0000022aa3c7d000 JavaThread "Finalizer" daemon [_thread_blocked, id=21600, stack(0x0000007682d00000,0x0000007682e00000)]
  0x0000022aa3ced800 JavaThread "Signal Dispatcher" daemon [_thread_blocked, id=41668, stack(0x0000007682e00000,0x0000007682f00000)]
  0x0000022aa3cef800 JavaThread "Attach Listener" daemon [_thread_blocked, id=20508, stack(0x0000007682f00000,0x0000007683000000)]
  0x0000022aa3cf1000 JavaThread "C1 CompilerThread0" daemon [_thread_blocked, id=42548, stack(0x0000007683000000,0x0000007683100000)]
  0x0000022aa3d02000 JavaThread "Sweeper thread" daemon [_thread_blocked, id=40196, stack(0x0000007683100000,0x0000007683200000)]
  0x0000022aa2f44000 JavaThread "Common-Cleaner" daemon [_thread_blocked, id=28944, stack(0x0000007683200000,0x0000007683300000)]
  0x0000022aa3f45800 JavaThread "JDWP Transport Listener: dt_socket" daemon [_thread_blocked, id=40568, stack(0x0000007683300000,0x0000007683400000)]
  0x0000022aa3f46800 JavaThread "JDWP Event Helper Thread" daemon [_thread_blocked, id=33076, stack(0x0000007683400000,0x0000007683500000)]
  0x0000022aa3f6b000 JavaThread "JDWP Command Reader" daemon [_thread_in_native, id=41276, stack(0x0000007683500000,0x0000007683600000)]
  0x0000022aa4605000 JavaThread "Service Thread" daemon [_thread_blocked, id=41432, stack(0x0000007683800000,0x0000007683900000)]
  0x0000022aa4931800 JavaThread "RMI TCP Accept-0" daemon [_thread_in_native, id=17428, stack(0x0000007683900000,0x0000007683a00000)]
  0x0000022aa47fe000 JavaThread "RMI TCP Accept-58553" daemon [_thread_in_native, id=41960, stack(0x0000007683a00000,0x0000007683b00000)]
  0x0000022aa499f800 JavaThread "RMI TCP Accept-0" daemon [_thread_in_native, id=35548, stack(0x0000007683c00000,0x0000007683d00000)]
  0x0000022aa47c9800 JavaThread "RMI Scheduler(0)" daemon [_thread_blocked, id=1132, stack(0x0000007684400000,0x0000007684500000)]
  0x0000022aa47d0000 JavaThread "spring.cloud.inetutils" daemon [_thread_blocked, id=42524, stack(0x0000007684c00000,0x0000007684d00000)]
  0x0000022aa715c000 JavaThread "Druid-ConnectionPool-Destroy-752011108" daemon [_thread_blocked, id=27232, stack(0x0000007685b00000,0x0000007685c00000)]
  0x0000022aa7160000 JavaThread "ContainerBackgroundProcessor[StandardEngine[Tomcat]]" daemon [_thread_blocked, id=41804, stack(0x0000007686100000,0x0000007686200000)]
  0x0000022aa715d800 JavaThread "container-0" [_thread_blocked, id=952, stack(0x0000007686200000,0x0000007686300000)]
  0x0000022aa715a800 JavaThread "commons-pool-EvictionTimer" daemon [_thread_blocked, id=84, stack(0x0000007686400000,0x0000007686500000)]
  0x0000022aa715e800 JavaThread "pool-6-thread-1" [_thread_blocked, id=40424, stack(0x0000007686600000,0x0000007686700000)]
  0x0000022aa7b68800 JavaThread "RxIoScheduler-1 (Evictor)" daemon [_thread_blocked, id=41580, stack(0x0000007686800000,0x0000007686900000)]
  0x0000022aa7b6b000 JavaThread "Eureka-JerseyClient-Conn-Cleaner2" daemon [_thread_blocked, id=35104, stack(0x0000007686e00000,0x0000007686f00000)]
  0x0000022aa7b67800 JavaThread "Eureka-JerseyClient-Conn-Cleaner2" daemon [_thread_blocked, id=42900, stack(0x0000007686f00000,0x0000007687000000)]
  0x0000022aa7b69800 JavaThread "AsyncResolver-bootstrap-0" daemon [_thread_blocked, id=41304, stack(0x0000007687000000,0x0000007687100000)]
  0x0000022aa7b6a000 JavaThread "DiscoveryClient-0" daemon [_thread_blocked, id=11668, stack(0x0000007687100000,0x0000007687200000)]
  0x0000022aa7b6b800 JavaThread "DiscoveryClient-1" daemon [_thread_blocked, id=17552, stack(0x0000007687200000,0x0000007687300000)]
  0x0000022aa7b66000 JavaThread "DiscoveryClient-InstanceInfoReplicator-0" daemon [_thread_blocked, id=22304, stack(0x0000007687300000,0x0000007687400000)]
  0x0000022aa7b6c800 JavaThread "HystrixMetricPoller" daemon [_thread_blocked, id=3788, stack(0x0000007687400000,0x0000007687500000)]
  0x0000022aa7b67000 JavaThread "oracleCreateScheduler-1" [_thread_blocked, id=28124, stack(0x0000007687500000,0x0000007687600000)]
  0x0000022aa715d000 JavaThread "NioBlockingSelector.BlockPoller-1" daemon [_thread_in_native, id=41684, stack(0x0000007687600000,0x0000007687700000)]
  0x0000022aa7dd6800 JavaThread "http-nio-62004-exec-1" daemon [_thread_blocked, id=9908, stack(0x0000007687700000,0x0000007687800000)]
  0x0000022aa7dd4800 JavaThread "http-nio-62004-exec-2" daemon [_thread_blocked, id=6856, stack(0x0000007687800000,0x0000007687900000)]
  0x0000022aa7dd0800 JavaThread "http-nio-62004-exec-3" daemon [_thread_blocked, id=42712, stack(0x0000007687900000,0x0000007687a00000)]
  0x0000022aa7dd2000 JavaThread "http-nio-62004-exec-4" daemon [_thread_blocked, id=15060, stack(0x0000007687a00000,0x0000007687b00000)]
  0x0000022aa7dd1800 JavaThread "http-nio-62004-exec-5" daemon [_thread_blocked, id=41084, stack(0x0000007687b00000,0x0000007687c00000)]
  0x0000022aa7dd8800 JavaThread "http-nio-62004-exec-6" daemon [_thread_blocked, id=37288, stack(0x0000007687c00000,0x0000007687d00000)]
  0x0000022aa7dd8000 JavaThread "http-nio-62004-exec-7" daemon [_thread_blocked, id=40860, stack(0x0000007687d00000,0x0000007687e00000)]
  0x0000022aa7dd4000 JavaThread "http-nio-62004-exec-8" daemon [_thread_blocked, id=42528, stack(0x0000007687e00000,0x0000007687f00000)]
  0x0000022aa7dd5800 JavaThread "http-nio-62004-exec-9" daemon [_thread_blocked, id=31228, stack(0x0000007687f00000,0x0000007688000000)]
  0x0000022aa7dd3000 JavaThread "http-nio-62004-exec-10" daemon [_thread_blocked, id=30372, stack(0x0000007688000000,0x0000007688100000)]
  0x0000022aa7ddd000 JavaThread "http-nio-62004-ClientPoller-0" daemon [_thread_in_native, id=41888, stack(0x0000007688100000,0x0000007688200000)]
  0x0000022aa7dd9800 JavaThread "http-nio-62004-ClientPoller-1" daemon [_thread_in_native, id=42340, stack(0x0000007688200000,0x0000007688300000)]
  0x0000022aa7dda800 JavaThread "http-nio-62004-Acceptor-0" daemon [_thread_in_native, id=7300, stack(0x0000007688300000,0x0000007688400000)]
  0x0000022aa7ddb000 JavaThread "http-nio-62004-AsyncTimeout" daemon [_thread_blocked, id=3356, stack(0x0000007688400000,0x0000007688500000)]
  0x0000022aa7ddc000 JavaThread "DestroyJavaVM" [_thread_blocked, id=7780, stack(0x0000007682500000,0x0000007682600000)]
  0x0000022aa7e0e000 JavaThread "OracleTimeoutPollingThread" daemon [_thread_blocked, id=40888, stack(0x0000007689300000,0x0000007689400000)]
  0x0000022aa7e0f000 JavaThread "oracleCreateScheduler-2" [_thread_blocked, id=17316, stack(0x0000007689400000,0x0000007689500000)]
  0x0000022aa7e10000 JavaThread "DiscoveryClient-HeartbeatExecutor-0" daemon [_thread_blocked, id=29520, stack(0x0000007689500000,0x0000007689600000)]
  0x0000022aa7e0b000 JavaThread "DiscoveryClient-CacheRefreshExecutor-0" daemon [_thread_blocked, id=42448, stack(0x0000007689800000,0x0000007689900000)]
  0x0000022aa7e11800 JavaThread "AsyncResolver-bootstrap-executor-0" daemon [_thread_blocked, id=41168, stack(0x0000007689a00000,0x0000007689b00000)]
  0x0000022aa7e0b800 JavaThread "oracleCreateScheduler-3" [_thread_blocked, id=42500, stack(0x0000007689b00000,0x0000007689c00000)]
  0x0000022aa7e0d800 JavaThread "oracleCreateScheduler-4" [_thread_blocked, id=10772, stack(0x0000007689e00000,0x0000007689f00000)]
  0x0000022aa7e12000 JavaThread "oracleCreateScheduler-5" [_thread_blocked, id=41472, stack(0x0000007689f00000,0x000000768a000000)]
  0x0000022aa7e10800 JavaThread "oracleCreateScheduler-6" [_thread_blocked, id=3972, stack(0x000000768a500000,0x000000768a600000)]
  0x0000022aa7e0c800 JavaThread "oracleCreateScheduler-7" [_thread_blocked, id=26172, stack(0x000000768a800000,0x000000768a900000)]
  0x0000022aa7e15800 JavaThread "oracleCreateScheduler-8" [_thread_blocked, id=42604, stack(0x000000768a900000,0x000000768aa00000)]
  0x0000022aa7e16800 JavaThread "oracleCreateScheduler-9" [_thread_blocked, id=25212, stack(0x000000768ab00000,0x000000768ac00000)]
  0x0000022aa7e14000 JavaThread "oracleCreateScheduler-10" [_thread_blocked, id=40824, stack(0x000000768ad00000,0x000000768ae00000)]
  0x0000022aa7e18000 JavaThread "oracleCreateScheduler-11" [_thread_blocked, id=15728, stack(0x000000768ae00000,0x000000768af00000)]
  0x0000022aa7e14800 JavaThread "oracleCreateScheduler-12" [_thread_blocked, id=11172, stack(0x000000768b200000,0x000000768b300000)]
  0x0000022aa7e19000 JavaThread "oracleCreateScheduler-13" [_thread_blocked, id=41896, stack(0x000000768b300000,0x000000768b400000)]
  0x0000022aa7e17000 JavaThread "oracleCreateScheduler-14" [_thread_blocked, id=42560, stack(0x000000768b500000,0x000000768b600000)]
  0x0000022aa7e13000 JavaThread "oracleCreateScheduler-15" [_thread_blocked, id=41904, stack(0x000000768b900000,0x000000768ba00000)]
  0x0000022aa7e19800 JavaThread "oracleCreateScheduler-16" [_thread_blocked, id=39584, stack(0x000000768ba00000,0x000000768bb00000)]
  0x0000022aa7dd7000 JavaThread "oracleCreateScheduler-17" [_thread_blocked, id=41136, stack(0x000000768bb00000,0x000000768bc00000)]
  0x0000022aa7dde800 JavaThread "oracleCreateScheduler-18" [_thread_blocked, id=40788, stack(0x000000768bd00000,0x000000768be00000)]
  0x0000022aa7ddd800 JavaThread "oracleCreateScheduler-19" [_thread_blocked, id=42948, stack(0x000000768be00000,0x000000768bf00000)]
  0x0000022aa7ddf000 JavaThread "oracleCreateScheduler-20" [_thread_blocked, id=26992, stack(0x000000768bf00000,0x000000768c000000)]
  0x0000022aa715f000 JavaThread "oracleCreateScheduler-21" [_thread_blocked, id=25348, stack(0x000000768c300000,0x000000768c400000)]
  0x0000022aa7159800 JavaThread "oracleCreateScheduler-22" [_thread_blocked, id=42264, stack(0x000000768c500000,0x000000768c600000)]
  0x0000022aa715b000 JavaThread "oracleCreateScheduler-23" [_thread_blocked, id=33796, stack(0x000000768c600000,0x000000768c700000)]
  0x0000022aa9f78800 JavaThread "oracleCreateScheduler-24" [_thread_blocked, id=10896, stack(0x000000768c700000,0x000000768c800000)]
  0x0000022aa9f79800 JavaThread "oracleCreateScheduler-25" [_thread_blocked, id=10884, stack(0x000000768c800000,0x000000768c900000)]
  0x0000022aa9f74800 JavaThread "oracleCreateScheduler-26" [_thread_blocked, id=41756, stack(0x000000768ca00000,0x000000768cb00000)]
  0x0000022aa9f75800 JavaThread "oracleCreateScheduler-27" [_thread_blocked, id=15684, stack(0x000000768cb00000,0x000000768cc00000)]
  0x0000022aa9f76000 JavaThread "oracleCreateScheduler-28" [_thread_blocked, id=40020, stack(0x000000768cc00000,0x000000768cd00000)]
  0x0000022aa9f7a000 JavaThread "oracleCreateScheduler-29" [_thread_blocked, id=43716, stack(0x000000768cd00000,0x000000768ce00000)]
  0x0000022aa9f78000 JavaThread "oracleCreateScheduler-30" [_thread_blocked, id=42172, stack(0x000000768cf00000,0x000000768d000000)]
  0x0000022aa9f7b000 JavaThread "oracleCreateScheduler-31" [_thread_blocked, id=13496, stack(0x000000768d100000,0x000000768d200000)]
  0x0000022aa9f7c000 JavaThread "oracleCreateScheduler-32" [_thread_blocked, id=40260, stack(0x000000768d200000,0x000000768d300000)]
  0x0000022aa9f7c800 JavaThread "oracleCreateScheduler-33" [_thread_blocked, id=41700, stack(0x000000768d300000,0x000000768d400000)]
  0x0000022aa9f77000 JavaThread "oracleCreateScheduler-34" [_thread_blocked, id=43212, stack(0x000000768d500000,0x000000768d600000)]
  0x0000022aa9f82800 JavaThread "oracleCreateScheduler-35" [_thread_blocked, id=40092, stack(0x000000768d600000,0x000000768d700000)]
  0x0000022aa9f80800 JavaThread "oracleCreateScheduler-36" [_thread_blocked, id=35812, stack(0x000000768d700000,0x000000768d800000)]
  0x0000022aa9f81800 JavaThread "oracleCreateScheduler-37" [_thread_blocked, id=34572, stack(0x000000768d800000,0x000000768d900000)]
  0x0000022aa9f7d800 JavaThread "oracleCreateScheduler-38" [_thread_blocked, id=42688, stack(0x000000768da00000,0x000000768db00000)]
  0x0000022aa9f80000 JavaThread "oracleCreateScheduler-39" [_thread_blocked, id=32580, stack(0x000000768de00000,0x000000768df00000)]
  0x0000022aa9f83000 JavaThread "oracleCreateScheduler-40" [_thread_blocked, id=22952, stack(0x000000768e500000,0x000000768e600000)]
  0x0000022aa9f7e800 JavaThread "oracleCreateScheduler-41" [_thread_blocked, id=43600, stack(0x000000768e600000,0x000000768e700000)]
  0x0000022aa9f7f000 JavaThread "oracleCreateScheduler-42" [_thread_blocked, id=41844, stack(0x000000768e800000,0x000000768e900000)]
  0x0000022aa9f89800 JavaThread "oracleCreateScheduler-43" [_thread_blocked, id=43996, stack(0x000000768e900000,0x000000768ea00000)]
  0x0000022aa9f88000 JavaThread "oracleCreateScheduler-44" [_thread_blocked, id=40084, stack(0x000000768ea00000,0x000000768eb00000)]
  0x0000022aa9f88800 JavaThread "oracleCreateScheduler-45" [_thread_blocked, id=43832, stack(0x000000768eb00000,0x000000768ec00000)]
  0x0000022aa9f8a000 JavaThread "oracleCreateScheduler-46" [_thread_blocked, id=35440, stack(0x000000768ed00000,0x000000768ee00000)]
  0x0000022aa9f85800 JavaThread "oracleCreateScheduler-47" [_thread_blocked, id=41576, stack(0x000000768ee00000,0x000000768ef00000)]
  0x0000022aa9f84800 JavaThread "oracleCreateScheduler-48" [_thread_blocked, id=40516, stack(0x000000768ef00000,0x000000768f000000)]
  0x0000022aa9f87000 JavaThread "oracleCreateScheduler-49" [_thread_blocked, id=38688, stack(0x000000768f000000,0x000000768f100000)]
  0x0000022aa9f86000 JavaThread "oracleCreateScheduler-50" [_thread_blocked, id=28580, stack(0x000000768f200000,0x000000768f300000)]
  0x0000022aa9f8b000 JavaThread "logback-1" daemon [_thread_blocked, id=43048, stack(0x0000007692100000,0x0000007692200000)]

Other Threads:
=>0x0000022aa3c4c000 VMThread "VM Thread" [stack: 0x0000007682b00000,0x0000007682c00000] [id=32520] _threads_hazard_ptr=0x0000022aa3e6c060
  0x0000022aa49ad000 WatcherThread [stack: 0x0000007683d00000,0x0000007683e00000] [id=5108]
  0x0000022affaec800 GCTaskThread "GC Thread#0" [stack: 0x0000007682600000,0x0000007682700000] [id=13680]
  0x0000022aa49cc800 GCTaskThread "GC Thread#1" [stack: 0x0000007683f00000,0x0000007684000000] [id=42744]
  0x0000022aa49f2000 GCTaskThread "GC Thread#2" [stack: 0x0000007684000000,0x0000007684100000] [id=42776]
  0x0000022aa49de800 GCTaskThread "GC Thread#3" [stack: 0x0000007684100000,0x0000007684200000] [id=41160]
  0x0000022aa49df000 GCTaskThread "GC Thread#4" [stack: 0x0000007684200000,0x0000007684300000] [id=40720]
  0x0000022aa49e3800 GCTaskThread "GC Thread#5" [stack: 0x0000007684300000,0x0000007684400000] [id=35984]
  0x0000022aa7ab9000 GCTaskThread "GC Thread#6" [stack: 0x0000007686500000,0x0000007686600000] [id=42376]
  0x0000022aa44b7800 GCTaskThread "GC Thread#7" [stack: 0x0000007689000000,0x0000007689100000] [id=27676]
  0x0000022affb47000 ConcurrentGCThread "G1 Main Marker" [stack: 0x0000007682700000,0x0000007682800000] [id=36144]
  0x0000022affb48000 ConcurrentGCThread "G1 Conc#0" [stack: 0x0000007682800000,0x0000007682900000] [id=26636]
  0x0000022aa50a4800 ConcurrentGCThread "G1 Conc#1" [stack: 0x0000007684900000,0x0000007684a00000] [id=42440]
  0x0000022aa2e6f800 ConcurrentGCThread "G1 Refine#0" [stack: 0x0000007682900000,0x0000007682a00000] [id=40596]
  0x0000022aa44af000 ConcurrentGCThread "G1 Refine#1" [stack: 0x0000007689100000,0x0000007689200000] [id=36936]
  0x0000022aa3ddc800 ConcurrentGCThread "G1 Refine#2" [stack: 0x0000007689200000,0x0000007689300000] [id=12864]
  0x0000022aa472b800 ConcurrentGCThread "G1 Refine#3" [stack: 0x0000007690000000,0x0000007690100000] [id=41372]
  0x0000022aa2e70800 ConcurrentGCThread "G1 Young RemSet Sampling" [stack: 0x0000007682a00000,0x0000007682b00000] [id=42680]

Threads with active compile tasks:

VM state:at safepoint (normal execution)

VM Mutex/Monitor currently owned by a thread:  ([mutex/lock_event])
[0x0000022affad3080] Threads_lock - owner thread: 0x0000022aa3c4c000

Heap address: 0x0000000702000000, size: 4064 MB, Compressed Oops mode: Zero based, Oop shift amount: 3
Narrow klass base: 0x0000000800000000, Narrow klass shift: 0
Compressed class space size: 1073741824 Address: 0x0000000800000000

Heap:
 garbage-first heap   total 374784K, used 273173K [0x0000000702000000, 0x0000000800000000)
  region size 1024K, 215 young (220160K), 17 survivors (17408K)
 Metaspace       used 69917K, capacity 71187K, committed 71496K, reserved 1112064K
  class space    used 8372K, capacity 8835K, committed 8908K, reserved 1048576K
Heap Regions: E=young(eden), S=young(survivor), O=old, HS=humongous(starts), HC=humongous(continues), CS=collection set, F=free, A=archive, TAMS=top-at-mark-start (previous, next)
|   0|0x0000000702000000, 0x0000000702100000, 0x0000000702100000|100%| O|  |TAMS 0x0000000702100000, 0x0000000702000000| Untracked 
|   1|0x0000000702100000, 0x0000000702200000, 0x0000000702200000|100%| O|  |TAMS 0x0000000702200000, 0x0000000702100000| Untracked 
|   2|0x0000000702200000, 0x0000000702300000, 0x0000000702300000|100%| O|  |TAMS 0x0000000702300000, 0x0000000702200000| Untracked 
|   3|0x0000000702300000, 0x0000000702400000, 0x0000000702400000|100%| O|  |TAMS 0x0000000702400000, 0x0000000702300000| Untracked 
|   4|0x0000000702400000, 0x0000000702500000, 0x0000000702500000|100%| O|  |TAMS 0x0000000702500000, 0x0000000702400000| Untracked 
|   5|0x0000000702500000, 0x0000000702600000, 0x0000000702600000|100%| O|  |TAMS 0x0000000702600000, 0x0000000702500000| Untracked 
|   6|0x0000000702600000, 0x0000000702700000, 0x0000000702700000|100%| O|  |TAMS 0x0000000702700000, 0x0000000702600000| Untracked 
|   7|0x0000000702700000, 0x0000000702800000, 0x0000000702800000|100%| O|  |TAMS 0x0000000702800000, 0x0000000702700000| Untracked 
|   8|0x0000000702800000, 0x0000000702900000, 0x0000000702900000|100%| O|  |TAMS 0x0000000702900000, 0x0000000702800000| Untracked 
|   9|0x0000000702900000, 0x0000000702a00000, 0x0000000702a00000|100%| O|  |TAMS 0x0000000702a00000, 0x0000000702900000| Untracked 
|  10|0x0000000702a00000, 0x0000000702b00000, 0x0000000702b00000|100%| O|  |TAMS 0x0000000702b00000, 0x0000000702a00000| Untracked 
|  11|0x0000000702b00000, 0x0000000702c00000, 0x0000000702c00000|100%| O|  |TAMS 0x0000000702c00000, 0x0000000702b00000| Untracked 
|  12|0x0000000702c00000, 0x0000000702d00000, 0x0000000702d00000|100%| O|  |TAMS 0x0000000702d00000, 0x0000000702c00000| Untracked 
|  13|0x0000000702d00000, 0x0000000702e00000, 0x0000000702e00000|100%| O|  |TAMS 0x0000000702e00000, 0x0000000702d00000| Untracked 
|  14|0x0000000702e00000, 0x0000000702f00000, 0x0000000702f00000|100%| O|  |TAMS 0x0000000702f00000, 0x0000000702e00000| Untracked 
|  15|0x0000000702f00000, 0x0000000703000000, 0x0000000703000000|100%| O|  |TAMS 0x0000000703000000, 0x0000000702f00000| Untracked 
|  16|0x0000000703000000, 0x0000000703100000, 0x0000000703100000|100%| O|  |TAMS 0x0000000703100000, 0x0000000703000000| Untracked 
|  17|0x0000000703100000, 0x0000000703200000, 0x0000000703200000|100%| O|  |TAMS 0x0000000703100000, 0x0000000703100000| Untracked 
|  18|0x0000000703200000, 0x0000000703300000, 0x0000000703300000|100%| O|  |TAMS 0x0000000703300000, 0x0000000703200000| Untracked 
|  19|0x0000000703300000, 0x0000000703400000, 0x0000000703400000|100%| O|  |TAMS 0x0000000703400000, 0x0000000703300000| Untracked 
|  20|0x0000000703400000, 0x0000000703500000, 0x0000000703500000|100%| O|  |TAMS 0x0000000703500000, 0x0000000703400000| Untracked 
|  21|0x0000000703500000, 0x0000000703600000, 0x0000000703600000|100%| O|  |TAMS 0x0000000703600000, 0x0000000703500000| Untracked 
|  22|0x0000000703600000, 0x0000000703700000, 0x0000000703700000|100%| O|  |TAMS 0x0000000703700000, 0x0000000703600000| Untracked 
|  23|0x0000000703700000, 0x0000000703800000, 0x0000000703800000|100%| O|  |TAMS 0x0000000703725e00, 0x0000000703700000| Untracked 
|  24|0x0000000703800000, 0x0000000703900000, 0x0000000703900000|100%| O|  |TAMS 0x0000000703800000, 0x0000000703800000| Untracked 
|  25|0x0000000703900000, 0x0000000703a00000, 0x0000000703a00000|100%| O|  |TAMS 0x0000000703900000, 0x0000000703900000| Untracked 
|  26|0x0000000703a00000, 0x0000000703b00000, 0x0000000703b00000|100%| O|  |TAMS 0x0000000703a00000, 0x0000000703a00000| Untracked 
|  27|0x0000000703b00000, 0x0000000703c00000, 0x0000000703c00000|100%| O|  |TAMS 0x0000000703b00000, 0x0000000703b00000| Untracked 
|  28|0x0000000703c00000, 0x0000000703d00000, 0x0000000703d00000|100%| O|  |TAMS 0x0000000703c00000, 0x0000000703c00000| Untracked 
|  29|0x0000000703d00000, 0x0000000703e00000, 0x0000000703e00000|100%| O|  |TAMS 0x0000000703d00000, 0x0000000703d00000| Untracked 
|  30|0x0000000703e00000, 0x0000000703f00000, 0x0000000703f00000|100%| O|  |TAMS 0x0000000703e00000, 0x0000000703e00000| Untracked 
|  31|0x0000000703f00000, 0x0000000704000000, 0x0000000704000000|100%| O|  |TAMS 0x0000000703f00000, 0x0000000703f00000| Untracked 
|  32|0x0000000704000000, 0x0000000704100000, 0x0000000704100000|100%| O|  |TAMS 0x0000000704000000, 0x0000000704000000| Untracked 
|  33|0x0000000704100000, 0x0000000704200000, 0x0000000704200000|100%| O|  |TAMS 0x0000000704100000, 0x0000000704100000| Untracked 
|  34|0x0000000704200000, 0x0000000704300000, 0x0000000704300000|100%| O|  |TAMS 0x0000000704200000, 0x0000000704200000| Untracked 
|  35|0x0000000704300000, 0x0000000704400000, 0x0000000704400000|100%| O|  |TAMS 0x0000000704300000, 0x0000000704300000| Untracked 
|  36|0x0000000704400000, 0x0000000704500000, 0x0000000704500000|100%| O|  |TAMS 0x0000000704400000, 0x0000000704400000| Untracked 
|  37|0x0000000704500000, 0x0000000704600000, 0x0000000704600000|100%| O|  |TAMS 0x0000000704500000, 0x0000000704500000| Untracked 
|  38|0x0000000704600000, 0x0000000704700000, 0x0000000704700000|100%| O|  |TAMS 0x0000000704600000, 0x0000000704600000| Untracked 
|  39|0x0000000704700000, 0x0000000704800000, 0x0000000704800000|100%| O|  |TAMS 0x0000000704700000, 0x0000000704700000| Untracked 
|  40|0x0000000704800000, 0x0000000704900000, 0x0000000704900000|100%| O|  |TAMS 0x0000000704800000, 0x0000000704800000| Untracked 
|  41|0x0000000704900000, 0x0000000704a00000, 0x0000000704a00000|100%| O|  |TAMS 0x0000000704900000, 0x0000000704900000| Untracked 
|  42|0x0000000704a00000, 0x0000000704b00000, 0x0000000704b00000|100%| O|  |TAMS 0x0000000704a00000, 0x0000000704a00000| Untracked 
|  43|0x0000000704b00000, 0x0000000704c00000, 0x0000000704c00000|100%| O|  |TAMS 0x0000000704b00000, 0x0000000704b00000| Untracked 
|  44|0x0000000704c00000, 0x0000000704d00000, 0x0000000704d00000|100%| O|  |TAMS 0x0000000704c00000, 0x0000000704c00000| Untracked 
|  45|0x0000000704d00000, 0x0000000704e00000, 0x0000000704e00000|100%| O|  |TAMS 0x0000000704d00000, 0x0000000704d00000| Untracked 
|  46|0x0000000704e00000, 0x0000000704f00000, 0x0000000704f00000|100%| O|  |TAMS 0x0000000704e00000, 0x0000000704e00000| Untracked 
|  47|0x0000000704f00000, 0x0000000705000000, 0x0000000705000000|100%| O|  |TAMS 0x0000000704f00000, 0x0000000704f00000| Untracked 
|  48|0x0000000705000000, 0x0000000705100000, 0x0000000705100000|100%| O|  |TAMS 0x0000000705000000, 0x0000000705000000| Untracked 
|  49|0x0000000705100000, 0x0000000705200000, 0x0000000705200000|100%| O|  |TAMS 0x0000000705100000, 0x0000000705100000| Untracked 
|  50|0x0000000705200000, 0x0000000705300000, 0x0000000705300000|100%| O|  |TAMS 0x0000000705200000, 0x0000000705200000| Untracked 
|  51|0x0000000705300000, 0x0000000705400000, 0x0000000705400000|100%| O|  |TAMS 0x0000000705300000, 0x0000000705300000| Untracked 
|  52|0x0000000705400000, 0x0000000705500000, 0x0000000705500000|100%| O|  |TAMS 0x0000000705400000, 0x0000000705400000| Untracked 
|  53|0x0000000705500000, 0x0000000705559800, 0x0000000705600000| 34%| O|  |TAMS 0x0000000705500000, 0x0000000705500000| Untracked 
|  54|0x0000000705600000, 0x0000000705600000, 0x0000000705700000|  0%| F|  |TAMS 0x0000000705600000, 0x0000000705600000| Untracked 
|  55|0x0000000705700000, 0x0000000705700000, 0x0000000705800000|  0%| F|  |TAMS 0x0000000705700000, 0x0000000705700000| Untracked 
|  56|0x0000000705800000, 0x0000000705800000, 0x0000000705900000|  0%| F|  |TAMS 0x0000000705800000, 0x0000000705800000| Untracked 
|  57|0x0000000705900000, 0x0000000705900000, 0x0000000705a00000|  0%| F|  |TAMS 0x0000000705900000, 0x0000000705900000| Untracked 
|  58|0x0000000705a00000, 0x0000000705a00000, 0x0000000705b00000|  0%| F|  |TAMS 0x0000000705a00000, 0x0000000705a00000| Untracked 
|  59|0x0000000705b00000, 0x0000000705b00000, 0x0000000705c00000|  0%| F|  |TAMS 0x0000000705b00000, 0x0000000705b00000| Untracked 
|  60|0x0000000705c00000, 0x0000000705c00000, 0x0000000705d00000|  0%| F|  |TAMS 0x0000000705c00000, 0x0000000705c00000| Untracked 
|  61|0x0000000705d00000, 0x0000000705d00000, 0x0000000705e00000|  0%| F|  |TAMS 0x0000000705d00000, 0x0000000705d00000| Untracked 
|  62|0x0000000705e00000, 0x0000000705e00000, 0x0000000705f00000|  0%| F|  |TAMS 0x0000000705e00000, 0x0000000705e00000| Untracked 
|  63|0x0000000705f00000, 0x0000000705f00000, 0x0000000706000000|  0%| F|  |TAMS 0x0000000705f00000, 0x0000000705f00000| Untracked 
|  64|0x0000000706000000, 0x0000000706000000, 0x0000000706100000|  0%| F|  |TAMS 0x0000000706000000, 0x0000000706000000| Untracked 
|  65|0x0000000706100000, 0x0000000706100000, 0x0000000706200000|  0%| F|  |TAMS 0x0000000706100000, 0x0000000706100000| Untracked 
|  66|0x0000000706200000, 0x0000000706200000, 0x0000000706300000|  0%| F|  |TAMS 0x0000000706200000, 0x0000000706200000| Untracked 
|  67|0x0000000706300000, 0x0000000706300000, 0x0000000706400000|  0%| F|  |TAMS 0x0000000706300000, 0x0000000706300000| Untracked 
|  68|0x0000000706400000, 0x0000000706400000, 0x0000000706500000|  0%| F|  |TAMS 0x0000000706400000, 0x0000000706400000| Untracked 
|  69|0x0000000706500000, 0x0000000706500000, 0x0000000706600000|  0%| F|  |TAMS 0x0000000706500000, 0x0000000706500000| Untracked 
|  70|0x0000000706600000, 0x0000000706600000, 0x0000000706700000|  0%| F|  |TAMS 0x0000000706600000, 0x0000000706600000| Untracked 
|  71|0x0000000706700000, 0x0000000706700000, 0x0000000706800000|  0%| F|  |TAMS 0x0000000706700000, 0x0000000706700000| Untracked 
|  72|0x0000000706800000, 0x0000000706800000, 0x0000000706900000|  0%| F|  |TAMS 0x0000000706800000, 0x0000000706800000| Untracked 
|  73|0x0000000706900000, 0x0000000706900000, 0x0000000706a00000|  0%| F|  |TAMS 0x0000000706900000, 0x0000000706900000| Untracked 
|  74|0x0000000706a00000, 0x0000000706a00000, 0x0000000706b00000|  0%| F|  |TAMS 0x0000000706a00000, 0x0000000706a00000| Untracked 
|  75|0x0000000706b00000, 0x0000000706b00000, 0x0000000706c00000|  0%| F|  |TAMS 0x0000000706b00000, 0x0000000706b00000| Untracked 
|  76|0x0000000706c00000, 0x0000000706c00000, 0x0000000706d00000|  0%| F|  |TAMS 0x0000000706c00000, 0x0000000706c00000| Untracked 
|  77|0x0000000706d00000, 0x0000000706d00000, 0x0000000706e00000|  0%| F|  |TAMS 0x0000000706d00000, 0x0000000706d00000| Untracked 
|  78|0x0000000706e00000, 0x0000000706e00000, 0x0000000706f00000|  0%| F|  |TAMS 0x0000000706e00000, 0x0000000706e00000| Untracked 
|  79|0x0000000706f00000, 0x0000000706f00000, 0x0000000707000000|  0%| F|  |TAMS 0x0000000706f00000, 0x0000000706f00000| Untracked 
|  80|0x0000000707000000, 0x0000000707000000, 0x0000000707100000|  0%| F|  |TAMS 0x0000000707000000, 0x0000000707000000| Untracked 
|  81|0x0000000707100000, 0x0000000707100000, 0x0000000707200000|  0%| F|  |TAMS 0x0000000707100000, 0x0000000707100000| Untracked 
|  82|0x0000000707200000, 0x0000000707200000, 0x0000000707300000|  0%| F|  |TAMS 0x0000000707200000, 0x0000000707200000| Untracked 
|  83|0x0000000707300000, 0x0000000707300000, 0x0000000707400000|  0%| F|  |TAMS 0x0000000707300000, 0x0000000707300000| Untracked 
|  84|0x0000000707400000, 0x0000000707400000, 0x0000000707500000|  0%| F|  |TAMS 0x0000000707400000, 0x0000000707400000| Untracked 
|  85|0x0000000707500000, 0x0000000707500000, 0x0000000707600000|  0%| F|  |TAMS 0x0000000707500000, 0x0000000707500000| Untracked 
|  86|0x0000000707600000, 0x0000000707600000, 0x0000000707700000|  0%| F|  |TAMS 0x0000000707600000, 0x0000000707600000| Untracked 
|  87|0x0000000707700000, 0x0000000707700000, 0x0000000707800000|  0%| F|  |TAMS 0x0000000707700000, 0x0000000707700000| Untracked 
|  88|0x0000000707800000, 0x0000000707800000, 0x0000000707900000|  0%| F|  |TAMS 0x0000000707800000, 0x0000000707800000| Untracked 
|  89|0x0000000707900000, 0x0000000707900000, 0x0000000707a00000|  0%| F|  |TAMS 0x0000000707900000, 0x0000000707900000| Untracked 
|  90|0x0000000707a00000, 0x0000000707a00000, 0x0000000707b00000|  0%| F|  |TAMS 0x0000000707a00000, 0x0000000707a00000| Untracked 
|  91|0x0000000707b00000, 0x0000000707b00000, 0x0000000707c00000|  0%| F|  |TAMS 0x0000000707b00000, 0x0000000707b00000| Untracked 
|  92|0x0000000707c00000, 0x0000000707c00000, 0x0000000707d00000|  0%| F|  |TAMS 0x0000000707c00000, 0x0000000707c00000| Untracked 
|  93|0x0000000707d00000, 0x0000000707d00000, 0x0000000707e00000|  0%| F|  |TAMS 0x0000000707d00000, 0x0000000707d00000| Untracked 
|  94|0x0000000707e00000, 0x0000000707e00000, 0x0000000707f00000|  0%| F|  |TAMS 0x0000000707e00000, 0x0000000707e00000| Untracked 
|  95|0x0000000707f00000, 0x0000000707f00000, 0x0000000708000000|  0%| F|  |TAMS 0x0000000707f00000, 0x0000000707f00000| Untracked 
|  96|0x0000000708000000, 0x0000000708000000, 0x0000000708100000|  0%| F|  |TAMS 0x0000000708000000, 0x0000000708000000| Untracked 
|  97|0x0000000708100000, 0x0000000708100000, 0x0000000708200000|  0%| F|  |TAMS 0x0000000708100000, 0x0000000708100000| Untracked 
|  98|0x0000000708200000, 0x0000000708200000, 0x0000000708300000|  0%| F|  |TAMS 0x0000000708200000, 0x0000000708200000| Untracked 
|  99|0x0000000708300000, 0x0000000708300000, 0x0000000708400000|  0%| F|  |TAMS 0x0000000708300000, 0x0000000708300000| Untracked 
| 100|0x0000000708400000, 0x0000000708400000, 0x0000000708500000|  0%| F|  |TAMS 0x0000000708400000, 0x0000000708400000| Untracked 
| 101|0x0000000708500000, 0x0000000708500000, 0x0000000708600000|  0%| F|  |TAMS 0x0000000708500000, 0x0000000708500000| Untracked 
| 102|0x0000000708600000, 0x0000000708600000, 0x0000000708700000|  0%| F|  |TAMS 0x0000000708600000, 0x0000000708600000| Untracked 
| 103|0x0000000708700000, 0x0000000708700000, 0x0000000708800000|  0%| F|  |TAMS 0x0000000708700000, 0x0000000708700000| Untracked 
| 104|0x0000000708800000, 0x0000000708800000, 0x0000000708900000|  0%| F|  |TAMS 0x0000000708800000, 0x0000000708800000| Untracked 
| 105|0x0000000708900000, 0x0000000708900000, 0x0000000708a00000|  0%| F|  |TAMS 0x0000000708900000, 0x0000000708900000| Untracked 
| 106|0x0000000708a00000, 0x0000000708a00000, 0x0000000708b00000|  0%| F|  |TAMS 0x0000000708a00000, 0x0000000708a00000| Untracked 
| 107|0x0000000708b00000, 0x0000000708b00000, 0x0000000708c00000|  0%| F|  |TAMS 0x0000000708b00000, 0x0000000708b00000| Untracked 
| 108|0x0000000708c00000, 0x0000000708c00000, 0x0000000708d00000|  0%| F|  |TAMS 0x0000000708c00000, 0x0000000708c00000| Untracked 
| 109|0x0000000708d00000, 0x0000000708d00000, 0x0000000708e00000|  0%| F|  |TAMS 0x0000000708d00000, 0x0000000708d00000| Untracked 
| 110|0x0000000708e00000, 0x0000000708e00000, 0x0000000708f00000|  0%| F|  |TAMS 0x0000000708e00000, 0x0000000708e00000| Untracked 
| 111|0x0000000708f00000, 0x0000000708f00000, 0x0000000709000000|  0%| F|  |TAMS 0x0000000708f00000, 0x0000000708f00000| Untracked 
| 112|0x0000000709000000, 0x0000000709000000, 0x0000000709100000|  0%| F|  |TAMS 0x0000000709000000, 0x0000000709000000| Untracked 
| 113|0x0000000709100000, 0x0000000709100000, 0x0000000709200000|  0%| F|  |TAMS 0x0000000709100000, 0x0000000709100000| Untracked 
| 114|0x0000000709200000, 0x0000000709200000, 0x0000000709300000|  0%| F|  |TAMS 0x0000000709200000, 0x0000000709200000| Untracked 
| 115|0x0000000709300000, 0x0000000709300000, 0x0000000709400000|  0%| F|  |TAMS 0x0000000709300000, 0x0000000709300000| Untracked 
| 116|0x0000000709400000, 0x0000000709400000, 0x0000000709500000|  0%| F|  |TAMS 0x0000000709400000, 0x0000000709400000| Untracked 
| 117|0x0000000709500000, 0x0000000709500000, 0x0000000709600000|  0%| F|  |TAMS 0x0000000709500000, 0x0000000709500000| Untracked 
| 118|0x0000000709600000, 0x0000000709600000, 0x0000000709700000|  0%| F|  |TAMS 0x0000000709600000, 0x0000000709600000| Untracked 
| 119|0x0000000709700000, 0x0000000709700000, 0x0000000709800000|  0%| F|  |TAMS 0x0000000709700000, 0x0000000709700000| Untracked 
| 120|0x0000000709800000, 0x0000000709800000, 0x0000000709900000|  0%| F|  |TAMS 0x0000000709800000, 0x0000000709800000| Untracked 
| 121|0x0000000709900000, 0x0000000709900000, 0x0000000709a00000|  0%| F|  |TAMS 0x0000000709900000, 0x0000000709900000| Untracked 
| 122|0x0000000709a00000, 0x0000000709a00000, 0x0000000709b00000|  0%| F|  |TAMS 0x0000000709a00000, 0x0000000709a00000| Untracked 
| 123|0x0000000709b00000, 0x0000000709b00000, 0x0000000709c00000|  0%| F|  |TAMS 0x0000000709b00000, 0x0000000709b00000| Untracked 
| 124|0x0000000709c00000, 0x0000000709c00000, 0x0000000709d00000|  0%| F|  |TAMS 0x0000000709c00000, 0x0000000709c00000| Untracked 
| 125|0x0000000709d00000, 0x0000000709d00000, 0x0000000709e00000|  0%| F|  |TAMS 0x0000000709d00000, 0x0000000709d00000| Untracked 
| 126|0x0000000709e00000, 0x0000000709e00000, 0x0000000709f00000|  0%| F|  |TAMS 0x0000000709e00000, 0x0000000709e00000| Untracked 
| 127|0x0000000709f00000, 0x0000000709f00000, 0x000000070a000000|  0%| F|  |TAMS 0x0000000709f00000, 0x0000000709f00000| Untracked 
| 128|0x000000070a000000, 0x000000070a000000, 0x000000070a100000|  0%| F|  |TAMS 0x000000070a000000, 0x000000070a000000| Untracked 
| 129|0x000000070a100000, 0x000000070a100000, 0x000000070a200000|  0%| F|  |TAMS 0x000000070a100000, 0x000000070a100000| Untracked 
| 130|0x000000070a200000, 0x000000070a26bc38, 0x000000070a300000| 42%| S|CS|TAMS 0x000000070a200000, 0x000000070a200000| Complete 
| 131|0x000000070a300000, 0x000000070a400000, 0x000000070a400000|100%| S|CS|TAMS 0x000000070a300000, 0x000000070a300000| Complete 
| 132|0x000000070a400000, 0x000000070a500000, 0x000000070a500000|100%| S|CS|TAMS 0x000000070a400000, 0x000000070a400000| Complete 
| 133|0x000000070a500000, 0x000000070a600000, 0x000000070a600000|100%| S|CS|TAMS 0x000000070a500000, 0x000000070a500000| Complete 
| 134|0x000000070a600000, 0x000000070a700000, 0x000000070a700000|100%| S|CS|TAMS 0x000000070a600000, 0x000000070a600000| Complete 
| 135|0x000000070a700000, 0x000000070a800000, 0x000000070a800000|100%| S|CS|TAMS 0x000000070a700000, 0x000000070a700000| Complete 
| 136|0x000000070a800000, 0x000000070a900000, 0x000000070a900000|100%| S|CS|TAMS 0x000000070a800000, 0x000000070a800000| Complete 
| 137|0x000000070a900000, 0x000000070aa00000, 0x000000070aa00000|100%| S|CS|TAMS 0x000000070a900000, 0x000000070a900000| Complete 
| 138|0x000000070aa00000, 0x000000070ab00000, 0x000000070ab00000|100%| S|CS|TAMS 0x000000070aa00000, 0x000000070aa00000| Complete 
| 139|0x000000070ab00000, 0x000000070ac00000, 0x000000070ac00000|100%| S|CS|TAMS 0x000000070ab00000, 0x000000070ab00000| Complete 
| 140|0x000000070ac00000, 0x000000070ac00000, 0x000000070ad00000|  0%| F|  |TAMS 0x000000070ac00000, 0x000000070ac00000| Untracked 
| 141|0x000000070ad00000, 0x000000070ad00000, 0x000000070ae00000|  0%| F|  |TAMS 0x000000070ad00000, 0x000000070ad00000| Untracked 
| 142|0x000000070ae00000, 0x000000070ae00000, 0x000000070af00000|  0%| F|  |TAMS 0x000000070ae00000, 0x000000070ae00000| Untracked 
| 143|0x000000070af00000, 0x000000070af00000, 0x000000070b000000|  0%| F|  |TAMS 0x000000070af00000, 0x000000070af00000| Untracked 
| 144|0x000000070b000000, 0x000000070b000000, 0x000000070b100000|  0%| F|  |TAMS 0x000000070b000000, 0x000000070b000000| Untracked 
| 145|0x000000070b100000, 0x000000070b100000, 0x000000070b200000|  0%| F|  |TAMS 0x000000070b100000, 0x000000070b100000| Untracked 
| 146|0x000000070b200000, 0x000000070b200000, 0x000000070b300000|  0%| F|  |TAMS 0x000000070b200000, 0x000000070b200000| Untracked 
| 147|0x000000070b300000, 0x000000070b300000, 0x000000070b400000|  0%| F|  |TAMS 0x000000070b300000, 0x000000070b300000| Untracked 
| 148|0x000000070b400000, 0x000000070b400000, 0x000000070b500000|  0%| F|  |TAMS 0x000000070b400000, 0x000000070b400000| Untracked 
| 149|0x000000070b500000, 0x000000070b500000, 0x000000070b600000|  0%| F|  |TAMS 0x000000070b500000, 0x000000070b500000| Untracked 
| 150|0x000000070b600000, 0x000000070b600000, 0x000000070b700000|  0%| F|  |TAMS 0x000000070b600000, 0x000000070b600000| Untracked 
| 151|0x000000070b700000, 0x000000070b700000, 0x000000070b800000|  0%| F|  |TAMS 0x000000070b700000, 0x000000070b700000| Untracked 
| 152|0x000000070b800000, 0x000000070b800000, 0x000000070b900000|  0%| F|  |TAMS 0x000000070b800000, 0x000000070b800000| Untracked 
| 153|0x000000070b900000, 0x000000070b900000, 0x000000070ba00000|  0%| F|  |TAMS 0x000000070b900000, 0x000000070b900000| Untracked 
| 154|0x000000070ba00000, 0x000000070ba00000, 0x000000070bb00000|  0%| F|  |TAMS 0x000000070ba00000, 0x000000070ba00000| Untracked 
| 155|0x000000070bb00000, 0x000000070bb00000, 0x000000070bc00000|  0%| F|  |TAMS 0x000000070bb00000, 0x000000070bb00000| Untracked 
| 156|0x000000070bc00000, 0x000000070bc00000, 0x000000070bd00000|  0%| F|  |TAMS 0x000000070bc00000, 0x000000070bc00000| Untracked 
| 157|0x000000070bd00000, 0x000000070bd00000, 0x000000070be00000|  0%| F|  |TAMS 0x000000070bd00000, 0x000000070bd00000| Untracked 
| 158|0x000000070be00000, 0x000000070be00000, 0x000000070bf00000|  0%| F|  |TAMS 0x000000070be00000, 0x000000070be00000| Untracked 
| 159|0x000000070bf00000, 0x000000070bf00000, 0x000000070c000000|  0%| F|  |TAMS 0x000000070bf00000, 0x000000070bf00000| Untracked 
| 160|0x000000070c000000, 0x000000070c100000, 0x000000070c100000|100%| S|CS|TAMS 0x000000070c000000, 0x000000070c000000| Complete 
| 161|0x000000070c100000, 0x000000070c200000, 0x000000070c200000|100%| S|CS|TAMS 0x000000070c100000, 0x000000070c100000| Complete 
| 162|0x000000070c200000, 0x000000070c300000, 0x000000070c300000|100%| S|CS|TAMS 0x000000070c200000, 0x000000070c200000| Complete 
| 163|0x000000070c300000, 0x000000070c400000, 0x000000070c400000|100%| S|CS|TAMS 0x000000070c300000, 0x000000070c300000| Complete 
| 164|0x000000070c400000, 0x000000070c500000, 0x000000070c500000|100%| S|CS|TAMS 0x000000070c400000, 0x000000070c400000| Complete 
| 165|0x000000070c500000, 0x000000070c600000, 0x000000070c600000|100%| S|CS|TAMS 0x000000070c500000, 0x000000070c500000| Complete 
| 166|0x000000070c600000, 0x000000070c700000, 0x000000070c700000|100%| S|CS|TAMS 0x000000070c600000, 0x000000070c600000| Complete 
| 167|0x000000070c700000, 0x000000070c700000, 0x000000070c800000|  0%| F|  |TAMS 0x000000070c700000, 0x000000070c700000| Untracked 
| 168|0x000000070c800000, 0x000000070c900000, 0x000000070c900000|100%| E|  |TAMS 0x000000070c800000, 0x000000070c800000| Complete 
| 169|0x000000070c900000, 0x000000070ca00000, 0x000000070ca00000|100%| E|CS|TAMS 0x000000070c900000, 0x000000070c900000| Complete 
| 170|0x000000070ca00000, 0x000000070cb00000, 0x000000070cb00000|100%| E|CS|TAMS 0x000000070ca00000, 0x000000070ca00000| Complete 
| 171|0x000000070cb00000, 0x000000070cc00000, 0x000000070cc00000|100%| E|CS|TAMS 0x000000070cb00000, 0x000000070cb00000| Complete 
| 172|0x000000070cc00000, 0x000000070cd00000, 0x000000070cd00000|100%| E|CS|TAMS 0x000000070cc00000, 0x000000070cc00000| Complete 
| 173|0x000000070cd00000, 0x000000070ce00000, 0x000000070ce00000|100%| E|CS|TAMS 0x000000070cd00000, 0x000000070cd00000| Complete 
| 174|0x000000070ce00000, 0x000000070cf00000, 0x000000070cf00000|100%| E|CS|TAMS 0x000000070ce00000, 0x000000070ce00000| Complete 
| 175|0x000000070cf00000, 0x000000070d000000, 0x000000070d000000|100%| E|CS|TAMS 0x000000070cf00000, 0x000000070cf00000| Complete 
| 176|0x000000070d000000, 0x000000070d100000, 0x000000070d100000|100%| E|CS|TAMS 0x000000070d000000, 0x000000070d000000| Complete 
| 177|0x000000070d100000, 0x000000070d200000, 0x000000070d200000|100%| E|CS|TAMS 0x000000070d100000, 0x000000070d100000| Complete 
| 178|0x000000070d200000, 0x000000070d300000, 0x000000070d300000|100%| E|CS|TAMS 0x000000070d200000, 0x000000070d200000| Complete 
| 179|0x000000070d300000, 0x000000070d400000, 0x000000070d400000|100%| E|CS|TAMS 0x000000070d300000, 0x000000070d300000| Complete 
| 180|0x000000070d400000, 0x000000070d500000, 0x000000070d500000|100%| E|CS|TAMS 0x000000070d400000, 0x000000070d400000| Complete 
| 181|0x000000070d500000, 0x000000070d600000, 0x000000070d600000|100%| E|CS|TAMS 0x000000070d500000, 0x000000070d500000| Complete 
| 182|0x000000070d600000, 0x000000070d700000, 0x000000070d700000|100%| E|CS|TAMS 0x000000070d600000, 0x000000070d600000| Complete 
| 183|0x000000070d700000, 0x000000070d800000, 0x000000070d800000|100%| E|CS|TAMS 0x000000070d700000, 0x000000070d700000| Complete 
| 184|0x000000070d800000, 0x000000070d900000, 0x000000070d900000|100%| E|CS|TAMS 0x000000070d800000, 0x000000070d800000| Complete 
| 185|0x000000070d900000, 0x000000070da00000, 0x000000070da00000|100%| E|CS|TAMS 0x000000070d900000, 0x000000070d900000| Complete 
| 186|0x000000070da00000, 0x000000070db00000, 0x000000070db00000|100%| E|CS|TAMS 0x000000070da00000, 0x000000070da00000| Complete 
| 187|0x000000070db00000, 0x000000070dc00000, 0x000000070dc00000|100%| E|CS|TAMS 0x000000070db00000, 0x000000070db00000| Complete 
| 188|0x000000070dc00000, 0x000000070dd00000, 0x000000070dd00000|100%| E|CS|TAMS 0x000000070dc00000, 0x000000070dc00000| Complete 
| 189|0x000000070dd00000, 0x000000070de00000, 0x000000070de00000|100%| E|CS|TAMS 0x000000070dd00000, 0x000000070dd00000| Complete 
| 190|0x000000070de00000, 0x000000070df00000, 0x000000070df00000|100%| E|CS|TAMS 0x000000070de00000, 0x000000070de00000| Complete 
| 191|0x000000070df00000, 0x000000070e000000, 0x000000070e000000|100%| E|CS|TAMS 0x000000070df00000, 0x000000070df00000| Complete 
| 192|0x000000070e000000, 0x000000070e100000, 0x000000070e100000|100%| E|CS|TAMS 0x000000070e000000, 0x000000070e000000| Complete 
| 193|0x000000070e100000, 0x000000070e200000, 0x000000070e200000|100%| E|CS|TAMS 0x000000070e100000, 0x000000070e100000| Complete 
| 194|0x000000070e200000, 0x000000070e300000, 0x000000070e300000|100%| E|CS|TAMS 0x000000070e200000, 0x000000070e200000| Complete 
| 195|0x000000070e300000, 0x000000070e400000, 0x000000070e400000|100%| E|CS|TAMS 0x000000070e300000, 0x000000070e300000| Complete 
| 196|0x000000070e400000, 0x000000070e500000, 0x000000070e500000|100%| E|CS|TAMS 0x000000070e400000, 0x000000070e400000| Complete 
| 197|0x000000070e500000, 0x000000070e600000, 0x000000070e600000|100%| E|CS|TAMS 0x000000070e500000, 0x000000070e500000| Complete 
| 198|0x000000070e600000, 0x000000070e700000, 0x000000070e700000|100%| E|CS|TAMS 0x000000070e600000, 0x000000070e600000| Complete 
| 199|0x000000070e700000, 0x000000070e800000, 0x000000070e800000|100%| E|CS|TAMS 0x000000070e700000, 0x000000070e700000| Complete 
| 200|0x000000070e800000, 0x000000070e900000, 0x000000070e900000|100%| E|CS|TAMS 0x000000070e800000, 0x000000070e800000| Complete 
| 201|0x000000070e900000, 0x000000070ea00000, 0x000000070ea00000|100%| E|CS|TAMS 0x000000070e900000, 0x000000070e900000| Complete 
| 202|0x000000070ea00000, 0x000000070eb00000, 0x000000070eb00000|100%| E|CS|TAMS 0x000000070ea00000, 0x000000070ea00000| Complete 
| 203|0x000000070eb00000, 0x000000070ec00000, 0x000000070ec00000|100%| E|CS|TAMS 0x000000070eb00000, 0x000000070eb00000| Complete 
| 204|0x000000070ec00000, 0x000000070ed00000, 0x000000070ed00000|100%| E|CS|TAMS 0x000000070ec00000, 0x000000070ec00000| Complete 
| 205|0x000000070ed00000, 0x000000070ee00000, 0x000000070ee00000|100%| E|CS|TAMS 0x000000070ed00000, 0x000000070ed00000| Complete 
| 206|0x000000070ee00000, 0x000000070ef00000, 0x000000070ef00000|100%| E|CS|TAMS 0x000000070ee00000, 0x000000070ee00000| Complete 
| 207|0x000000070ef00000, 0x000000070f000000, 0x000000070f000000|100%| E|CS|TAMS 0x000000070ef00000, 0x000000070ef00000| Complete 
| 208|0x000000070f000000, 0x000000070f100000, 0x000000070f100000|100%| E|CS|TAMS 0x000000070f000000, 0x000000070f000000| Complete 
| 209|0x000000070f100000, 0x000000070f200000, 0x000000070f200000|100%| E|CS|TAMS 0x000000070f100000, 0x000000070f100000| Complete 
| 210|0x000000070f200000, 0x000000070f300000, 0x000000070f300000|100%| E|CS|TAMS 0x000000070f200000, 0x000000070f200000| Complete 
| 211|0x000000070f300000, 0x000000070f400000, 0x000000070f400000|100%| E|CS|TAMS 0x000000070f300000, 0x000000070f300000| Complete 
| 212|0x000000070f400000, 0x000000070f500000, 0x000000070f500000|100%| E|CS|TAMS 0x000000070f400000, 0x000000070f400000| Complete 
| 213|0x000000070f500000, 0x000000070f600000, 0x000000070f600000|100%| E|CS|TAMS 0x000000070f500000, 0x000000070f500000| Complete 
| 214|0x000000070f600000, 0x000000070f700000, 0x000000070f700000|100%| E|CS|TAMS 0x000000070f600000, 0x000000070f600000| Complete 
| 215|0x000000070f700000, 0x000000070f800000, 0x000000070f800000|100%| E|CS|TAMS 0x000000070f700000, 0x000000070f700000| Complete 
| 216|0x000000070f800000, 0x000000070f900000, 0x000000070f900000|100%| E|CS|TAMS 0x000000070f800000, 0x000000070f800000| Complete 
| 217|0x000000070f900000, 0x000000070fa00000, 0x000000070fa00000|100%| E|CS|TAMS 0x000000070f900000, 0x000000070f900000| Complete 
| 218|0x000000070fa00000, 0x000000070fb00000, 0x000000070fb00000|100%| E|CS|TAMS 0x000000070fa00000, 0x000000070fa00000| Complete 
| 219|0x000000070fb00000, 0x000000070fc00000, 0x000000070fc00000|100%| E|CS|TAMS 0x000000070fb00000, 0x000000070fb00000| Complete 
| 220|0x000000070fc00000, 0x000000070fd00000, 0x000000070fd00000|100%| E|CS|TAMS 0x000000070fc00000, 0x000000070fc00000| Complete 
| 221|0x000000070fd00000, 0x000000070fe00000, 0x000000070fe00000|100%| E|CS|TAMS 0x000000070fd00000, 0x000000070fd00000| Complete 
| 222|0x000000070fe00000, 0x000000070ff00000, 0x000000070ff00000|100%| E|CS|TAMS 0x000000070fe00000, 0x000000070fe00000| Complete 
| 223|0x000000070ff00000, 0x0000000710000000, 0x0000000710000000|100%| E|CS|TAMS 0x000000070ff00000, 0x000000070ff00000| Complete 
| 224|0x0000000710000000, 0x0000000710100000, 0x0000000710100000|100%| E|CS|TAMS 0x0000000710000000, 0x0000000710000000| Complete 
| 225|0x0000000710100000, 0x0000000710200000, 0x0000000710200000|100%| E|CS|TAMS 0x0000000710100000, 0x0000000710100000| Complete 
| 226|0x0000000710200000, 0x0000000710300000, 0x0000000710300000|100%| E|CS|TAMS 0x0000000710200000, 0x0000000710200000| Complete 
| 227|0x0000000710300000, 0x0000000710400000, 0x0000000710400000|100%| E|CS|TAMS 0x0000000710300000, 0x0000000710300000| Complete 
| 228|0x0000000710400000, 0x0000000710500000, 0x0000000710500000|100%| E|CS|TAMS 0x0000000710400000, 0x0000000710400000| Complete 
| 229|0x0000000710500000, 0x0000000710600000, 0x0000000710600000|100%| E|CS|TAMS 0x0000000710500000, 0x0000000710500000| Complete 
| 230|0x0000000710600000, 0x0000000710700000, 0x0000000710700000|100%| E|CS|TAMS 0x0000000710600000, 0x0000000710600000| Complete 
| 231|0x0000000710700000, 0x0000000710800000, 0x0000000710800000|100%| E|CS|TAMS 0x0000000710700000, 0x0000000710700000| Complete 
| 232|0x0000000710800000, 0x0000000710900000, 0x0000000710900000|100%| E|CS|TAMS 0x0000000710800000, 0x0000000710800000| Complete 
| 233|0x0000000710900000, 0x0000000710a00000, 0x0000000710a00000|100%| E|CS|TAMS 0x0000000710900000, 0x0000000710900000| Complete 
| 234|0x0000000710a00000, 0x0000000710b00000, 0x0000000710b00000|100%| E|CS|TAMS 0x0000000710a00000, 0x0000000710a00000| Complete 
| 235|0x0000000710b00000, 0x0000000710c00000, 0x0000000710c00000|100%| E|CS|TAMS 0x0000000710b00000, 0x0000000710b00000| Complete 
| 236|0x0000000710c00000, 0x0000000710d00000, 0x0000000710d00000|100%| E|CS|TAMS 0x0000000710c00000, 0x0000000710c00000| Complete 
| 237|0x0000000710d00000, 0x0000000710e00000, 0x0000000710e00000|100%| E|CS|TAMS 0x0000000710d00000, 0x0000000710d00000| Complete 
| 238|0x0000000710e00000, 0x0000000710f00000, 0x0000000710f00000|100%| E|CS|TAMS 0x0000000710e00000, 0x0000000710e00000| Complete 
| 239|0x0000000710f00000, 0x0000000711000000, 0x0000000711000000|100%| E|CS|TAMS 0x0000000710f00000, 0x0000000710f00000| Complete 
| 240|0x0000000711000000, 0x0000000711100000, 0x0000000711100000|100%| E|CS|TAMS 0x0000000711000000, 0x0000000711000000| Complete 
| 241|0x0000000711100000, 0x0000000711200000, 0x0000000711200000|100%| E|CS|TAMS 0x0000000711100000, 0x0000000711100000| Complete 
| 242|0x0000000711200000, 0x0000000711300000, 0x0000000711300000|100%| E|CS|TAMS 0x0000000711200000, 0x0000000711200000| Complete 
| 243|0x0000000711300000, 0x0000000711400000, 0x0000000711400000|100%| E|CS|TAMS 0x0000000711300000, 0x0000000711300000| Complete 
| 244|0x0000000711400000, 0x0000000711500000, 0x0000000711500000|100%| E|CS|TAMS 0x0000000711400000, 0x0000000711400000| Complete 
| 245|0x0000000711500000, 0x0000000711600000, 0x0000000711600000|100%| E|CS|TAMS 0x0000000711500000, 0x0000000711500000| Complete 
| 246|0x0000000711600000, 0x0000000711700000, 0x0000000711700000|100%| E|CS|TAMS 0x0000000711600000, 0x0000000711600000| Complete 
| 247|0x0000000711700000, 0x0000000711800000, 0x0000000711800000|100%| E|CS|TAMS 0x0000000711700000, 0x0000000711700000| Complete 
| 248|0x0000000711800000, 0x0000000711900000, 0x0000000711900000|100%| E|CS|TAMS 0x0000000711800000, 0x0000000711800000| Complete 
| 249|0x0000000711900000, 0x0000000711a00000, 0x0000000711a00000|100%| E|CS|TAMS 0x0000000711900000, 0x0000000711900000| Complete 
| 250|0x0000000711a00000, 0x0000000711b00000, 0x0000000711b00000|100%| E|CS|TAMS 0x0000000711a00000, 0x0000000711a00000| Complete 
| 251|0x0000000711b00000, 0x0000000711c00000, 0x0000000711c00000|100%| E|CS|TAMS 0x0000000711b00000, 0x0000000711b00000| Complete 
| 252|0x0000000711c00000, 0x0000000711d00000, 0x0000000711d00000|100%| E|CS|TAMS 0x0000000711c00000, 0x0000000711c00000| Complete 
| 253|0x0000000711d00000, 0x0000000711e00000, 0x0000000711e00000|100%| E|CS|TAMS 0x0000000711d00000, 0x0000000711d00000| Complete 
| 254|0x0000000711e00000, 0x0000000711f00000, 0x0000000711f00000|100%| E|CS|TAMS 0x0000000711e00000, 0x0000000711e00000| Complete 
| 255|0x0000000711f00000, 0x0000000712000000, 0x0000000712000000|100%| E|CS|TAMS 0x0000000711f00000, 0x0000000711f00000| Complete 
| 256|0x0000000712000000, 0x0000000712100000, 0x0000000712100000|100%| E|CS|TAMS 0x0000000712000000, 0x0000000712000000| Complete 
| 257|0x0000000712100000, 0x0000000712200000, 0x0000000712200000|100%| E|CS|TAMS 0x0000000712100000, 0x0000000712100000| Complete 
| 258|0x0000000712200000, 0x0000000712300000, 0x0000000712300000|100%| E|CS|TAMS 0x0000000712200000, 0x0000000712200000| Complete 
| 259|0x0000000712300000, 0x0000000712400000, 0x0000000712400000|100%| E|CS|TAMS 0x0000000712300000, 0x0000000712300000| Complete 
| 260|0x0000000712400000, 0x0000000712500000, 0x0000000712500000|100%| E|CS|TAMS 0x0000000712400000, 0x0000000712400000| Complete 
| 261|0x0000000712500000, 0x0000000712600000, 0x0000000712600000|100%| E|CS|TAMS 0x0000000712500000, 0x0000000712500000| Complete 
| 262|0x0000000712600000, 0x0000000712700000, 0x0000000712700000|100%| E|CS|TAMS 0x0000000712600000, 0x0000000712600000| Complete 
| 263|0x0000000712700000, 0x0000000712800000, 0x0000000712800000|100%| E|CS|TAMS 0x0000000712700000, 0x0000000712700000| Complete 
| 264|0x0000000712800000, 0x0000000712900000, 0x0000000712900000|100%| E|CS|TAMS 0x0000000712800000, 0x0000000712800000| Complete 
| 265|0x0000000712900000, 0x0000000712a00000, 0x0000000712a00000|100%| E|CS|TAMS 0x0000000712900000, 0x0000000712900000| Complete 
| 266|0x0000000712a00000, 0x0000000712b00000, 0x0000000712b00000|100%| E|CS|TAMS 0x0000000712a00000, 0x0000000712a00000| Complete 
| 267|0x0000000712b00000, 0x0000000712c00000, 0x0000000712c00000|100%| E|CS|TAMS 0x0000000712b00000, 0x0000000712b00000| Complete 
| 268|0x0000000712c00000, 0x0000000712d00000, 0x0000000712d00000|100%| E|CS|TAMS 0x0000000712c00000, 0x0000000712c00000| Complete 
| 269|0x0000000712d00000, 0x0000000712e00000, 0x0000000712e00000|100%| E|CS|TAMS 0x0000000712d00000, 0x0000000712d00000| Complete 
| 270|0x0000000712e00000, 0x0000000712f00000, 0x0000000712f00000|100%| E|CS|TAMS 0x0000000712e00000, 0x0000000712e00000| Complete 
| 271|0x0000000712f00000, 0x0000000713000000, 0x0000000713000000|100%| E|CS|TAMS 0x0000000712f00000, 0x0000000712f00000| Complete 
| 272|0x0000000713000000, 0x0000000713100000, 0x0000000713100000|100%| E|CS|TAMS 0x0000000713000000, 0x0000000713000000| Complete 
| 273|0x0000000713100000, 0x0000000713200000, 0x0000000713200000|100%| E|CS|TAMS 0x0000000713100000, 0x0000000713100000| Complete 
| 274|0x0000000713200000, 0x0000000713300000, 0x0000000713300000|100%| E|CS|TAMS 0x0000000713200000, 0x0000000713200000| Complete 
| 275|0x0000000713300000, 0x0000000713400000, 0x0000000713400000|100%| E|CS|TAMS 0x0000000713300000, 0x0000000713300000| Complete 
| 276|0x0000000713400000, 0x0000000713500000, 0x0000000713500000|100%| E|CS|TAMS 0x0000000713400000, 0x0000000713400000| Complete 
| 277|0x0000000713500000, 0x0000000713600000, 0x0000000713600000|100%| E|CS|TAMS 0x0000000713500000, 0x0000000713500000| Complete 
| 278|0x0000000713600000, 0x0000000713700000, 0x0000000713700000|100%| E|CS|TAMS 0x0000000713600000, 0x0000000713600000| Complete 
| 279|0x0000000713700000, 0x0000000713800000, 0x0000000713800000|100%| E|CS|TAMS 0x0000000713700000, 0x0000000713700000| Complete 
| 280|0x0000000713800000, 0x0000000713900000, 0x0000000713900000|100%| E|CS|TAMS 0x0000000713800000, 0x0000000713800000| Complete 
| 281|0x0000000713900000, 0x0000000713a00000, 0x0000000713a00000|100%| E|CS|TAMS 0x0000000713900000, 0x0000000713900000| Complete 
| 282|0x0000000713a00000, 0x0000000713b00000, 0x0000000713b00000|100%| E|CS|TAMS 0x0000000713a00000, 0x0000000713a00000| Complete 
| 283|0x0000000713b00000, 0x0000000713c00000, 0x0000000713c00000|100%| E|CS|TAMS 0x0000000713b00000, 0x0000000713b00000| Complete 
| 284|0x0000000713c00000, 0x0000000713d00000, 0x0000000713d00000|100%| E|CS|TAMS 0x0000000713c00000, 0x0000000713c00000| Complete 
| 285|0x0000000713d00000, 0x0000000713e00000, 0x0000000713e00000|100%| E|CS|TAMS 0x0000000713d00000, 0x0000000713d00000| Complete 
| 286|0x0000000713e00000, 0x0000000713f00000, 0x0000000713f00000|100%| E|CS|TAMS 0x0000000713e00000, 0x0000000713e00000| Complete 
| 287|0x0000000713f00000, 0x0000000714000000, 0x0000000714000000|100%| E|CS|TAMS 0x0000000713f00000, 0x0000000713f00000| Complete 
| 288|0x0000000714000000, 0x0000000714100000, 0x0000000714100000|100%| E|CS|TAMS 0x0000000714000000, 0x0000000714000000| Complete 
| 289|0x0000000714100000, 0x0000000714200000, 0x0000000714200000|100%| E|CS|TAMS 0x0000000714100000, 0x0000000714100000| Complete 
| 290|0x0000000714200000, 0x0000000714300000, 0x0000000714300000|100%| E|CS|TAMS 0x0000000714200000, 0x0000000714200000| Complete 
| 291|0x0000000714300000, 0x0000000714400000, 0x0000000714400000|100%| E|CS|TAMS 0x0000000714300000, 0x0000000714300000| Complete 
| 292|0x0000000714400000, 0x0000000714500000, 0x0000000714500000|100%| E|CS|TAMS 0x0000000714400000, 0x0000000714400000| Complete 
| 293|0x0000000714500000, 0x0000000714600000, 0x0000000714600000|100%| E|CS|TAMS 0x0000000714500000, 0x0000000714500000| Complete 
| 294|0x0000000714600000, 0x0000000714700000, 0x0000000714700000|100%| E|CS|TAMS 0x0000000714600000, 0x0000000714600000| Complete 
| 295|0x0000000714700000, 0x0000000714800000, 0x0000000714800000|100%| E|CS|TAMS 0x0000000714700000, 0x0000000714700000| Complete 
| 296|0x0000000714800000, 0x0000000714900000, 0x0000000714900000|100%| E|CS|TAMS 0x0000000714800000, 0x0000000714800000| Complete 
| 297|0x0000000714900000, 0x0000000714a00000, 0x0000000714a00000|100%| E|CS|TAMS 0x0000000714900000, 0x0000000714900000| Complete 
| 298|0x0000000714a00000, 0x0000000714b00000, 0x0000000714b00000|100%| E|CS|TAMS 0x0000000714a00000, 0x0000000714a00000| Complete 
| 299|0x0000000714b00000, 0x0000000714c00000, 0x0000000714c00000|100%| E|CS|TAMS 0x0000000714b00000, 0x0000000714b00000| Complete 
| 300|0x0000000714c00000, 0x0000000714d00000, 0x0000000714d00000|100%| E|CS|TAMS 0x0000000714c00000, 0x0000000714c00000| Complete 
| 301|0x0000000714d00000, 0x0000000714e00000, 0x0000000714e00000|100%| E|CS|TAMS 0x0000000714d00000, 0x0000000714d00000| Complete 
| 302|0x0000000714e00000, 0x0000000714f00000, 0x0000000714f00000|100%| E|CS|TAMS 0x0000000714e00000, 0x0000000714e00000| Complete 
| 303|0x0000000714f00000, 0x0000000715000000, 0x0000000715000000|100%| E|CS|TAMS 0x0000000714f00000, 0x0000000714f00000| Complete 
| 304|0x0000000715000000, 0x0000000715100000, 0x0000000715100000|100%| E|CS|TAMS 0x0000000715000000, 0x0000000715000000| Complete 
| 305|0x0000000715100000, 0x0000000715200000, 0x0000000715200000|100%| E|CS|TAMS 0x0000000715100000, 0x0000000715100000| Complete 
| 306|0x0000000715200000, 0x0000000715300000, 0x0000000715300000|100%| E|CS|TAMS 0x0000000715200000, 0x0000000715200000| Complete 
| 307|0x0000000715300000, 0x0000000715400000, 0x0000000715400000|100%| E|CS|TAMS 0x0000000715300000, 0x0000000715300000| Complete 
| 308|0x0000000715400000, 0x0000000715500000, 0x0000000715500000|100%| E|CS|TAMS 0x0000000715400000, 0x0000000715400000| Complete 
| 309|0x0000000715500000, 0x0000000715600000, 0x0000000715600000|100%| E|CS|TAMS 0x0000000715500000, 0x0000000715500000| Complete 
| 310|0x0000000715600000, 0x0000000715700000, 0x0000000715700000|100%| E|CS|TAMS 0x0000000715600000, 0x0000000715600000| Complete 
| 311|0x0000000715700000, 0x0000000715800000, 0x0000000715800000|100%| E|CS|TAMS 0x0000000715700000, 0x0000000715700000| Complete 
| 312|0x0000000715800000, 0x0000000715900000, 0x0000000715900000|100%| E|CS|TAMS 0x0000000715800000, 0x0000000715800000| Complete 
| 313|0x0000000715900000, 0x0000000715a00000, 0x0000000715a00000|100%| E|CS|TAMS 0x0000000715900000, 0x0000000715900000| Complete 
| 314|0x0000000715a00000, 0x0000000715b00000, 0x0000000715b00000|100%| E|CS|TAMS 0x0000000715a00000, 0x0000000715a00000| Complete 
| 315|0x0000000715b00000, 0x0000000715c00000, 0x0000000715c00000|100%| E|CS|TAMS 0x0000000715b00000, 0x0000000715b00000| Complete 
| 316|0x0000000715c00000, 0x0000000715d00000, 0x0000000715d00000|100%| E|CS|TAMS 0x0000000715c00000, 0x0000000715c00000| Complete 
| 317|0x0000000715d00000, 0x0000000715e00000, 0x0000000715e00000|100%| E|CS|TAMS 0x0000000715d00000, 0x0000000715d00000| Complete 
| 318|0x0000000715e00000, 0x0000000715f00000, 0x0000000715f00000|100%| E|CS|TAMS 0x0000000715e00000, 0x0000000715e00000| Complete 
| 319|0x0000000715f00000, 0x0000000716000000, 0x0000000716000000|100%| E|CS|TAMS 0x0000000715f00000, 0x0000000715f00000| Complete 
| 320|0x0000000716000000, 0x0000000716100000, 0x0000000716100000|100%| E|CS|TAMS 0x0000000716000000, 0x0000000716000000| Complete 
| 321|0x0000000716100000, 0x0000000716200000, 0x0000000716200000|100%| E|CS|TAMS 0x0000000716100000, 0x0000000716100000| Complete 
| 322|0x0000000716200000, 0x0000000716300000, 0x0000000716300000|100%| E|CS|TAMS 0x0000000716200000, 0x0000000716200000| Complete 
| 323|0x0000000716300000, 0x0000000716400000, 0x0000000716400000|100%| E|CS|TAMS 0x0000000716300000, 0x0000000716300000| Complete 
| 324|0x0000000716400000, 0x0000000716500000, 0x0000000716500000|100%| E|CS|TAMS 0x0000000716400000, 0x0000000716400000| Complete 
| 325|0x0000000716500000, 0x0000000716600000, 0x0000000716600000|100%| E|CS|TAMS 0x0000000716500000, 0x0000000716500000| Complete 
| 326|0x0000000716600000, 0x0000000716700000, 0x0000000716700000|100%| E|CS|TAMS 0x0000000716600000, 0x0000000716600000| Complete 
| 327|0x0000000716700000, 0x0000000716800000, 0x0000000716800000|100%| E|CS|TAMS 0x0000000716700000, 0x0000000716700000| Complete 
| 328|0x0000000716800000, 0x0000000716900000, 0x0000000716900000|100%| E|CS|TAMS 0x0000000716800000, 0x0000000716800000| Complete 
| 329|0x0000000716900000, 0x0000000716a00000, 0x0000000716a00000|100%| E|CS|TAMS 0x0000000716900000, 0x0000000716900000| Complete 
| 330|0x0000000716a00000, 0x0000000716b00000, 0x0000000716b00000|100%| E|CS|TAMS 0x0000000716a00000, 0x0000000716a00000| Complete 
| 331|0x0000000716b00000, 0x0000000716c00000, 0x0000000716c00000|100%| E|CS|TAMS 0x0000000716b00000, 0x0000000716b00000| Complete 
| 332|0x0000000716c00000, 0x0000000716d00000, 0x0000000716d00000|100%| E|CS|TAMS 0x0000000716c00000, 0x0000000716c00000| Complete 
| 333|0x0000000716d00000, 0x0000000716e00000, 0x0000000716e00000|100%| E|CS|TAMS 0x0000000716d00000, 0x0000000716d00000| Complete 
| 334|0x0000000716e00000, 0x0000000716f00000, 0x0000000716f00000|100%| E|CS|TAMS 0x0000000716e00000, 0x0000000716e00000| Complete 
| 335|0x0000000716f00000, 0x0000000717000000, 0x0000000717000000|100%| E|CS|TAMS 0x0000000716f00000, 0x0000000716f00000| Complete 
| 336|0x0000000717000000, 0x0000000717100000, 0x0000000717100000|100%| E|CS|TAMS 0x0000000717000000, 0x0000000717000000| Complete 
| 337|0x0000000717100000, 0x0000000717200000, 0x0000000717200000|100%| E|CS|TAMS 0x0000000717100000, 0x0000000717100000| Complete 
| 338|0x0000000717200000, 0x0000000717300000, 0x0000000717300000|100%| E|CS|TAMS 0x0000000717200000, 0x0000000717200000| Complete 
| 339|0x0000000717300000, 0x0000000717400000, 0x0000000717400000|100%| E|CS|TAMS 0x0000000717300000, 0x0000000717300000| Complete 
| 340|0x0000000717400000, 0x0000000717500000, 0x0000000717500000|100%| E|CS|TAMS 0x0000000717400000, 0x0000000717400000| Complete 
| 341|0x0000000717500000, 0x0000000717600000, 0x0000000717600000|100%| E|CS|TAMS 0x0000000717500000, 0x0000000717500000| Complete 
| 342|0x0000000717600000, 0x0000000717700000, 0x0000000717700000|100%| E|CS|TAMS 0x0000000717600000, 0x0000000717600000| Complete 
| 343|0x0000000717700000, 0x0000000717800000, 0x0000000717800000|100%| E|CS|TAMS 0x0000000717700000, 0x0000000717700000| Complete 
| 344|0x0000000717800000, 0x0000000717900000, 0x0000000717900000|100%| E|CS|TAMS 0x0000000717800000, 0x0000000717800000| Complete 
| 345|0x0000000717900000, 0x0000000717a00000, 0x0000000717a00000|100%| E|CS|TAMS 0x0000000717900000, 0x0000000717900000| Complete 
| 346|0x0000000717a00000, 0x0000000717b00000, 0x0000000717b00000|100%| E|CS|TAMS 0x0000000717a00000, 0x0000000717a00000| Complete 
| 347|0x0000000717b00000, 0x0000000717c00000, 0x0000000717c00000|100%| E|CS|TAMS 0x0000000717b00000, 0x0000000717b00000| Complete 
| 348|0x0000000717c00000, 0x0000000717d00000, 0x0000000717d00000|100%| E|CS|TAMS 0x0000000717c00000, 0x0000000717c00000| Complete 
| 349|0x0000000717d00000, 0x0000000717e00000, 0x0000000717e00000|100%| E|CS|TAMS 0x0000000717d00000, 0x0000000717d00000| Complete 
| 350|0x0000000717e00000, 0x0000000717f00000, 0x0000000717f00000|100%| E|CS|TAMS 0x0000000717e00000, 0x0000000717e00000| Complete 
| 351|0x0000000717f00000, 0x0000000718000000, 0x0000000718000000|100%| E|CS|TAMS 0x0000000717f00000, 0x0000000717f00000| Complete 
| 352|0x0000000718000000, 0x0000000718100000, 0x0000000718100000|100%| E|CS|TAMS 0x0000000718000000, 0x0000000718000000| Complete 
| 353|0x0000000718100000, 0x0000000718200000, 0x0000000718200000|100%| E|CS|TAMS 0x0000000718100000, 0x0000000718100000| Complete 
| 354|0x0000000718200000, 0x0000000718300000, 0x0000000718300000|100%| E|CS|TAMS 0x0000000718200000, 0x0000000718200000| Complete 
| 355|0x0000000718300000, 0x0000000718400000, 0x0000000718400000|100%| E|CS|TAMS 0x0000000718300000, 0x0000000718300000| Complete 
| 356|0x0000000718400000, 0x0000000718500000, 0x0000000718500000|100%| E|CS|TAMS 0x0000000718400000, 0x0000000718400000| Complete 
| 357|0x0000000718500000, 0x0000000718600000, 0x0000000718600000|100%| E|CS|TAMS 0x0000000718500000, 0x0000000718500000| Complete 
| 358|0x0000000718600000, 0x0000000718700000, 0x0000000718700000|100%| E|CS|TAMS 0x0000000718600000, 0x0000000718600000| Complete 
| 359|0x0000000718700000, 0x0000000718800000, 0x0000000718800000|100%| E|CS|TAMS 0x0000000718700000, 0x0000000718700000| Complete 
| 360|0x0000000718800000, 0x0000000718900000, 0x0000000718900000|100%| E|CS|TAMS 0x0000000718800000, 0x0000000718800000| Complete 
| 361|0x0000000718900000, 0x0000000718a00000, 0x0000000718a00000|100%| E|CS|TAMS 0x0000000718900000, 0x0000000718900000| Complete 
| 362|0x0000000718a00000, 0x0000000718b00000, 0x0000000718b00000|100%| E|CS|TAMS 0x0000000718a00000, 0x0000000718a00000| Complete 
| 363|0x0000000718b00000, 0x0000000718c00000, 0x0000000718c00000|100%| E|CS|TAMS 0x0000000718b00000, 0x0000000718b00000| Complete 
| 364|0x0000000718c00000, 0x0000000718d00000, 0x0000000718d00000|100%| E|CS|TAMS 0x0000000718c00000, 0x0000000718c00000| Complete 
| 365|0x0000000718d00000, 0x0000000718e00000, 0x0000000718e00000|100%| E|CS|TAMS 0x0000000718d00000, 0x0000000718d00000| Complete 

Card table byte_map: [0x0000022a97a40000,0x0000022a98230000] _byte_map_base: 0x0000022a94230000

Marking Bits (Prev, Next): (CMBitMap*) 0x0000022affb362b0, (CMBitMap*) 0x0000022affb36278
 Prev Bits: [0x0000022a9c9a0000, 0x0000022aa0920000)
 Next Bits: [0x0000022a98a20000, 0x0000022a9c9a0000)

Polling page: 0x0000022afd920000

Metaspace:

Usage:
  Non-class:     60.89 MB capacity,    60.10 MB ( 99%) used,   655.73 KB (  1%) free+waste,   151.69 KB ( <1%) overhead. 
      Class:      8.63 MB capacity,     8.18 MB ( 95%) used,   396.05 KB (  4%) free+waste,    66.25 KB ( <1%) overhead. 
       Both:     69.52 MB capacity,    68.28 MB ( 98%) used,     1.03 MB (  1%) free+waste,   217.94 KB ( <1%) overhead. 

Virtual space:
  Non-class space:       62.00 MB reserved,      61.12 MB ( 99%) committed 
      Class space:        1.00 GB reserved,       8.70 MB ( <1%) committed 
             Both:        1.06 GB reserved,      69.82 MB (  6%) committed 

Chunk freelists:
   Non-Class:  5.50 KB
       Class:  3.63 KB
        Both:  9.13 KB

CodeHeap 'non-profiled nmethods': size=238336Kb used=20187Kb max_used=20187Kb free=218148Kb
 bounds [0x0000022a88990000, 0x0000022a89d50000, 0x0000022a97250000]
CodeHeap 'non-nmethods': size=7424Kb used=1359Kb max_used=3049Kb free=6064Kb
 bounds [0x0000022a88250000, 0x0000022a885e0000, 0x0000022a88990000]
 total_blobs=11008 nmethods=10079 adapters=581
 compilation: enabled
              stopped_count=0, restarted_count=0
 full_count=0

Compilation events (10 events):
Event: 71472.918 Thread 0x0000022aa3cf1000 10302   !   1       org.springframework.jdbc.datasource.DataSourceUtils::releaseConnection (36 bytes)
Event: 71472.918 Thread 0x0000022aa3cf1000 nmethod 10302 0x0000022a89d3ec90 code [0x0000022a89d3eea0, 0x0000022a89d3f210]
Event: 71472.918 Thread 0x0000022aa3cf1000 10303       1       org.springframework.jdbc.datasource.DataSourceUtils::doReleaseConnection (50 bytes)
Event: 71472.919 Thread 0x0000022aa3cf1000 nmethod 10303 0x0000022a89d3f510 code [0x0000022a89d3f740, 0x0000022a89d3fb90]
Event: 71775.860 Thread 0x0000022aa3cf1000 10304       1       org.apache.ibatis.executor.ErrorContext::resource (7 bytes)
Event: 71775.860 Thread 0x0000022aa3cf1000 nmethod 10304 0x0000022a89d3fe10 code [0x0000022a89d3ffc0, 0x0000022a89d40138]
Event: 72078.332 Thread 0x0000022aa3cf1000 10305   !   1       com.alibaba.druid.pool.DruidDataSource::init (1082 bytes)
Event: 72078.352 Thread 0x0000022aa3cf1000 nmethod 10305 0x0000022a89d40190 code [0x0000022a89d409e0, 0x0000022a89d45850]
Event: 72078.352 Thread 0x0000022aa3cf1000 10306       1       com.alibaba.druid.sql.parser.Lexer::scanString (230 bytes)
Event: 72078.355 Thread 0x0000022aa3cf1000 nmethod 10306 0x0000022a89d49010 code [0x0000022a89d49280, 0x0000022a89d49c10]

GC Heap History (10 events):
Event: 8.784 GC heap before
{Heap before GC invocations=12 (full 0):
 garbage-first heap   total 312320K, used 209392K [0x0000000702000000, 0x0000000800000000)
  region size 1024K, 183 young (187392K), 19 survivors (19456K)
 Metaspace       used 61408K, capacity 62388K, committed 62408K, reserved 1103872K
  class space    used 7361K, capacity 7737K, committed 7756K, reserved 1048576K
}
Event: 8.798 GC heap after
{Heap after GC invocations=13 (full 0):
 garbage-first heap   total 312320K, used 49925K [0x0000000702000000, 0x0000000800000000)
  region size 1024K, 20 young (20480K), 20 survivors (20480K)
 Metaspace       used 61408K, capacity 62388K, committed 62408K, reserved 1103872K
  class space    used 7361K, capacity 7737K, committed 7756K, reserved 1048576K
}
Event: 9.807 GC heap before
{Heap before GC invocations=13 (full 0):
 garbage-first heap   total 312320K, used 216837K [0x0000000702000000, 0x0000000800000000)
  region size 1024K, 183 young (187392K), 20 survivors (20480K)
 Metaspace       used 62869K, capacity 63918K, committed 64200K, reserved 1105920K
  class space    used 7530K, capacity 7915K, committed 8012K, reserved 1048576K
}
Event: 9.820 GC heap after
{Heap after GC invocations=14 (full 0):
 garbage-first heap   total 312320K, used 57506K [0x0000000702000000, 0x0000000800000000)
  region size 1024K, 17 young (17408K), 17 survivors (17408K)
 Metaspace       used 62869K, capacity 63918K, committed 64200K, reserved 1105920K
  class space    used 7530K, capacity 7915K, committed 8012K, reserved 1048576K
}
Event: 17.432 GC heap before
{Heap before GC invocations=14 (full 0):
 garbage-first heap   total 312320K, used 226466K [0x0000000702000000, 0x0000000800000000)
  region size 1024K, 183 young (187392K), 17 survivors (17408K)
 Metaspace       used 66685K, capacity 67793K, committed 68040K, reserved 1110016K
  class space    used 8003K, capacity 8423K, committed 8524K, reserved 1048576K
}
Event: 17.447 GC heap after
{Heap after GC invocations=15 (full 0):
 garbage-first heap   total 374784K, used 61014K [0x0000000702000000, 0x0000000800000000)
  region size 1024K, 13 young (13312K), 13 survivors (13312K)
 Metaspace       used 66685K, capacity 67793K, committed 68040K, reserved 1110016K
  class space    used 8003K, capacity 8423K, committed 8524K, reserved 1048576K
}
Event: 21159.383 GC heap before
{Heap before GC invocations=15 (full 0):
 garbage-first heap   total 374784K, used 270934K [0x0000000702000000, 0x0000000800000000)
  region size 1024K, 219 young (224256K), 13 survivors (13312K)
 Metaspace       used 69907K, capacity 71187K, committed 71496K, reserved 1112064K
  class space    used 8371K, capacity 8835K, committed 8908K, reserved 1048576K
}
Event: 21159.473 GC heap after
{Heap after GC invocations=16 (full 0):
 garbage-first heap   total 374784K, used 68709K [0x0000000702000000, 0x0000000800000000)
  region size 1024K, 20 young (20480K), 20 survivors (20480K)
 Metaspace       used 69907K, capacity 71187K, committed 71496K, reserved 1112064K
  class space    used 8371K, capacity 8835K, committed 8908K, reserved 1048576K
}
Event: 46670.002 GC heap before
{Heap before GC invocations=16 (full 0):
 garbage-first heap   total 374784K, used 271461K [0x0000000702000000, 0x0000000800000000)
  region size 1024K, 219 young (224256K), 20 survivors (20480K)
 Metaspace       used 69908K, capacity 71187K, committed 71496K, reserved 1112064K
  class space    used 8371K, capacity 8835K, committed 8908K, reserved 1048576K
}
Event: 46670.096 GC heap after
{Heap after GC invocations=17 (full 0):
 garbage-first heap   total 374784K, used 71445K [0x0000000702000000, 0x0000000800000000)
  region size 1024K, 17 young (17408K), 17 survivors (17408K)
 Metaspace       used 69908K, capacity 71187K, committed 71496K, reserved 1112064K
  class space    used 8371K, capacity 8835K, committed 8908K, reserved 1048576K
}

Deoptimization events (0 events):
No events

Classes redefined (0 events):
No events

Internal exceptions (10 events):
Event: 72200.535 Thread 0x0000022aa7e10000 Exception <a 'java/net/SocketTimeoutException'{0x000000070c831350}: Read timed out> (0x000000070c831350) thrown at [t:/workspace/open/src/hotspot/share/prims/jni.cpp, line 636]
Event: 72220.543 Thread 0x0000022aa7e10000 Exception <a 'java/net/SocketTimeoutException'{0x000000070c849de8}: Read timed out> (0x000000070c849de8) thrown at [t:/workspace/open/src/hotspot/share/prims/jni.cpp, line 636]
Event: 72222.371 Thread 0x0000022aa7e0b000 Exception <a 'java/net/SocketTimeoutException'{0x000000070cad6ce8}: Read timed out> (0x000000070cad6ce8) thrown at [t:/workspace/open/src/hotspot/share/prims/jni.cpp, line 636]
Event: 72230.547 Thread 0x0000022aa7e10000 Exception <a 'java/net/SocketTimeoutException'{0x000000070c852f10}: Read timed out> (0x000000070c852f10) thrown at [t:/workspace/open/src/hotspot/share/prims/jni.cpp, line 636]
Event: 72250.552 Thread 0x0000022aa7e10000 Exception <a 'java/net/SocketTimeoutException'{0x000000070c86b9a8}: Read timed out> (0x000000070c86b9a8) thrown at [t:/workspace/open/src/hotspot/share/prims/jni.cpp, line 636]
Event: 72252.375 Thread 0x0000022aa7e0b000 Exception <a 'java/net/SocketTimeoutException'{0x000000070cae1500}: Read timed out> (0x000000070cae1500) thrown at [t:/workspace/open/src/hotspot/share/prims/jni.cpp, line 636]
Event: 72260.555 Thread 0x0000022aa7e10000 Exception <a 'java/net/SocketTimeoutException'{0x000000070c874ad0}: Read timed out> (0x000000070c874ad0) thrown at [t:/workspace/open/src/hotspot/share/prims/jni.cpp, line 636]
Event: 72280.563 Thread 0x0000022aa7e10000 Exception <a 'java/net/SocketTimeoutException'{0x000000070c88f008}: Read timed out> (0x000000070c88f008) thrown at [t:/workspace/open/src/hotspot/share/prims/jni.cpp, line 636]
Event: 72282.379 Thread 0x0000022aa7e0b000 Exception <a 'java/net/SocketTimeoutException'{0x000000070caebd18}: Read timed out> (0x000000070caebd18) thrown at [t:/workspace/open/src/hotspot/share/prims/jni.cpp, line 636]
Event: 72290.567 Thread 0x0000022aa7e10000 Exception <a 'java/net/SocketTimeoutException'{0x000000070c898130}: Read timed out> (0x000000070c898130) thrown at [t:/workspace/open/src/hotspot/share/prims/jni.cpp, line 636]

Events (10 events):
Event: 72290.567 Thread 0x0000022aa7e10000 DEOPT UNPACKING pc=0x0000022a8828d6ce sp=0x00000076895fc108 mode 1
Event: 72290.567 Thread 0x0000022aa7e10000 DEOPT PACKING pc=0x0000022a895b47ac sp=0x00000076895fcd70
Event: 72290.567 Thread 0x0000022aa7e10000 DEOPT UNPACKING pc=0x0000022a8828d6ce sp=0x00000076895fc228 mode 1
Event: 72290.567 Thread 0x0000022aa7e10000 DEOPT PACKING pc=0x0000022a89920c1c sp=0x00000076895fcde0
Event: 72290.567 Thread 0x0000022aa7e10000 DEOPT UNPACKING pc=0x0000022a8828d6ce sp=0x00000076895fc2b8 mode 1
Event: 72290.567 Thread 0x0000022aa7e10000 DEOPT PACKING pc=0x0000022a899d1db4 sp=0x00000076895fce70
Event: 72290.567 Thread 0x0000022aa7e10000 DEOPT UNPACKING pc=0x0000022a8828d6ce sp=0x00000076895fc2b8 mode 1
Event: 72290.567 Thread 0x0000022aa7e10000 DEOPT PACKING pc=0x0000022a899d1364 sp=0x00000076895fcee0
Event: 72290.567 Thread 0x0000022aa7e10000 DEOPT UNPACKING pc=0x0000022a8828d6ce sp=0x00000076895fc398 mode 1
Event: 72300.244 Executing VM operation: BulkRevokeBias


Dynamic libraries:
0x00007ff635470000 - 0x00007ff6354b7000 	E:\develop\JDK11\bin\java.exe
0x00007ffb29290000 - 0x00007ffb29470000 	C:\Windows\SYSTEM32\ntdll.dll
0x00007ffb26d00000 - 0x00007ffb26dae000 	C:\Windows\System32\KERNEL32.DLL
0x00007ffb26080000 - 0x00007ffb262e6000 	C:\Windows\System32\KERNELBASE.dll
0x00007ffb28a90000 - 0x00007ffb28b31000 	C:\Windows\System32\ADVAPI32.dll
0x00007ffb28b40000 - 0x00007ffb28bdd000 	C:\Windows\System32\msvcrt.dll
0x00007ffb28be0000 - 0x00007ffb28c3b000 	C:\Windows\System32\sechost.dll
0x00007ffb26db0000 - 0x00007ffb26ecf000 	C:\Windows\System32\RPCRT4.dll
0x00007ffb28720000 - 0x00007ffb288af000 	C:\Windows\System32\USER32.dll
0x00007ffb26740000 - 0x00007ffb26760000 	C:\Windows\System32\win32u.dll
0x00007ffb26c30000 - 0x00007ffb26c58000 	C:\Windows\System32\GDI32.dll
0x00007ffb25ee0000 - 0x00007ffb26073000 	C:\Windows\System32\gdi32full.dll
0x00007ffb25de0000 - 0x00007ffb25e7b000 	C:\Windows\System32\msvcp_win.dll
0x00007ffb26640000 - 0x00007ffb26735000 	C:\Windows\System32\ucrtbase.dll
0x00007ffb19e90000 - 0x00007ffb1a0f9000 	C:\Windows\WinSxS\amd64_microsoft.windows.common-controls_6595b64144ccf1df_6.0.16299.726_none_15ccdb369361144a\COMCTL32.dll
0x00007ffb216d0000 - 0x00007ffb216da000 	C:\Windows\SYSTEM32\VERSION.dll
0x00007ffb26920000 - 0x00007ffb26c27000 	C:\Windows\System32\combase.dll
0x00007ffb262f0000 - 0x00007ffb26362000 	C:\Windows\System32\bcryptPrimitives.dll
0x00007ffb289e0000 - 0x00007ffb28a0d000 	C:\Windows\System32\IMM32.DLL
0x00007ffb1f8a0000 - 0x00007ffb1f8b6000 	E:\develop\JDK11\bin\vcruntime140.dll
0x00007ffafc970000 - 0x00007ffafca1a000 	E:\develop\JDK11\bin\msvcp140.dll
0x00007ffafaff0000 - 0x00007ffafbb32000 	E:\develop\JDK11\bin\server\jvm.dll
0x00007ffb26c60000 - 0x00007ffb26c68000 	C:\Windows\System32\PSAPI.DLL
0x00007ffb171f0000 - 0x00007ffb171f9000 	C:\Windows\SYSTEM32\WSOCK32.dll
0x00007ffb23860000 - 0x00007ffb23883000 	C:\Windows\SYSTEM32\WINMM.dll
0x0000022aff220000 - 0x0000022aff28c000 	C:\Windows\System32\ws2_32.DLL
0x00007ffb23830000 - 0x00007ffb2385a000 	C:\Windows\SYSTEM32\WINMMBASE.dll
0x00007ffb26540000 - 0x00007ffb2658a000 	C:\Windows\System32\cfgmgr32.dll
0x00007ffb25600000 - 0x00007ffb25611000 	C:\Windows\System32\kernel.appcore.dll
0x00007ffb1f880000 - 0x00007ffb1f891000 	E:\develop\JDK11\bin\verify.dll
0x00007ffb17d00000 - 0x00007ffb17ec8000 	C:\Windows\SYSTEM32\DBGHELP.DLL
0x00007ffb17fb0000 - 0x00007ffb17fd9000 	C:\Windows\SYSTEM32\dbgcore.DLL
0x00007ffb1f710000 - 0x00007ffb1f739000 	E:\develop\JDK11\bin\java.dll
0x00007ffb13c60000 - 0x00007ffb13c97000 	E:\develop\JDK11\bin\jdwp.dll
0x00007ffb1e900000 - 0x00007ffb1e92f000 	E:\develop\JDK11\bin\instrument.dll
0x00007ffb1ef00000 - 0x00007ffb1ef16000 	E:\develop\JDK11\bin\zip.dll
0x00007ffb23820000 - 0x00007ffb2382a000 	E:\develop\JDK11\bin\jimage.dll
0x00007ffb27170000 - 0x00007ffb285a8000 	C:\Windows\System32\SHELL32.dll
0x00007ffb26870000 - 0x00007ffb26916000 	C:\Windows\System32\shcore.dll
0x00007ffb25690000 - 0x00007ffb25dd7000 	C:\Windows\System32\windows.storage.dll
0x00007ffb27110000 - 0x00007ffb27161000 	C:\Windows\System32\shlwapi.dll
0x00007ffb25640000 - 0x00007ffb2568c000 	C:\Windows\System32\powrprof.dll
0x00007ffb255e0000 - 0x00007ffb255fb000 	C:\Windows\System32\profapi.dll
0x00007ffb23750000 - 0x00007ffb2375a000 	E:\develop\JDK11\bin\dt_socket.dll
0x00007ffb24e10000 - 0x00007ffb24e76000 	C:\Windows\system32\mswsock.dll
0x00007ffb1eee0000 - 0x00007ffb1eef9000 	E:\develop\JDK11\bin\net.dll
0x00007ffb20ef0000 - 0x00007ffb20fce000 	C:\Windows\SYSTEM32\WINHTTP.dll
0x00007ffb1ed40000 - 0x00007ffb1ed53000 	E:\develop\JDK11\bin\nio.dll
0x00007ffb225f0000 - 0x00007ffb225f9000 	E:\develop\JDK11\bin\management.dll
0x00007ffb1f700000 - 0x00007ffb1f70c000 	E:\develop\JDK11\bin\management_ext.dll
0x00007ffaff390000 - 0x00007ffaff3a6000 	C:\Windows\system32\napinsp.dll
0x00007ffb03170000 - 0x00007ffb0318a000 	C:\Windows\system32\pnrpnsp.dll
0x00007ffb222a0000 - 0x00007ffb222b8000 	C:\Windows\system32\NLAapi.dll
0x00007ffb24be0000 - 0x00007ffb24c96000 	C:\Windows\SYSTEM32\DNSAPI.dll
0x00007ffb29250000 - 0x00007ffb29258000 	C:\Windows\System32\NSI.dll
0x00007ffb24ba0000 - 0x00007ffb24bd9000 	C:\Windows\SYSTEM32\IPHLPAPI.DLL
0x00007ffb0c5e0000 - 0x00007ffb0c5ee000 	C:\Windows\System32\winrnr.dll
0x00007ffb1efd0000 - 0x00007ffb1efda000 	C:\Windows\System32\rasadhlp.dll
0x00007ffb1f4f0000 - 0x00007ffb1f560000 	C:\Windows\System32\fwpuclnt.dll
0x00007ffb250e0000 - 0x00007ffb25105000 	C:\Windows\SYSTEM32\bcrypt.dll
0x00007ffb24fd0000 - 0x00007ffb24fe7000 	C:\Windows\SYSTEM32\CRYPTSP.dll
0x00007ffb24a10000 - 0x00007ffb24a43000 	C:\Windows\system32\rsaenh.dll
0x00007ffb254e0000 - 0x00007ffb25509000 	C:\Windows\SYSTEM32\USERENV.dll
0x00007ffb24ff0000 - 0x00007ffb24ffb000 	C:\Windows\SYSTEM32\CRYPTBASE.dll
0x00007ffb20630000 - 0x00007ffb20646000 	C:\Windows\SYSTEM32\dhcpcsvc6.DLL
0x00007ffb20610000 - 0x00007ffb2062a000 	C:\Windows\SYSTEM32\dhcpcsvc.DLL
0x00007ffb18580000 - 0x00007ffb185a7000 	E:\develop\JDK11\bin\sunec.dll

dbghelp: loaded successfully - version: 4.0.5 - missing functions: none
symbol engine: initialized successfully - sym options: 0x614 - pdb path: .;E:\develop\JDK11\bin;C:\Windows\SYSTEM32;C:\Windows\WinSxS\amd64_microsoft.windows.common-controls_6595b64144ccf1df_6.0.16299.726_none_15ccdb369361144a;E:\develop\JDK11\bin\server

VM Arguments:
jvm_args: -agentlib:jdwp=transport=dt_socket,address=127.0.0.1:58554,suspend=y,server=n -XX:TieredStopAtLevel=1 -Xverify:none -Dspring.output.ansi.enabled=always -Dcom.sun.management.jmxremote -Dcom.sun.management.jmxremote.port=58553 -Dcom.sun.management.jmxremote.authenticate=false -Dcom.sun.management.jmxremote.ssl=false -Djava.rmi.server.hostname=localhost -Dspring.liveBeansView.mbeanDomain -Dspring.application.admin.enabled=true -javaagent:C:\Users\chen\.IntelliJIdea2018.2\system\captureAgent\debugger-agent.jar=file:/C:/Users/chen/AppData/Local/Temp/capture11508.props -Dfile.encoding=UTF-8 
java_command: yhao.micro.service.workflow.WorkFlowApplication
java_class_path (initial): E:\workSpance-wantong\micro-services\workflow\service-surety-workflow\target\classes;E:\develop\maven\Repository\org\springframework\boot\spring-boot\1.5.13.RELEASE\spring-boot-1.5.13.RELEASE.jar;E:\develop\maven\Repository\org\springframework\spring-context\4.3.18.RELEASE\spring-context-4.3.18.RELEASE.jar;E:\develop\maven\Repository\org\springframework\spring-expression\4.3.18.RELEASE\spring-expression-4.3.18.RELEASE.jar;E:\develop\maven\Repository\org\springframework\boot\spring-boot-autoconfigure\1.5.13.RELEASE\spring-boot-autoconfigure-1.5.13.RELEASE.jar;E:\develop\maven\Repository\org\slf4j\slf4j-api\1.7.25\slf4j-api-1.7.25.jar;E:\develop\maven\Repository\org\springframework\spring-core\4.3.17.RELEASE\spring-core-4.3.17.RELEASE.jar;E:\workSpance-wantong\micro-services\workflow\service-surety-workflow-apilist\target\classes;E:\develop\maven\Repository\yhao\infra\infra-apilist-base\1.1.0-SNAPSHOT\infra-apilist-base-1.1.0-20181205.020713-9.jar;E:\develop\maven\Repository\org\hibernate\hibernate-validator\5.3.6.Final\hibernate-validator-5.3.6.Final.jar;E:\develop\maven\Repository\javax\validation\validation-api\1.1.0.Final\validation-api-1.1.0.Final.jar;E:\develop\maven\Repository\org\jboss\logging\jboss-logging\3.3.2.Final\jboss-logging-3.3.2.Final.jar;E:\develop\maven\Repository\com\fasterxml\classmate\1.3.4\classmate-1.3.4.jar;E:\develop\maven\Repository\org\springframework\boot\spring-boot-starter-web\1.5.13.RELEASE\spring-boot-starter-web-1.5.13.RELEASE.jar;E:\develop\maven\Repository\org\springframework\boot\spring-boot-starter-tomcat\1.5.13.RELEASE\spring-boot-starter-tomcat-1.5.13.RELEASE.jar;E:\develop\maven\Repository\org\apache\tomcat\embed\tomcat-embed-core\8.5.31\tomcat-embed-core-8.5.31.jar;E:\develop\maven\Repository\org\apache\tomcat\tomcat-annotations-api\8.5.31\tomcat-annotations-api-8.5.31.jar;E:\develop\maven\Repository\org\apache\tomcat\embed\tomcat-embed-el\8.5.31\tomcat-embed-el-8.5.31.jar;E:\develop\maven\Reposit
Launcher Type: SUN_STANDARD

[Global flags]
     bool BytecodeVerificationLocal                = false                                     {product} {command line}
     bool BytecodeVerificationRemote               = false                                     {product} {command line}
     intx CICompilerCount                          = 4                                         {product} {ergonomic}
     uint ConcGCThreads                            = 2                                         {product} {ergonomic}
     uint G1ConcRefinementThreads                  = 8                                         {product} {ergonomic}
   size_t G1HeapRegionSize                         = 1048576                                   {product} {ergonomic}
    uintx GCDrainStackTargetSize                   = 64                                        {product} {ergonomic}
   size_t InitialHeapSize                          = 266338304                                 {product} {ergonomic}
     bool ManagementServer                         = true                                      {product} {command line}
   size_t MarkStackSize                            = 4194304                                   {product} {ergonomic}
   size_t MaxHeapSize                              = 4261412864                                {product} {ergonomic}
   size_t MaxNewSize                               = 2556428288                                {product} {ergonomic}
   size_t MinHeapDeltaBytes                        = 1048576                                   {product} {ergonomic}
    uintx NonNMethodCodeHeapSize                   = 7549744                                {pd product} {ergonomic}
    uintx NonProfiledCodeHeapSize                  = 244108496                              {pd product} {ergonomic}
    uintx ProfiledCodeHeapSize                     = 0                                      {pd product} {ergonomic}
    uintx ReservedCodeCacheSize                    = 251658240                              {pd product} {ergonomic}
     bool SegmentedCodeCache                       = true                                      {product} {ergonomic}
     intx TieredStopAtLevel                        = 1                                         {product} {command line}
     bool UseCompressedClassPointers               = true                                 {lp64_product} {ergonomic}
     bool UseCompressedOops                        = true                                 {lp64_product} {ergonomic}
     bool UseG1GC                                  = true                                      {product} {ergonomic}
     bool UseLargePagesIndividualAllocation        = false                                  {pd product} {ergonomic}

Logging:
Log output configuration:
 #0: stdout all=warning uptime,level,tags
 #1: stderr all=off uptime,level,tags

Environment Variables:
JAVA_HOME=E:\develop\JDK8
PATH=E:\develop\JDK8\bin;C:\Program Files (x86)\Common Files\Oracle\Java\javapath;C:\Windows\system32;C:\Windows;C:\Windows\System32\Wbem;C:\Windows\System32\WindowsPowerShell\v1.0\;E:\develop\maven\apache-maven-3.5.4\bin;E:\develop\SVN\install\bin;E:\develop\Git\install\cmd;C:\Users\chen\AppData\Local\Microsoft\WindowsApps;
USERNAME=chen
OS=Windows_NT
PROCESSOR_IDENTIFIER=Intel64 Family 6 Model 158 Stepping 9, GenuineIntel



---------------  S Y S T E M  ---------------

OS: Windows 10 , 64 bit Build 16299 (10.0.16299.431)

CPU:total 8 (initial active 8) (4 cores per cpu, 2 threads per core) family 6 model 158 stepping 9, cmov, cx8, fxsr, mmx, sse, sse2, sse3, ssse3, sse4.1, sse4.2, popcnt, avx, avx2, aes, clmul, erms, rtm, 3dnowpref, lzcnt, ht, tsc, tscinvbit, bmi1, bmi2, adx, fma

Memory: 4k page, system-wide physical 16254M (3742M free)
TotalPageFile size 27427M (AvailPageFile size 4M)
current process WorkingSet (physical memory assigned to process): 283M, peak: 467M
current process commit charge ("private bytes"): 588M, peak: 589M

vm_info: Java HotSpot(TM) 64-Bit Server VM (11.0.1+13-LTS) for windows-amd64 JRE (11.0.1+13-LTS), built on Oct  6 2018 13:20:16 by "mach5one" with MS VC++ 15.5 (VS2017)

END.
